2025-03-30 12:52:11,652 - INFO - Testing email scraping for link: https://scholar.google.com/citations?user=KreqRjAAAAAJ&hl=en
2025-03-30 12:52:31,375 - INFO - Found emails: ['vaneshieh@gmail.com']
2025-03-30 12:53:30,631 - INFO - Testing email scraping for link: https://scholar.google.com/citations?user=KreqRjAAAAAJ&hl=en
2025-03-30 12:53:49,787 - INFO - Found emails: ['vaneshieh@gmail.com']
2025-03-30 12:54:49,216 - INFO - Testing email scraping for link: https://scholar.google.com/citations?user=aiHz0J4AAAAJ&hl=en
2025-03-30 12:55:20,618 - INFO - Found emails: ['y.bart@northeastern.edu', 'w.m.vandolen@uva.nl', 'gijsovergoor@gmail.com', 'k.pauwels@northeastern.edu', 'wmrand@ncsu.edu']
2025-03-30 12:56:38,327 - INFO - Starting email scraping process...
2025-03-30 12:56:38,327 - INFO - Starting email scraping process for CSV: filled/vaneshieh@gmail.com/citation_info.csv
2025-03-30 12:56:38,329 - INFO - Found 35 total entries in CSV
2025-03-30 12:56:38,330 - INFO - Found 32 valid entries with Google Scholar links
2025-03-30 12:56:38,338 - INFO - Scraping email for Ralf Schmaelzle (SHMAL-ts-lee) (https://scholar.google.com/citations?user=3VOu6oIAAAAJ&hl=en)
2025-03-30 12:56:47,850 - WARNING - No email found for Ralf Schmaelzle (SHMAL-ts-lee)
2025-03-30 12:56:47,851 - INFO - Scraping email for Visal Vidhya (https://scholar.google.com/citations?user=U7MtvlkAAAAJ&hl=en)
2025-03-30 12:57:02,300 - WARNING - No email found for Visal Vidhya
2025-03-30 12:57:02,301 - INFO - Scraping email for Wen Xie (https://scholar.google.com/citations?user=KreqRjAAAAAJ&hl=en)
2025-03-30 12:57:24,493 - INFO - Found email for Wen Xie: vaneshieh@gmail.com
2025-03-30 12:57:24,494 - INFO - Scraping email for Brian C. Britt (https://scholar.google.com/citations?user=usilIkEAAAAJ&hl=en)
2025-03-30 12:57:38,815 - WARNING - No email found for Brian C. Britt
2025-03-30 12:57:38,816 - INFO - Scraping email for Diego Resende Faria (https://scholar.google.com/citations?user=t_ZRN_MAAAAJ&hl=en)
2025-03-30 12:57:53,719 - WARNING - No email found for Diego Resende Faria
2025-03-30 12:57:53,720 - INFO - Scraping email for Gokhan Yildirim (https://scholar.google.com/citations?user=iTD-XAsAAAAJ&hl=en)
2025-03-30 12:58:08,281 - WARNING - No email found for Gokhan Yildirim
2025-03-30 12:58:08,283 - INFO - Scraping email for Yanjun Zhu (https://scholar.google.com/citations?user=lTUM3B0AAAAJ&hl=en)
2025-03-30 12:58:16,363 - INFO - Found email for Yanjun Zhu: ya.zhu@northeastern.edu
2025-03-30 12:58:16,363 - INFO - Scraping email for Maria Kehayova-Stoycheva (https://scholar.google.com/citations?user=96Ymf4MAAAAJ&hl=en)
2025-03-30 12:58:30,711 - WARNING - No email found for Maria Kehayova-Stoycheva
2025-03-30 12:58:30,712 - INFO - Scraping email for Claire M Segijn (https://scholar.google.com/citations?user=Snt5NVcAAAAJ&hl=en)
2025-03-30 12:58:56,291 - INFO - Found email for Claire M Segijn: segijn@umn.edu
2025-03-30 12:58:56,292 - INFO - Scraping email for Hilla Back (https://scholar.google.com/citations?user=KDMstQUAAAAJ&hl=en)
2025-03-30 12:59:04,893 - WARNING - No email found for Hilla Back
2025-03-30 12:59:04,893 - INFO - Scraping email for Pallavi Upadhyaya (https://scholar.google.com/citations?user=y2bwlVsAAAAJ&hl=en)
2025-03-30 12:59:18,183 - WARNING - No email found for Pallavi Upadhyaya
2025-03-30 12:59:18,184 - INFO - Scraping email for Sarah Ostadabbas (https://scholar.google.com/citations?user=zBeOc3AAAAAJ&hl=en)
2025-03-30 13:00:00,045 - INFO - Found email for Sarah Ostadabbas: aclabdata@northeastern.edu
2025-03-30 13:00:00,046 - INFO - Scraping email for Philipp Back (https://scholar.google.com/citations?user=udN_jkQAAAAJ&hl=en)
2025-03-30 13:00:12,160 - WARNING - No email found for Philipp Back
2025-03-30 13:00:12,161 - INFO - Scraping email for Diego Resende Faria (https://scholar.google.com/citations?user=t_ZRN_MAAAAJ&hl=en)
2025-03-30 13:00:26,789 - WARNING - No email found for Diego Resende Faria
2025-03-30 13:00:26,791 - INFO - Scraping email for Maria Kehayova-Stoycheva (https://scholar.google.com/citations?user=96Ymf4MAAAAJ&hl=en)
2025-03-30 13:00:41,256 - WARNING - No email found for Maria Kehayova-Stoycheva
2025-03-30 13:00:41,257 - INFO - Scraping email for Glenna L. Read (https://scholar.google.com/citations?user=QeLQ0bIAAAAJ&hl=en)
2025-03-30 13:00:55,997 - WARNING - No email found for Glenna L. Read
2025-03-30 13:00:55,999 - INFO - Scraping email for Jameson Hayes, Ph.D. (https://scholar.google.com/citations?user=mT-MOpsAAAAJ&hl=en)
2025-03-30 13:01:10,686 - WARNING - No email found for Jameson Hayes, Ph.D.
2025-03-30 13:01:10,686 - INFO - Scraping email for Visal Vidhya (https://scholar.google.com/citations?user=U7MtvlkAAAAJ&hl=en)
2025-03-30 13:01:25,258 - WARNING - No email found for Visal Vidhya
2025-03-30 13:01:25,259 - INFO - Scraping email for Eunah Kim (https://scholar.google.com/citations?user=KjZhTeYAAAAJ&hl=en)
2025-03-30 13:01:39,492 - WARNING - No email found for Eunah Kim
2025-03-30 13:01:39,493 - INFO - Scraping email for Yakov Bart (https://scholar.google.com/citations?user=OyysmJgAAAAJ&hl=en)
2025-03-30 13:01:49,377 - INFO - Found email for Yakov Bart: y.bart@northeastern.edu
2025-03-30 13:01:49,378 - INFO - Scraping email for Luan Lingfei (https://scholar.google.com/citations?user=3SYkffsAAAAJ&hl=en)
2025-03-30 13:02:03,981 - WARNING - No email found for Luan Lingfei
2025-03-30 13:02:03,982 - INFO - Scraping email for Adrian Micu (https://scholar.google.com/citations?user=2TixxoAAAAAJ&hl=en)
2025-03-30 13:02:18,678 - WARNING - No email found for Adrian Micu
2025-03-30 13:02:18,679 - INFO - Scraping email for Gijs Overgoor (https://scholar.google.com/citations?user=aiHz0J4AAAAJ&hl=en)
2025-03-30 13:02:52,502 - INFO - Found email for Gijs Overgoor: gijsovergoor@gmail.com
2025-03-30 13:02:52,503 - INFO - Scraping email for Koen Pauwels (https://scholar.google.com/citations?user=QU5kJ4kAAAAJ&hl=en)
2025-03-30 13:03:01,884 - WARNING - No email found for Koen Pauwels
2025-03-30 13:03:01,885 - INFO - Scraping email for Brian C. Britt (https://scholar.google.com/citations?user=usilIkEAAAAJ&hl=en)
2025-03-30 13:03:16,248 - WARNING - No email found for Brian C. Britt
2025-03-30 13:03:16,249 - INFO - Scraping email for Garim Lee (https://scholar.google.com/citations?user=mquQJrkAAAAJ&hl=en)
2025-03-30 13:03:35,961 - INFO - Found email for Garim Lee: garilee@iu.edu
2025-03-30 13:03:35,962 - INFO - Scraping email for Steven Holiday (https://scholar.google.com/citations?user=wZbeCq0AAAAJ&hl=en)
2025-03-30 13:03:50,102 - WARNING - No email found for Steven Holiday
2025-03-30 13:03:50,104 - INFO - Scraping email for Ulla Hakala (https://scholar.google.com/citations?user=2xrCzWwAAAAJ&hl=en)
2025-03-30 13:04:01,473 - INFO - Found email for Ulla Hakala: ulla.hakala@utu.fi
2025-03-30 13:04:01,474 - INFO - Scraping email for Sue Yee Lim (https://scholar.google.com/citations?user=AGjKhRsAAAAJ&hl=en)
2025-03-30 13:04:16,053 - WARNING - No email found for Sue Yee Lim
2025-03-30 13:04:16,062 - INFO - Updated CSV saved to: filled/vaneshieh@gmail.com/citation_info_with_emails.csv
2025-03-30 13:04:16,062 - INFO - Total unique profiles scraped: 8
2025-03-30 13:04:16,063 - INFO - Total emails found: 35 out of 32 valid entries
2025-04-11 21:29:26,751 - INFO - Updated CSV with ranks saved to: filled/vaneshieh@gmail.com/citation_info_with_emails_and_ranks.csv
2025-04-11 21:29:26,752 - INFO - Total entries with ranks found: 23 out of 35 entries
2025-04-11 21:34:18,629 - INFO - Updated CSV with ranks saved to: filled/vaneshieh@gmail.com/citation_info_with_emails_and_ranks.csv
2025-04-11 21:34:18,629 - INFO - Total entries with ranks found: 23 out of 35 entries
2025-04-27 22:14:48,193 - WARNING - file_cache is unavailable when using oauth2client >= 4.0.0 or google-auth
Traceback (most recent call last):
  File "/opt/homebrew/Caskroom/miniforge/base/lib/python3.9/site-packages/googleapiclient/discovery_cache/__init__.py", line 36, in autodetect
    from google.appengine.api import memcache
ModuleNotFoundError: No module named 'google.appengine'

During handling of the above exception, another exception occurred:

Traceback (most recent call last):
  File "/opt/homebrew/Caskroom/miniforge/base/lib/python3.9/site-packages/googleapiclient/discovery_cache/file_cache.py", line 33, in <module>
    from oauth2client.contrib.locked_file import LockedFile
ModuleNotFoundError: No module named 'oauth2client.contrib.locked_file'

During handling of the above exception, another exception occurred:

Traceback (most recent call last):
  File "/opt/homebrew/Caskroom/miniforge/base/lib/python3.9/site-packages/googleapiclient/discovery_cache/file_cache.py", line 37, in <module>
    from oauth2client.locked_file import LockedFile
ModuleNotFoundError: No module named 'oauth2client.locked_file'

During handling of the above exception, another exception occurred:

Traceback (most recent call last):
  File "/opt/homebrew/Caskroom/miniforge/base/lib/python3.9/site-packages/googleapiclient/discovery_cache/__init__.py", line 41, in autodetect
    from . import file_cache
  File "/opt/homebrew/Caskroom/miniforge/base/lib/python3.9/site-packages/googleapiclient/discovery_cache/file_cache.py", line 40, in <module>
    raise ImportError(
ImportError: file_cache is unavailable when using oauth2client >= 4.0.0 or google-auth
2025-04-27 22:14:48,194 - INFO - URL being requested: GET https://www.googleapis.com/discovery/v1/apis/sheets/v4/rest
2025-04-27 22:14:48,905 - INFO - URL being requested: GET https://sheets.googleapis.com/v4/spreadsheets/1uyWoU5V789Wtzk46Uawl6qGTRMHqO-KG?alt=json
2025-04-27 22:14:49,356 - ERROR - Error reading from Google Sheet: <HttpError 400 when requesting https://sheets.googleapis.com/v4/spreadsheets/1uyWoU5V789Wtzk46Uawl6qGTRMHqO-KG?alt=json returned "This operation is not supported for this document">
2025-04-27 22:14:49,356 - ERROR - Failed to load data from Google Scholar Sheet. Exiting.
2025-04-27 22:16:50,031 - WARNING - file_cache is unavailable when using oauth2client >= 4.0.0 or google-auth
Traceback (most recent call last):
  File "/opt/homebrew/Caskroom/miniforge/base/lib/python3.9/site-packages/googleapiclient/discovery_cache/__init__.py", line 36, in autodetect
    from google.appengine.api import memcache
ModuleNotFoundError: No module named 'google.appengine'

During handling of the above exception, another exception occurred:

Traceback (most recent call last):
  File "/opt/homebrew/Caskroom/miniforge/base/lib/python3.9/site-packages/googleapiclient/discovery_cache/file_cache.py", line 33, in <module>
    from oauth2client.contrib.locked_file import LockedFile
ModuleNotFoundError: No module named 'oauth2client.contrib.locked_file'

During handling of the above exception, another exception occurred:

Traceback (most recent call last):
  File "/opt/homebrew/Caskroom/miniforge/base/lib/python3.9/site-packages/googleapiclient/discovery_cache/file_cache.py", line 37, in <module>
    from oauth2client.locked_file import LockedFile
ModuleNotFoundError: No module named 'oauth2client.locked_file'

During handling of the above exception, another exception occurred:

Traceback (most recent call last):
  File "/opt/homebrew/Caskroom/miniforge/base/lib/python3.9/site-packages/googleapiclient/discovery_cache/__init__.py", line 41, in autodetect
    from . import file_cache
  File "/opt/homebrew/Caskroom/miniforge/base/lib/python3.9/site-packages/googleapiclient/discovery_cache/file_cache.py", line 40, in <module>
    raise ImportError(
ImportError: file_cache is unavailable when using oauth2client >= 4.0.0 or google-auth
2025-04-27 22:16:50,032 - INFO - URL being requested: GET https://www.googleapis.com/discovery/v1/apis/sheets/v4/rest
2025-04-27 22:16:50,684 - INFO - URL being requested: GET https://sheets.googleapis.com/v4/spreadsheets/1MLlEwKiCd06FXLN1uk0v22JRXIugU2YXrgzzjmnoJI0?alt=json
2025-04-27 22:16:51,139 - INFO - URL being requested: GET https://sheets.googleapis.com/v4/spreadsheets/1MLlEwKiCd06FXLN1uk0v22JRXIugU2YXrgzzjmnoJI0/values/Form%20Responses%201%21A%3AZZ?alt=json
2025-04-27 22:16:51,267 - INFO - Successfully accessed regular Google Sheet.
2025-04-27 22:16:51,309 - WARNING - file_cache is unavailable when using oauth2client >= 4.0.0 or google-auth
Traceback (most recent call last):
  File "/opt/homebrew/Caskroom/miniforge/base/lib/python3.9/site-packages/googleapiclient/discovery_cache/__init__.py", line 36, in autodetect
    from google.appengine.api import memcache
ModuleNotFoundError: No module named 'google.appengine'

During handling of the above exception, another exception occurred:

Traceback (most recent call last):
  File "/opt/homebrew/Caskroom/miniforge/base/lib/python3.9/site-packages/googleapiclient/discovery_cache/file_cache.py", line 33, in <module>
    from oauth2client.contrib.locked_file import LockedFile
ModuleNotFoundError: No module named 'oauth2client.contrib.locked_file'

During handling of the above exception, another exception occurred:

Traceback (most recent call last):
  File "/opt/homebrew/Caskroom/miniforge/base/lib/python3.9/site-packages/googleapiclient/discovery_cache/file_cache.py", line 37, in <module>
    from oauth2client.locked_file import LockedFile
ModuleNotFoundError: No module named 'oauth2client.locked_file'

During handling of the above exception, another exception occurred:

Traceback (most recent call last):
  File "/opt/homebrew/Caskroom/miniforge/base/lib/python3.9/site-packages/googleapiclient/discovery_cache/__init__.py", line 41, in autodetect
    from . import file_cache
  File "/opt/homebrew/Caskroom/miniforge/base/lib/python3.9/site-packages/googleapiclient/discovery_cache/file_cache.py", line 40, in <module>
    raise ImportError(
ImportError: file_cache is unavailable when using oauth2client >= 4.0.0 or google-auth
2025-04-27 22:16:51,309 - INFO - URL being requested: GET https://www.googleapis.com/discovery/v1/apis/sheets/v4/rest
2025-04-27 22:16:51,960 - INFO - URL being requested: GET https://sheets.googleapis.com/v4/spreadsheets/1uyWoU5V789Wtzk46Uawl6qGTRMHqO-KG?alt=json
2025-04-27 22:16:52,466 - ERROR - Error reading from Google Sheet: <HttpError 400 when requesting https://sheets.googleapis.com/v4/spreadsheets/1uyWoU5V789Wtzk46Uawl6qGTRMHqO-KG?alt=json returned "This operation is not supported for this document">
2025-04-27 22:16:52,467 - ERROR - Failed to load data from Google Scholar Sheet. Exiting.
2025-04-27 22:19:30,710 - WARNING - file_cache is unavailable when using oauth2client >= 4.0.0 or google-auth
Traceback (most recent call last):
  File "/opt/homebrew/Caskroom/miniforge/base/lib/python3.9/site-packages/googleapiclient/discovery_cache/__init__.py", line 36, in autodetect
    from google.appengine.api import memcache
ModuleNotFoundError: No module named 'google.appengine'

During handling of the above exception, another exception occurred:

Traceback (most recent call last):
  File "/opt/homebrew/Caskroom/miniforge/base/lib/python3.9/site-packages/googleapiclient/discovery_cache/file_cache.py", line 33, in <module>
    from oauth2client.contrib.locked_file import LockedFile
ModuleNotFoundError: No module named 'oauth2client.contrib.locked_file'

During handling of the above exception, another exception occurred:

Traceback (most recent call last):
  File "/opt/homebrew/Caskroom/miniforge/base/lib/python3.9/site-packages/googleapiclient/discovery_cache/file_cache.py", line 37, in <module>
    from oauth2client.locked_file import LockedFile
ModuleNotFoundError: No module named 'oauth2client.locked_file'

During handling of the above exception, another exception occurred:

Traceback (most recent call last):
  File "/opt/homebrew/Caskroom/miniforge/base/lib/python3.9/site-packages/googleapiclient/discovery_cache/__init__.py", line 41, in autodetect
    from . import file_cache
  File "/opt/homebrew/Caskroom/miniforge/base/lib/python3.9/site-packages/googleapiclient/discovery_cache/file_cache.py", line 40, in <module>
    raise ImportError(
ImportError: file_cache is unavailable when using oauth2client >= 4.0.0 or google-auth
2025-04-27 22:19:30,711 - INFO - URL being requested: GET https://www.googleapis.com/discovery/v1/apis/sheets/v4/rest
2025-04-27 22:19:31,187 - INFO - URL being requested: GET https://sheets.googleapis.com/v4/spreadsheets/1YXQ_kMOL-l7dERVB867suz7CE5YCAT1vZCEeoKgbqqU?alt=json
2025-04-27 22:19:31,646 - INFO - URL being requested: GET https://sheets.googleapis.com/v4/spreadsheets/1YXQ_kMOL-l7dERVB867suz7CE5YCAT1vZCEeoKgbqqU/values/Form%20Responses%201%21A%3AZZ?alt=json
2025-04-27 22:19:31,759 - INFO - Getting https://scholar.google.com/citations?hl=en&user=C-gAd7wAAAAJ&pagesize=100
2025-04-27 22:19:33,630 - INFO - HTTP Request: GET https://scholar.google.com/citations?hl=en&user=C-gAd7wAAAAJ&pagesize=100 "HTTP/1.1 200 OK"
2025-04-27 22:19:33,683 - INFO - Getting https://scholar.google.com/citations?hl=en&user=C-gAd7wAAAAJ&pagesize=100
2025-04-27 22:19:35,001 - INFO - HTTP Request: GET https://scholar.google.com/citations?hl=en&user=C-gAd7wAAAAJ&pagesize=100 "HTTP/1.1 200 OK"
2025-04-27 22:19:41,629 - INFO - Getting https://scholar.google.com/citations?hl=en&view_op=view_citation&citation_for_view=C-gAd7wAAAAJ:9yKSN-GCB0IC
2025-04-27 22:19:41,730 - INFO - Getting https://scholar.google.com/citations?hl=en&view_op=view_citation&citation_for_view=C-gAd7wAAAAJ:W7OEmFMy1HYC
2025-04-27 22:19:41,856 - INFO - Getting https://scholar.google.com/citations?hl=en&view_op=view_citation&citation_for_view=C-gAd7wAAAAJ:LkGwnXOMwfcC
2025-04-27 22:19:41,886 - INFO - Getting https://scholar.google.com/citations?hl=en&view_op=view_citation&citation_for_view=C-gAd7wAAAAJ:ufrVoPGSRksC
2025-04-27 22:19:41,959 - INFO - Getting https://scholar.google.com/citations?hl=en&view_op=view_citation&citation_for_view=C-gAd7wAAAAJ:2osOgNQ5qMEC
2025-04-27 22:19:42,844 - INFO - HTTP Request: GET https://scholar.google.com/citations?hl=en&view_op=view_citation&citation_for_view=C-gAd7wAAAAJ:9yKSN-GCB0IC "HTTP/1.1 200 OK"
2025-04-27 22:19:42,956 - INFO - HTTP Request: GET https://scholar.google.com/citations?hl=en&view_op=view_citation&citation_for_view=C-gAd7wAAAAJ:LkGwnXOMwfcC "HTTP/1.1 200 OK"
2025-04-27 22:19:43,112 - INFO - Getting https://scholar.google.com/citations?hl=en&view_op=view_citation&citation_for_view=C-gAd7wAAAAJ:roLk4NBRz8UC
2025-04-27 22:19:43,141 - INFO - HTTP Request: GET https://scholar.google.com/citations?hl=en&view_op=view_citation&citation_for_view=C-gAd7wAAAAJ:2osOgNQ5qMEC "HTTP/1.1 200 OK"
2025-04-27 22:19:43,160 - INFO - Getting https://scholar.google.com/citations?hl=en&view_op=view_citation&citation_for_view=C-gAd7wAAAAJ:Se3iqnhoufwC
2025-04-27 22:19:43,408 - INFO - Getting https://scholar.google.com/citations?hl=en&view_op=view_citation&citation_for_view=C-gAd7wAAAAJ:UeHWp8X0CEIC
2025-04-27 22:19:43,411 - INFO - HTTP Request: GET https://scholar.google.com/citations?hl=en&view_op=view_citation&citation_for_view=C-gAd7wAAAAJ:W7OEmFMy1HYC "HTTP/1.1 200 OK"
2025-04-27 22:19:43,421 - INFO - Getting https://scholar.google.com/citations?hl=en&view_op=view_citation&citation_for_view=C-gAd7wAAAAJ:u5HHmVD_uO8C
2025-04-27 22:19:43,569 - INFO - Getting https://scholar.google.com/citations?hl=en&view_op=view_citation&citation_for_view=C-gAd7wAAAAJ:IjCSPb-OGe4C
2025-04-27 22:19:43,659 - INFO - HTTP Request: GET https://scholar.google.com/citations?hl=en&view_op=view_citation&citation_for_view=C-gAd7wAAAAJ:ufrVoPGSRksC "HTTP/1.1 200 OK"
2025-04-27 22:19:43,692 - INFO - Getting https://scholar.google.com/citations?hl=en&view_op=view_citation&citation_for_view=C-gAd7wAAAAJ:zYLM7Y9cAGgC
2025-04-27 22:19:43,904 - INFO - Getting https://scholar.google.com/citations?hl=en&view_op=view_citation&citation_for_view=C-gAd7wAAAAJ:Y0pCki6q_DkC
2025-04-27 22:19:44,560 - INFO - Getting https://scholar.google.com/citations?hl=en&view_op=view_citation&citation_for_view=C-gAd7wAAAAJ:qjMakFHDy7sC
2025-04-27 22:19:44,656 - INFO - HTTP Request: GET https://scholar.google.com/citations?hl=en&view_op=view_citation&citation_for_view=C-gAd7wAAAAJ:roLk4NBRz8UC "HTTP/1.1 200 OK"
2025-04-27 22:19:44,862 - INFO - Getting https://scholar.google.com/citations?hl=en&view_op=view_citation&citation_for_view=C-gAd7wAAAAJ:WF5omc3nYNoC
2025-04-27 22:19:44,911 - INFO - Getting https://scholar.google.com/citations?hl=en&view_op=view_citation&citation_for_view=C-gAd7wAAAAJ:Tyk-4Ss8FVUC
2025-04-27 22:19:45,111 - INFO - HTTP Request: GET https://scholar.google.com/citations?hl=en&view_op=view_citation&citation_for_view=C-gAd7wAAAAJ:Se3iqnhoufwC "HTTP/1.1 200 OK"
2025-04-27 22:19:45,194 - INFO - HTTP Request: GET https://scholar.google.com/citations?hl=en&view_op=view_citation&citation_for_view=C-gAd7wAAAAJ:IjCSPb-OGe4C "HTTP/1.1 200 OK"
2025-04-27 22:19:45,366 - INFO - Getting https://scholar.google.com/citations?hl=en&view_op=view_citation&citation_for_view=C-gAd7wAAAAJ:eQOLeE2rZwMC
2025-04-27 22:19:45,398 - INFO - HTTP Request: GET https://scholar.google.com/citations?hl=en&view_op=view_citation&citation_for_view=C-gAd7wAAAAJ:UeHWp8X0CEIC "HTTP/1.1 200 OK"
2025-04-27 22:19:45,434 - INFO - HTTP Request: GET https://scholar.google.com/citations?hl=en&view_op=view_citation&citation_for_view=C-gAd7wAAAAJ:u5HHmVD_uO8C "HTTP/1.1 200 OK"
2025-04-27 22:19:45,465 - INFO - Getting https://scholar.google.com/citations?hl=en&view_op=view_citation&citation_for_view=C-gAd7wAAAAJ:YsMSGLbcyi4C
2025-04-27 22:19:45,466 - INFO - HTTP Request: GET https://scholar.google.com/citations?hl=en&view_op=view_citation&citation_for_view=C-gAd7wAAAAJ:zYLM7Y9cAGgC "HTTP/1.1 200 OK"
2025-04-27 22:19:45,851 - INFO - HTTP Request: GET https://scholar.google.com/citations?hl=en&view_op=view_citation&citation_for_view=C-gAd7wAAAAJ:Y0pCki6q_DkC "HTTP/1.1 200 OK"
2025-04-27 22:19:46,326 - INFO - HTTP Request: GET https://scholar.google.com/citations?hl=en&view_op=view_citation&citation_for_view=C-gAd7wAAAAJ:qjMakFHDy7sC "HTTP/1.1 200 OK"
2025-04-27 22:19:46,401 - INFO - HTTP Request: GET https://scholar.google.com/citations?hl=en&view_op=view_citation&citation_for_view=C-gAd7wAAAAJ:WF5omc3nYNoC "HTTP/1.1 200 OK"
2025-04-27 22:19:46,465 - INFO - Getting https://scholar.google.com/citations?hl=en&view_op=view_citation&citation_for_view=C-gAd7wAAAAJ:_FxGoFyzp5QC
2025-04-27 22:19:46,764 - INFO - HTTP Request: GET https://scholar.google.com/citations?hl=en&view_op=view_citation&citation_for_view=C-gAd7wAAAAJ:Tyk-4Ss8FVUC "HTTP/1.1 200 OK"
2025-04-27 22:19:47,089 - INFO - HTTP Request: GET https://scholar.google.com/citations?hl=en&view_op=view_citation&citation_for_view=C-gAd7wAAAAJ:YsMSGLbcyi4C "HTTP/1.1 200 OK"
2025-04-27 22:19:47,422 - INFO - HTTP Request: GET https://scholar.google.com/citations?hl=en&view_op=view_citation&citation_for_view=C-gAd7wAAAAJ:eQOLeE2rZwMC "HTTP/1.1 200 OK"
2025-04-27 22:19:48,543 - INFO - HTTP Request: GET https://scholar.google.com/citations?hl=en&view_op=view_citation&citation_for_view=C-gAd7wAAAAJ:_FxGoFyzp5QC "HTTP/1.1 200 OK"
2025-04-27 22:20:07,735 - INFO - Getting https://scholar.google.com/citations?hl=en&user=YcNE7WAAAAAJ&pagesize=100
2025-04-27 22:20:07,859 - INFO - Getting https://scholar.google.com/citations?hl=en&user=j8vhgpMAAAAJ&pagesize=100
2025-04-27 22:20:08,155 - INFO - Getting https://scholar.google.com/citations?hl=en&user=qzhTxy0AAAAJ&pagesize=100
2025-04-27 22:20:08,213 - INFO - Getting https://scholar.google.com/citations?hl=en&user=-3ezIfoAAAAJ&pagesize=100
2025-04-27 22:20:08,254 - INFO - Getting https://scholar.google.com/citations?hl=en&user=4GdXIfMAAAAJ&pagesize=100
2025-04-27 22:20:08,296 - INFO - Getting https://scholar.google.com/citations?hl=en&user=xAnmAwwAAAAJ&pagesize=100
2025-04-27 22:20:08,312 - INFO - Getting https://scholar.google.com/citations?hl=en&user=YGPQbLQAAAAJ&pagesize=100
2025-04-27 22:20:09,197 - INFO - Getting https://scholar.google.com/citations?hl=en&user=TyBgOgIAAAAJ&pagesize=100
2025-04-27 22:20:09,478 - INFO - Getting https://scholar.google.com/citations?hl=en&user=SH1Dg9UAAAAJ&pagesize=100
2025-04-27 22:20:09,508 - INFO - HTTP Request: GET https://scholar.google.com/citations?hl=en&user=YcNE7WAAAAAJ&pagesize=100 "HTTP/1.1 200 OK"
2025-04-27 22:20:09,616 - INFO - HTTP Request: GET https://scholar.google.com/citations?hl=en&user=-3ezIfoAAAAJ&pagesize=100 "HTTP/1.1 200 OK"
2025-04-27 22:20:09,663 - INFO - HTTP Request: GET https://scholar.google.com/citations?hl=en&user=j8vhgpMAAAAJ&pagesize=100 "HTTP/1.1 200 OK"
2025-04-27 22:20:09,680 - INFO - HTTP Request: GET https://scholar.google.com/citations?hl=en&user=qzhTxy0AAAAJ&pagesize=100 "HTTP/1.1 200 OK"
2025-04-27 22:20:09,929 - INFO - HTTP Request: GET https://scholar.google.com/citations?hl=en&user=xAnmAwwAAAAJ&pagesize=100 "HTTP/1.1 200 OK"
2025-04-27 22:20:10,213 - INFO - Getting https://scholar.google.com/citations?hl=en&user=CCYt0gMAAAAJ&pagesize=100
2025-04-27 22:20:10,353 - INFO - HTTP Request: GET https://scholar.google.com/citations?hl=en&user=YGPQbLQAAAAJ&pagesize=100 "HTTP/1.1 200 OK"
2025-04-27 22:20:10,362 - INFO - HTTP Request: GET https://scholar.google.com/citations?hl=en&user=4GdXIfMAAAAJ&pagesize=100 "HTTP/1.1 200 OK"
2025-04-27 22:20:10,516 - INFO - HTTP Request: GET https://scholar.google.com/citations?hl=en&user=TyBgOgIAAAAJ&pagesize=100 "HTTP/1.1 200 OK"
2025-04-27 22:20:10,615 - INFO - Getting https://scholar.google.com/citations?hl=en&user=_MWOGgoAAAAJ&pagesize=100
2025-04-27 22:20:10,639 - INFO - Getting https://scholar.google.com/citations?hl=en&user=CMXuHYgAAAAJ&pagesize=100
2025-04-27 22:20:10,818 - INFO - Getting https://scholar.google.com/citations?hl=en&user=5Nq2SLsAAAAJ&pagesize=100
2025-04-27 22:20:10,842 - INFO - Getting https://scholar.google.com/citations?hl=en&user=QOXPdn8AAAAJ&pagesize=100
2025-04-27 22:20:10,853 - INFO - Getting https://scholar.google.com/citations?hl=en&user=4I85QsoAAAAJ&pagesize=100
2025-04-27 22:20:11,080 - INFO - Getting https://scholar.google.com/citations?hl=en&user=FgpBbc8AAAAJ&pagesize=100
2025-04-27 22:20:11,112 - INFO - Getting https://scholar.google.com/citations?hl=en&user=wNIKmGoAAAAJ&pagesize=100
2025-04-27 22:20:11,261 - INFO - HTTP Request: GET https://scholar.google.com/citations?hl=en&user=SH1Dg9UAAAAJ&pagesize=100 "HTTP/1.1 200 OK"
2025-04-27 22:20:11,794 - INFO - HTTP Request: GET https://scholar.google.com/citations?hl=en&user=CCYt0gMAAAAJ&pagesize=100 "HTTP/1.1 200 OK"
2025-04-27 22:20:11,846 - INFO - Getting https://scholar.google.com/citations?hl=en&user=ALVSZAYAAAAJ&pagesize=100
2025-04-27 22:20:11,996 - INFO - HTTP Request: GET https://scholar.google.com/citations?hl=en&user=_MWOGgoAAAAJ&pagesize=100 "HTTP/1.1 200 OK"
2025-04-27 22:20:12,017 - INFO - HTTP Request: GET https://scholar.google.com/citations?hl=en&user=5Nq2SLsAAAAJ&pagesize=100 "HTTP/1.1 200 OK"
2025-04-27 22:20:12,236 - INFO - HTTP Request: GET https://scholar.google.com/citations?hl=en&user=QOXPdn8AAAAJ&pagesize=100 "HTTP/1.1 200 OK"
2025-04-27 22:20:12,352 - INFO - Getting https://scholar.google.com/citations?hl=en&user=OptjLhoAAAAJ&pagesize=100
2025-04-27 22:20:12,371 - INFO - HTTP Request: GET https://scholar.google.com/citations?hl=en&user=4I85QsoAAAAJ&pagesize=100 "HTTP/1.1 200 OK"
2025-04-27 22:20:12,407 - INFO - Getting https://scholar.google.com/citations?hl=en&user=7c5-gRgAAAAJ&pagesize=100
2025-04-27 22:20:12,715 - INFO - HTTP Request: GET https://scholar.google.com/citations?hl=en&user=CMXuHYgAAAAJ&pagesize=100 "HTTP/1.1 200 OK"
2025-04-27 22:20:12,840 - INFO - HTTP Request: GET https://scholar.google.com/citations?hl=en&user=FgpBbc8AAAAJ&pagesize=100 "HTTP/1.1 200 OK"
2025-04-27 22:20:13,038 - INFO - HTTP Request: GET https://scholar.google.com/citations?hl=en&user=wNIKmGoAAAAJ&pagesize=100 "HTTP/1.1 200 OK"
2025-04-27 22:20:13,359 - INFO - HTTP Request: GET https://scholar.google.com/citations?hl=en&user=ALVSZAYAAAAJ&pagesize=100 "HTTP/1.1 200 OK"
2025-04-27 22:20:13,426 - INFO - HTTP Request: GET https://scholar.google.com/citations?hl=en&user=OptjLhoAAAAJ&pagesize=100 "HTTP/1.1 200 OK"
2025-04-27 22:20:13,461 - INFO - Getting https://scholar.google.com/citations?hl=en&user=xAnmAwwAAAAJ&pagesize=100
2025-04-27 22:20:13,540 - INFO - Getting https://scholar.google.com/citations?hl=en&user=QOuVQWcAAAAJ&pagesize=100
2025-04-27 22:20:13,890 - INFO - Getting https://scholar.google.com/citations?hl=en&user=53gDhbgAAAAJ&pagesize=100
2025-04-27 22:20:13,899 - INFO - Getting https://scholar.google.com/citations?hl=en&user=ep281nsAAAAJ&pagesize=100
2025-04-27 22:20:13,959 - INFO - HTTP Request: GET https://scholar.google.com/citations?hl=en&user=7c5-gRgAAAAJ&pagesize=100 "HTTP/1.1 200 OK"
2025-04-27 22:20:14,693 - INFO - Getting https://scholar.google.com/citations?hl=en&user=-3ezIfoAAAAJ&pagesize=100
2025-04-27 22:20:14,773 - INFO - Getting https://scholar.google.com/citations?hl=en&user=72erj1EAAAAJ&pagesize=100
2025-04-27 22:20:14,868 - INFO - HTTP Request: GET https://scholar.google.com/citations?hl=en&user=xAnmAwwAAAAJ&pagesize=100 "HTTP/1.1 200 OK"
2025-04-27 22:20:15,065 - INFO - HTTP Request: GET https://scholar.google.com/citations?hl=en&user=QOuVQWcAAAAJ&pagesize=100 "HTTP/1.1 200 OK"
2025-04-27 22:20:15,079 - INFO - Getting https://scholar.google.com/citations?hl=en&user=4I85QsoAAAAJ&pagesize=100
2025-04-27 22:20:15,150 - INFO - HTTP Request: GET https://scholar.google.com/citations?hl=en&user=53gDhbgAAAAJ&pagesize=100 "HTTP/1.1 200 OK"
2025-04-27 22:20:15,154 - INFO - HTTP Request: GET https://scholar.google.com/citations?hl=en&user=ep281nsAAAAJ&pagesize=100 "HTTP/1.1 200 OK"
2025-04-27 22:20:15,263 - INFO - Getting https://scholar.google.com/citations?hl=en&user=QPicoVsAAAAJ&pagesize=100
2025-04-27 22:20:16,179 - INFO - HTTP Request: GET https://scholar.google.com/citations?hl=en&user=-3ezIfoAAAAJ&pagesize=100 "HTTP/1.1 200 OK"
2025-04-27 22:20:16,311 - INFO - Getting https://scholar.google.com/citations?hl=en&user=faHsKPoAAAAJ&pagesize=100
2025-04-27 22:20:16,369 - INFO - Getting https://scholar.google.com/citations?hl=en&user=4I85QsoAAAAJ&pagesize=100
2025-04-27 22:20:16,492 - INFO - HTTP Request: GET https://scholar.google.com/citations?hl=en&user=QPicoVsAAAAJ&pagesize=100 "HTTP/1.1 200 OK"
2025-04-27 22:20:16,513 - INFO - Getting https://scholar.google.com/citations?hl=en&user=QOXPdn8AAAAJ&pagesize=100
2025-04-27 22:20:16,584 - INFO - HTTP Request: GET https://scholar.google.com/citations?hl=en&user=72erj1EAAAAJ&pagesize=100 "HTTP/1.1 200 OK"
2025-04-27 22:20:16,827 - INFO - Getting https://scholar.google.com/citations?hl=en&user=QPicoVsAAAAJ&pagesize=100
2025-04-27 22:20:16,869 - INFO - HTTP Request: GET https://scholar.google.com/citations?hl=en&user=4I85QsoAAAAJ&pagesize=100 "HTTP/1.1 200 OK"
2025-04-27 22:20:16,900 - INFO - Getting https://scholar.google.com/citations?hl=en&user=C-gAd7wAAAAJ&pagesize=100
2025-04-27 22:20:17,063 - INFO - Getting https://scholar.google.com/citations?hl=en&user=j8vhgpMAAAAJ&pagesize=100
2025-04-27 22:20:17,171 - INFO - Getting https://scholar.google.com/citations?hl=en&user=xAnmAwwAAAAJ&pagesize=100
2025-04-27 22:20:17,377 - INFO - Getting https://scholar.google.com/citations?hl=en&user=TyBgOgIAAAAJ&pagesize=100
2025-04-27 22:20:17,647 - INFO - Getting https://scholar.google.com/citations?hl=en&user=xAnmAwwAAAAJ&pagesize=100
2025-04-27 22:20:18,003 - INFO - HTTP Request: GET https://scholar.google.com/citations?hl=en&user=4I85QsoAAAAJ&pagesize=100 "HTTP/1.1 200 OK"
2025-04-27 22:20:18,076 - INFO - Getting https://scholar.google.com/citations?hl=en&user=vUiF9k8AAAAJ&pagesize=100
2025-04-27 22:20:18,108 - INFO - Getting https://scholar.google.com/citations?hl=en&user=QOXPdn8AAAAJ&pagesize=100
2025-04-27 22:20:18,129 - INFO - HTTP Request: GET https://scholar.google.com/citations?hl=en&user=QOXPdn8AAAAJ&pagesize=100 "HTTP/1.1 200 OK"
2025-04-27 22:20:18,260 - INFO - HTTP Request: GET https://scholar.google.com/citations?hl=en&user=faHsKPoAAAAJ&pagesize=100 "HTTP/1.1 200 OK"
2025-04-27 22:20:18,808 - INFO - HTTP Request: GET https://scholar.google.com/citations?hl=en&user=C-gAd7wAAAAJ&pagesize=100 "HTTP/1.1 200 OK"
2025-04-27 22:20:18,810 - INFO - Getting https://scholar.google.com/citations?hl=en&user=SH1Dg9UAAAAJ&pagesize=100
2025-04-27 22:20:18,897 - INFO - HTTP Request: GET https://scholar.google.com/citations?hl=en&user=TyBgOgIAAAAJ&pagesize=100 "HTTP/1.1 200 OK"
2025-04-27 22:20:18,897 - INFO - HTTP Request: GET https://scholar.google.com/citations?hl=en&user=QPicoVsAAAAJ&pagesize=100 "HTTP/1.1 200 OK"
2025-04-27 22:20:18,942 - INFO - HTTP Request: GET https://scholar.google.com/citations?hl=en&user=xAnmAwwAAAAJ&pagesize=100 "HTTP/1.1 200 OK"
2025-04-27 22:20:18,948 - INFO - HTTP Request: GET https://scholar.google.com/citations?hl=en&user=j8vhgpMAAAAJ&pagesize=100 "HTTP/1.1 200 OK"
2025-04-27 22:20:19,424 - INFO - HTTP Request: GET https://scholar.google.com/citations?hl=en&user=xAnmAwwAAAAJ&pagesize=100 "HTTP/1.1 200 OK"
2025-04-27 22:20:19,523 - INFO - Getting https://scholar.google.com/citations?hl=en&user=RoD5aZQAAAAJ&pagesize=100
2025-04-27 22:20:19,533 - INFO - HTTP Request: GET https://scholar.google.com/citations?hl=en&user=vUiF9k8AAAAJ&pagesize=100 "HTTP/1.1 200 OK"
2025-04-27 22:20:19,881 - INFO - Getting https://scholar.google.com/citations?hl=en&user=xAnmAwwAAAAJ&pagesize=100
2025-04-27 22:20:19,944 - INFO - HTTP Request: GET https://scholar.google.com/citations?hl=en&user=QOXPdn8AAAAJ&pagesize=100 "HTTP/1.1 200 OK"
2025-04-27 22:20:20,530 - INFO - Getting https://scholar.google.com/citations?hl=en&user=C-gAd7wAAAAJ&pagesize=100
2025-04-27 22:20:20,717 - INFO - HTTP Request: GET https://scholar.google.com/citations?hl=en&user=SH1Dg9UAAAAJ&pagesize=100 "HTTP/1.1 200 OK"
2025-04-27 22:20:20,743 - INFO - Getting https://scholar.google.com/citations?hl=en&user=QOXPdn8AAAAJ&pagesize=100
2025-04-27 22:20:20,843 - INFO - HTTP Request: GET https://scholar.google.com/citations?hl=en&user=RoD5aZQAAAAJ&pagesize=100 "HTTP/1.1 200 OK"
2025-04-27 22:20:20,954 - INFO - Getting https://scholar.google.com/citations?hl=en&user=RxQkhwIAAAAJ&pagesize=100
2025-04-27 22:20:21,446 - INFO - Getting https://scholar.google.com/citations?hl=en&user=RxQkhwIAAAAJ&pagesize=100
2025-04-27 22:20:21,727 - INFO - Getting https://scholar.google.com/citations?hl=en&user=xAnmAwwAAAAJ&pagesize=100
2025-04-27 22:20:21,819 - INFO - HTTP Request: GET https://scholar.google.com/citations?hl=en&user=xAnmAwwAAAAJ&pagesize=100 "HTTP/1.1 200 OK"
2025-04-27 22:20:21,820 - INFO - Getting https://scholar.google.com/citations?hl=en&user=j8vhgpMAAAAJ&pagesize=100
2025-04-27 22:20:21,827 - INFO - HTTP Request: GET https://scholar.google.com/citations?hl=en&user=QOXPdn8AAAAJ&pagesize=100 "HTTP/1.1 200 OK"
2025-04-27 22:20:21,895 - INFO - Getting https://scholar.google.com/citations?hl=en&user=ty7wIXoAAAAJ&pagesize=100
2025-04-27 22:20:21,971 - INFO - HTTP Request: GET https://scholar.google.com/citations?hl=en&user=C-gAd7wAAAAJ&pagesize=100 "HTTP/1.1 200 OK"
2025-04-27 22:20:22,193 - INFO - Getting https://scholar.google.com/citations?hl=en&user=a-CpL6UAAAAJ&pagesize=100
2025-04-27 22:20:22,207 - INFO - Getting https://scholar.google.com/citations?hl=en&user=4I85QsoAAAAJ&pagesize=100
2025-04-27 22:20:22,348 - INFO - HTTP Request: GET https://scholar.google.com/citations?hl=en&user=RxQkhwIAAAAJ&pagesize=100 "HTTP/1.1 200 OK"
2025-04-27 22:20:22,661 - INFO - Getting https://scholar.google.com/citations?hl=en&user=QOXPdn8AAAAJ&pagesize=100
2025-04-27 22:20:22,726 - INFO - Getting https://scholar.google.com/citations?hl=en&user=QOXPdn8AAAAJ&pagesize=100
2025-04-27 22:20:23,024 - INFO - HTTP Request: GET https://scholar.google.com/citations?hl=en&user=xAnmAwwAAAAJ&pagesize=100 "HTTP/1.1 200 OK"
2025-04-27 22:20:23,085 - INFO - Getting https://scholar.google.com/citations?hl=en&user=YGPQbLQAAAAJ&pagesize=100
2025-04-27 22:20:23,086 - INFO - Getting https://scholar.google.com/citations?hl=en&user=C-gAd7wAAAAJ&pagesize=100
2025-04-27 22:20:23,090 - INFO - HTTP Request: GET https://scholar.google.com/citations?hl=en&user=RxQkhwIAAAAJ&pagesize=100 "HTTP/1.1 200 OK"
2025-04-27 22:20:23,286 - INFO - Getting https://scholar.google.com/citations?hl=en&user=QOXPdn8AAAAJ&pagesize=100
2025-04-27 22:20:23,633 - INFO - HTTP Request: GET https://scholar.google.com/citations?hl=en&user=4I85QsoAAAAJ&pagesize=100 "HTTP/1.1 200 OK"
2025-04-27 22:20:23,657 - INFO - HTTP Request: GET https://scholar.google.com/citations?hl=en&user=j8vhgpMAAAAJ&pagesize=100 "HTTP/1.1 200 OK"
2025-04-27 22:20:23,678 - INFO - HTTP Request: GET https://scholar.google.com/citations?hl=en&user=ty7wIXoAAAAJ&pagesize=100 "HTTP/1.1 200 OK"
2025-04-27 22:20:23,773 - INFO - Getting https://scholar.google.com/citations?hl=en&user=-3ezIfoAAAAJ&pagesize=100
2025-04-27 22:20:24,291 - INFO - HTTP Request: GET https://scholar.google.com/citations?hl=en&user=QOXPdn8AAAAJ&pagesize=100 "HTTP/1.1 200 OK"
2025-04-27 22:20:24,301 - INFO - HTTP Request: GET https://scholar.google.com/citations?hl=en&user=a-CpL6UAAAAJ&pagesize=100 "HTTP/1.1 200 OK"
2025-04-27 22:20:24,453 - INFO - HTTP Request: GET https://scholar.google.com/citations?hl=en&user=C-gAd7wAAAAJ&pagesize=100 "HTTP/1.1 200 OK"
2025-04-27 22:20:24,560 - INFO - HTTP Request: GET https://scholar.google.com/citations?hl=en&user=YGPQbLQAAAAJ&pagesize=100 "HTTP/1.1 200 OK"
2025-04-27 22:20:24,591 - INFO - HTTP Request: GET https://scholar.google.com/citations?hl=en&user=QOXPdn8AAAAJ&pagesize=100 "HTTP/1.1 200 OK"
2025-04-27 22:20:24,857 - INFO - Getting https://scholar.google.com/citations?hl=en&user=xAnmAwwAAAAJ&pagesize=100
2025-04-27 22:20:25,005 - INFO - Getting https://scholar.google.com/citations?hl=en&user=CMXuHYgAAAAJ&pagesize=100
2025-04-27 22:20:25,124 - INFO - HTTP Request: GET https://scholar.google.com/citations?hl=en&user=QOXPdn8AAAAJ&pagesize=100 "HTTP/1.1 200 OK"
2025-04-27 22:20:25,326 - INFO - Getting https://scholar.google.com/citations?hl=en&user=wNIKmGoAAAAJ&pagesize=100
2025-04-27 22:20:25,381 - INFO - Getting https://scholar.google.com/citations?hl=en&user=a3WHaq8AAAAJ&pagesize=100
2025-04-27 22:20:25,470 - INFO - Getting https://scholar.google.com/citations?hl=en&user=xAnmAwwAAAAJ&pagesize=100
2025-04-27 22:20:25,676 - INFO - Getting https://scholar.google.com/citations?hl=en&user=TyBgOgIAAAAJ&pagesize=100
2025-04-27 22:20:25,743 - INFO - HTTP Request: GET https://scholar.google.com/citations?hl=en&user=-3ezIfoAAAAJ&pagesize=100 "HTTP/1.1 200 OK"
2025-04-27 22:20:25,989 - INFO - Getting https://scholar.google.com/citations?hl=en&user=-3ezIfoAAAAJ&pagesize=100
2025-04-27 22:20:26,448 - INFO - HTTP Request: GET https://scholar.google.com/citations?hl=en&user=a3WHaq8AAAAJ&pagesize=100 "HTTP/1.1 200 OK"
2025-04-27 22:20:26,460 - INFO - HTTP Request: GET https://scholar.google.com/citations?hl=en&user=CMXuHYgAAAAJ&pagesize=100 "HTTP/1.1 200 OK"
2025-04-27 22:20:26,754 - INFO - Getting https://scholar.google.com/citations?hl=en&user=ty7wIXoAAAAJ&pagesize=100
2025-04-27 22:20:26,920 - INFO - HTTP Request: GET https://scholar.google.com/citations?hl=en&user=wNIKmGoAAAAJ&pagesize=100 "HTTP/1.1 200 OK"
2025-04-27 22:20:26,949 - INFO - HTTP Request: GET https://scholar.google.com/citations?hl=en&user=xAnmAwwAAAAJ&pagesize=100 "HTTP/1.1 200 OK"
2025-04-27 22:20:26,972 - INFO - Getting https://scholar.google.com/citations?hl=en&user=otU7sTAAAAAJ&pagesize=100
2025-04-27 22:20:27,069 - INFO - HTTP Request: GET https://scholar.google.com/citations?hl=en&user=xAnmAwwAAAAJ&pagesize=100 "HTTP/1.1 200 OK"
2025-04-27 22:20:27,074 - INFO - Getting https://scholar.google.com/citations?hl=en&user=4I85QsoAAAAJ&pagesize=100
2025-04-27 22:20:27,343 - INFO - Getting https://scholar.google.com/citations?hl=en&user=QOXPdn8AAAAJ&pagesize=100
2025-04-27 22:20:27,671 - INFO - HTTP Request: GET https://scholar.google.com/citations?hl=en&user=-3ezIfoAAAAJ&pagesize=100 "HTTP/1.1 200 OK"
2025-04-27 22:20:27,700 - INFO - HTTP Request: GET https://scholar.google.com/citations?hl=en&user=TyBgOgIAAAAJ&pagesize=100 "HTTP/1.1 200 OK"
2025-04-27 22:20:27,998 - INFO - Getting https://scholar.google.com/citations?hl=en&user=CCYt0gMAAAAJ&pagesize=100
2025-04-27 22:20:28,244 - INFO - HTTP Request: GET https://scholar.google.com/citations?hl=en&user=otU7sTAAAAAJ&pagesize=100 "HTTP/1.1 200 OK"
2025-04-27 22:20:28,246 - INFO - HTTP Request: GET https://scholar.google.com/citations?hl=en&user=ty7wIXoAAAAJ&pagesize=100 "HTTP/1.1 200 OK"
2025-04-27 22:20:28,336 - INFO - Getting https://scholar.google.com/citations?hl=en&user=-cWaZxAAAAAJ&pagesize=100
2025-04-27 22:20:28,361 - INFO - Getting https://scholar.google.com/citations?hl=en&user=-3ezIfoAAAAJ&pagesize=100
2025-04-27 22:20:28,482 - INFO - Getting https://scholar.google.com/citations?hl=en&user=j8vhgpMAAAAJ&pagesize=100
2025-04-27 22:20:28,541 - INFO - Getting https://scholar.google.com/citations?hl=en&user=4GdXIfMAAAAJ&pagesize=100
2025-04-27 22:20:28,661 - INFO - HTTP Request: GET https://scholar.google.com/citations?hl=en&user=4I85QsoAAAAJ&pagesize=100 "HTTP/1.1 200 OK"
2025-04-27 22:20:28,835 - INFO - Getting https://scholar.google.com/citations?hl=en&user=xAnmAwwAAAAJ&pagesize=100
2025-04-27 22:20:29,063 - INFO - HTTP Request: GET https://scholar.google.com/citations?hl=en&user=QOXPdn8AAAAJ&pagesize=100 "HTTP/1.1 200 OK"
2025-04-27 22:20:29,328 - INFO - HTTP Request: GET https://scholar.google.com/citations?hl=en&user=CCYt0gMAAAAJ&pagesize=100 "HTTP/1.1 200 OK"
2025-04-27 22:20:29,431 - INFO - Getting https://scholar.google.com/citations?hl=en&user=SH1Dg9UAAAAJ&pagesize=100
2025-04-27 22:20:29,850 - INFO - HTTP Request: GET https://scholar.google.com/citations?hl=en&user=-3ezIfoAAAAJ&pagesize=100 "HTTP/1.1 200 OK"
2025-04-27 22:20:29,876 - INFO - Getting https://scholar.google.com/citations?hl=en&user=xAnmAwwAAAAJ&pagesize=100
2025-04-27 22:20:30,016 - INFO - HTTP Request: GET https://scholar.google.com/citations?hl=en&user=j8vhgpMAAAAJ&pagesize=100 "HTTP/1.1 200 OK"
2025-04-27 22:20:30,175 - INFO - HTTP Request: GET https://scholar.google.com/citations?hl=en&user=-cWaZxAAAAAJ&pagesize=100 "HTTP/1.1 200 OK"
2025-04-27 22:20:30,629 - INFO - HTTP Request: GET https://scholar.google.com/citations?hl=en&user=4GdXIfMAAAAJ&pagesize=100 "HTTP/1.1 200 OK"
2025-04-27 22:20:30,753 - INFO - Getting https://scholar.google.com/citations?hl=en&user=4I85QsoAAAAJ&pagesize=100
2025-04-27 22:20:30,848 - INFO - Getting https://scholar.google.com/citations?hl=en&user=4I85QsoAAAAJ&pagesize=100
2025-04-27 22:20:30,862 - INFO - HTTP Request: GET https://scholar.google.com/citations?hl=en&user=xAnmAwwAAAAJ&pagesize=100 "HTTP/1.1 200 OK"
2025-04-27 22:20:31,047 - INFO - HTTP Request: GET https://scholar.google.com/citations?hl=en&user=SH1Dg9UAAAAJ&pagesize=100 "HTTP/1.1 200 OK"
2025-04-27 22:20:31,243 - INFO - Getting https://scholar.google.com/citations?hl=en&user=4I85QsoAAAAJ&pagesize=100
2025-04-27 22:20:31,249 - INFO - Getting https://scholar.google.com/citations?hl=en&user=TyBgOgIAAAAJ&pagesize=100
2025-04-27 22:20:31,332 - INFO - Getting https://scholar.google.com/citations?hl=en&user=pxE3wn4AAAAJ&pagesize=100
2025-04-27 22:20:31,339 - INFO - Getting https://scholar.google.com/citations?hl=en&user=j8vhgpMAAAAJ&pagesize=100
2025-04-27 22:20:31,882 - INFO - HTTP Request: GET https://scholar.google.com/citations?hl=en&user=xAnmAwwAAAAJ&pagesize=100 "HTTP/1.1 200 OK"
2025-04-27 22:20:31,906 - INFO - Getting https://scholar.google.com/citations?hl=en&user=buQktfIAAAAJ&pagesize=100
2025-04-27 22:20:32,002 - INFO - HTTP Request: GET https://scholar.google.com/citations?hl=en&user=4I85QsoAAAAJ&pagesize=100 "HTTP/1.1 200 OK"
2025-04-27 22:20:32,009 - INFO - Getting https://scholar.google.com/citations?hl=en&user=QOXPdn8AAAAJ&pagesize=100
2025-04-27 22:20:32,175 - INFO - Getting https://scholar.google.com/citations?hl=en&user=j8vhgpMAAAAJ&pagesize=100
2025-04-27 22:20:32,182 - INFO - Getting https://scholar.google.com/citations?hl=en&user=otU7sTAAAAAJ&pagesize=100
2025-04-27 22:20:32,368 - INFO - Getting https://scholar.google.com/citations?hl=en&user=xAnmAwwAAAAJ&pagesize=100
2025-04-27 22:20:32,399 - INFO - Getting https://scholar.google.com/citations?hl=en&user=a-CpL6UAAAAJ&pagesize=100
2025-04-27 22:20:32,433 - INFO - HTTP Request: GET https://scholar.google.com/citations?hl=en&user=4I85QsoAAAAJ&pagesize=100 "HTTP/1.1 200 OK"
2025-04-27 22:20:32,551 - INFO - Getting https://scholar.google.com/citations?hl=en&user=QOXPdn8AAAAJ&pagesize=100
2025-04-27 22:20:32,837 - INFO - HTTP Request: GET https://scholar.google.com/citations?hl=en&user=pxE3wn4AAAAJ&pagesize=100 "HTTP/1.1 200 OK"
2025-04-27 22:20:32,949 - INFO - HTTP Request: GET https://scholar.google.com/citations?hl=en&user=4I85QsoAAAAJ&pagesize=100 "HTTP/1.1 200 OK"
2025-04-27 22:20:32,999 - INFO - HTTP Request: GET https://scholar.google.com/citations?hl=en&user=TyBgOgIAAAAJ&pagesize=100 "HTTP/1.1 200 OK"
2025-04-27 22:20:33,275 - INFO - HTTP Request: GET https://scholar.google.com/citations?hl=en&user=j8vhgpMAAAAJ&pagesize=100 "HTTP/1.1 200 OK"
2025-04-27 22:20:33,504 - INFO - HTTP Request: GET https://scholar.google.com/citations?hl=en&user=j8vhgpMAAAAJ&pagesize=100 "HTTP/1.1 200 OK"
2025-04-27 22:20:33,633 - INFO - HTTP Request: GET https://scholar.google.com/citations?hl=en&user=a-CpL6UAAAAJ&pagesize=100 "HTTP/1.1 200 OK"
2025-04-27 22:20:33,642 - INFO - HTTP Request: GET https://scholar.google.com/citations?hl=en&user=buQktfIAAAAJ&pagesize=100 "HTTP/1.1 200 OK"
2025-04-27 22:20:33,763 - INFO - HTTP Request: GET https://scholar.google.com/citations?hl=en&user=QOXPdn8AAAAJ&pagesize=100 "HTTP/1.1 200 OK"
2025-04-27 22:20:33,857 - INFO - Getting https://scholar.google.com/citations?hl=en&user=QOXPdn8AAAAJ&pagesize=100
2025-04-27 22:20:33,980 - INFO - HTTP Request: GET https://scholar.google.com/citations?hl=en&user=otU7sTAAAAAJ&pagesize=100 "HTTP/1.1 200 OK"
2025-04-27 22:20:33,982 - INFO - HTTP Request: GET https://scholar.google.com/citations?hl=en&user=QOXPdn8AAAAJ&pagesize=100 "HTTP/1.1 200 OK"
2025-04-27 22:20:34,241 - INFO - Getting https://scholar.google.com/citations?hl=en&user=RxQkhwIAAAAJ&pagesize=100
2025-04-27 22:20:34,437 - INFO - HTTP Request: GET https://scholar.google.com/citations?hl=en&user=xAnmAwwAAAAJ&pagesize=100 "HTTP/1.1 200 OK"
2025-04-27 22:20:34,865 - INFO - Getting https://scholar.google.com/citations?hl=en&user=-3ezIfoAAAAJ&pagesize=100
2025-04-27 22:20:35,032 - INFO - Getting https://scholar.google.com/citations?hl=en&user=rw1KUDMAAAAJ&pagesize=100
2025-04-27 22:20:35,197 - INFO - HTTP Request: GET https://scholar.google.com/citations?hl=en&user=QOXPdn8AAAAJ&pagesize=100 "HTTP/1.1 200 OK"
2025-04-27 22:20:35,323 - INFO - HTTP Request: GET https://scholar.google.com/citations?hl=en&user=RxQkhwIAAAAJ&pagesize=100 "HTTP/1.1 200 OK"
2025-04-27 22:20:35,375 - INFO - Getting https://scholar.google.com/citations?hl=en&user=wCrXI9EAAAAJ&pagesize=100
2025-04-27 22:20:36,273 - INFO - Getting https://scholar.google.com/citations?hl=en&user=zmxTxJsAAAAJ&pagesize=100
2025-04-27 22:20:36,376 - INFO - Getting https://scholar.google.com/citations?hl=en&user=R5vHfpEAAAAJ&pagesize=100
2025-04-27 22:20:36,398 - INFO - Getting https://scholar.google.com/citations?hl=en&user=R5vHfpEAAAAJ&pagesize=100
2025-04-27 22:20:36,510 - INFO - Getting https://scholar.google.com/citations?hl=en&user=2uguxukAAAAJ&pagesize=100
2025-04-27 22:20:36,510 - INFO - Getting https://scholar.google.com/citations?hl=en&user=ZKS9dtkAAAAJ&pagesize=100
2025-04-27 22:20:36,527 - INFO - Getting https://scholar.google.com/citations?hl=en&user=RxQkhwIAAAAJ&pagesize=100
2025-04-27 22:20:36,623 - INFO - Getting https://scholar.google.com/citations?hl=en&user=bf1r1EEAAAAJ&pagesize=100
2025-04-27 22:20:36,648 - INFO - Getting https://scholar.google.com/citations?hl=en&user=bf1r1EEAAAAJ&pagesize=100
2025-04-27 22:20:36,774 - INFO - HTTP Request: GET https://scholar.google.com/citations?hl=en&user=rw1KUDMAAAAJ&pagesize=100 "HTTP/1.1 200 OK"
2025-04-27 22:20:36,788 - INFO - Getting https://scholar.google.com/citations?hl=en&user=D6jRGmEAAAAJ&pagesize=100
2025-04-27 22:20:36,949 - INFO - HTTP Request: GET https://scholar.google.com/citations?hl=en&user=wCrXI9EAAAAJ&pagesize=100 "HTTP/1.1 200 OK"
2025-04-27 22:20:36,960 - INFO - HTTP Request: GET https://scholar.google.com/citations?hl=en&user=-3ezIfoAAAAJ&pagesize=100 "HTTP/1.1 200 OK"
2025-04-27 22:20:36,973 - INFO - Getting https://scholar.google.com/citations?hl=en&user=t4PBVt0AAAAJ&pagesize=100
2025-04-27 22:20:37,528 - INFO - HTTP Request: GET https://scholar.google.com/citations?hl=en&user=R5vHfpEAAAAJ&pagesize=100 "HTTP/1.1 200 OK"
2025-04-27 22:20:37,534 - INFO - Getting https://scholar.google.com/citations?hl=en&user=xAnmAwwAAAAJ&pagesize=100
2025-04-27 22:20:37,621 - INFO - HTTP Request: GET https://scholar.google.com/citations?hl=en&user=R5vHfpEAAAAJ&pagesize=100 "HTTP/1.1 200 OK"
2025-04-27 22:20:37,864 - INFO - HTTP Request: GET https://scholar.google.com/citations?hl=en&user=bf1r1EEAAAAJ&pagesize=100 "HTTP/1.1 200 OK"
2025-04-27 22:20:37,917 - INFO - HTTP Request: GET https://scholar.google.com/citations?hl=en&user=zmxTxJsAAAAJ&pagesize=100 "HTTP/1.1 200 OK"
2025-04-27 22:20:38,028 - INFO - HTTP Request: GET https://scholar.google.com/citations?hl=en&user=bf1r1EEAAAAJ&pagesize=100 "HTTP/1.1 200 OK"
2025-04-27 22:20:38,052 - INFO - HTTP Request: GET https://scholar.google.com/citations?hl=en&user=2uguxukAAAAJ&pagesize=100 "HTTP/1.1 200 OK"
2025-04-27 22:20:38,195 - INFO - HTTP Request: GET https://scholar.google.com/citations?hl=en&user=D6jRGmEAAAAJ&pagesize=100 "HTTP/1.1 200 OK"
2025-04-27 22:20:38,247 - INFO - HTTP Request: GET https://scholar.google.com/citations?hl=en&user=t4PBVt0AAAAJ&pagesize=100 "HTTP/1.1 200 OK"
2025-04-27 22:20:38,422 - INFO - HTTP Request: GET https://scholar.google.com/citations?hl=en&user=ZKS9dtkAAAAJ&pagesize=100 "HTTP/1.1 200 OK"
2025-04-27 22:20:38,452 - INFO - Getting https://scholar.google.com/citations?hl=en&user=C-gAd7wAAAAJ&pagesize=100
2025-04-27 22:20:38,552 - INFO - HTTP Request: GET https://scholar.google.com/citations?hl=en&user=RxQkhwIAAAAJ&pagesize=100 "HTTP/1.1 200 OK"
2025-04-27 22:20:38,629 - INFO - Getting https://scholar.google.com/citations?hl=en&user=QOXPdn8AAAAJ&pagesize=100
2025-04-27 22:20:38,685 - INFO - Getting https://scholar.google.com/citations?hl=en&user=RxQkhwIAAAAJ&pagesize=100
2025-04-27 22:20:38,858 - INFO - HTTP Request: GET https://scholar.google.com/citations?hl=en&user=xAnmAwwAAAAJ&pagesize=100 "HTTP/1.1 200 OK"
2025-04-27 22:20:39,181 - INFO - Getting https://scholar.google.com/citations?hl=en&user=mB3V83sAAAAJ&pagesize=100
2025-04-27 22:20:39,694 - INFO - Getting https://scholar.google.com/citations?hl=en&user=fH2YF6YAAAAJ&pagesize=100
2025-04-27 22:20:40,143 - INFO - Getting https://scholar.google.com/citations?hl=en&user=vyX6kpwAAAAJ&pagesize=100
2025-04-27 22:20:40,220 - INFO - Getting https://scholar.google.com/citations?hl=en&user=-zSd9V0AAAAJ&pagesize=100
2025-04-27 22:20:40,326 - INFO - Getting https://scholar.google.com/citations?hl=en&user=t8UuLPoAAAAJ&pagesize=100
2025-04-27 22:20:40,422 - INFO - HTTP Request: GET https://scholar.google.com/citations?hl=en&user=QOXPdn8AAAAJ&pagesize=100 "HTTP/1.1 200 OK"
2025-04-27 22:20:40,492 - INFO - HTTP Request: GET https://scholar.google.com/citations?hl=en&user=RxQkhwIAAAAJ&pagesize=100 "HTTP/1.1 200 OK"
2025-04-27 22:20:40,522 - INFO - HTTP Request: GET https://scholar.google.com/citations?hl=en&user=C-gAd7wAAAAJ&pagesize=100 "HTTP/1.1 200 OK"
2025-04-27 22:20:40,535 - INFO - Getting https://scholar.google.com/citations?hl=en&user=a-CpL6UAAAAJ&pagesize=100
2025-04-27 22:20:40,724 - INFO - Getting https://scholar.google.com/citations?hl=en&user=ty7wIXoAAAAJ&pagesize=100
2025-04-27 22:20:40,869 - INFO - Getting https://scholar.google.com/citations?hl=en&user=abUmi6QAAAAJ&pagesize=100
2025-04-27 22:20:41,085 - INFO - Getting https://scholar.google.com/citations?hl=en&user=nWEVgZ4AAAAJ&pagesize=100
2025-04-27 22:20:41,218 - INFO - HTTP Request: GET https://scholar.google.com/citations?hl=en&user=mB3V83sAAAAJ&pagesize=100 "HTTP/1.1 200 OK"
2025-04-27 22:20:41,364 - INFO - HTTP Request: GET https://scholar.google.com/citations?hl=en&user=fH2YF6YAAAAJ&pagesize=100 "HTTP/1.1 200 OK"
2025-04-27 22:20:41,388 - INFO - Getting https://scholar.google.com/citations?hl=en&user=xLZ6IPAAAAAJ&pagesize=100
2025-04-27 22:20:41,434 - INFO - HTTP Request: GET https://scholar.google.com/citations?hl=en&user=t8UuLPoAAAAJ&pagesize=100 "HTTP/1.1 200 OK"
2025-04-27 22:20:41,571 - INFO - Getting https://scholar.google.com/citations?hl=en&user=QOXPdn8AAAAJ&pagesize=100
2025-04-27 22:20:41,784 - INFO - Getting https://scholar.google.com/citations?hl=en&user=C-gAd7wAAAAJ&pagesize=100
2025-04-27 22:20:41,843 - INFO - Getting https://scholar.google.com/citations?hl=en&user=01PSAioAAAAJ&pagesize=100
2025-04-27 22:20:41,895 - INFO - HTTP Request: GET https://scholar.google.com/citations?hl=en&user=-zSd9V0AAAAJ&pagesize=100 "HTTP/1.1 200 OK"
2025-04-27 22:20:41,897 - INFO - HTTP Request: GET https://scholar.google.com/citations?hl=en&user=vyX6kpwAAAAJ&pagesize=100 "HTTP/1.1 200 OK"
2025-04-27 22:20:41,989 - INFO - HTTP Request: GET https://scholar.google.com/citations?hl=en&user=a-CpL6UAAAAJ&pagesize=100 "HTTP/1.1 200 OK"
2025-04-27 22:20:42,119 - INFO - HTTP Request: GET https://scholar.google.com/citations?hl=en&user=abUmi6QAAAAJ&pagesize=100 "HTTP/1.1 200 OK"
2025-04-27 22:20:42,183 - INFO - HTTP Request: GET https://scholar.google.com/citations?hl=en&user=ty7wIXoAAAAJ&pagesize=100 "HTTP/1.1 200 OK"
2025-04-27 22:20:42,307 - INFO - HTTP Request: GET https://scholar.google.com/citations?hl=en&user=nWEVgZ4AAAAJ&pagesize=100 "HTTP/1.1 200 OK"
2025-04-27 22:20:42,633 - INFO - Getting https://scholar.google.com/citations?hl=en&user=FgpBbc8AAAAJ&pagesize=100
2025-04-27 22:20:42,735 - INFO - Getting https://scholar.google.com/citations?hl=en&user=otU7sTAAAAAJ&pagesize=100
2025-04-27 22:20:42,749 - INFO - HTTP Request: GET https://scholar.google.com/citations?hl=en&user=xLZ6IPAAAAAJ&pagesize=100 "HTTP/1.1 200 OK"
2025-04-27 22:20:42,806 - INFO - Getting https://scholar.google.com/citations?hl=en&user=frIlKNgAAAAJ&pagesize=100
2025-04-27 22:20:43,037 - INFO - HTTP Request: GET https://scholar.google.com/citations?hl=en&user=QOXPdn8AAAAJ&pagesize=100 "HTTP/1.1 200 OK"
2025-04-27 22:20:43,362 - INFO - Getting https://scholar.google.com/citations?hl=en&user=otU7sTAAAAAJ&pagesize=100
2025-04-27 22:20:43,386 - INFO - HTTP Request: GET https://scholar.google.com/citations?hl=en&user=C-gAd7wAAAAJ&pagesize=100 "HTTP/1.1 200 OK"
2025-04-27 22:20:43,748 - INFO - HTTP Request: GET https://scholar.google.com/citations?hl=en&user=01PSAioAAAAJ&pagesize=100 "HTTP/1.1 200 OK"
2025-04-27 22:20:43,757 - INFO - HTTP Request: GET https://scholar.google.com/citations?hl=en&user=FgpBbc8AAAAJ&pagesize=100 "HTTP/1.1 200 OK"
2025-04-27 22:20:43,866 - INFO - HTTP Request: GET https://scholar.google.com/citations?hl=en&user=otU7sTAAAAAJ&pagesize=100 "HTTP/1.1 200 OK"
2025-04-27 22:20:43,913 - INFO - Getting https://scholar.google.com/citations?hl=en&user=-3ezIfoAAAAJ&pagesize=100
2025-04-27 22:20:44,351 - INFO - HTTP Request: GET https://scholar.google.com/citations?hl=en&user=frIlKNgAAAAJ&pagesize=100 "HTTP/1.1 200 OK"
2025-04-27 22:20:44,492 - INFO - HTTP Request: GET https://scholar.google.com/citations?hl=en&user=otU7sTAAAAAJ&pagesize=100 "HTTP/1.1 200 OK"
2025-04-27 22:20:44,524 - INFO - Getting https://scholar.google.com/citations?hl=en&user=QOXPdn8AAAAJ&pagesize=100
2025-04-27 22:20:44,596 - INFO - Getting https://scholar.google.com/citations?hl=en&user=xAnmAwwAAAAJ&pagesize=100
2025-04-27 22:20:45,431 - INFO - HTTP Request: GET https://scholar.google.com/citations?hl=en&user=-3ezIfoAAAAJ&pagesize=100 "HTTP/1.1 200 OK"
2025-04-27 22:20:45,585 - INFO - Getting https://scholar.google.com/citations?hl=en&user=QOXPdn8AAAAJ&pagesize=100
2025-04-27 22:20:45,662 - INFO - Getting https://scholar.google.com/citations?hl=en&user=TyBgOgIAAAAJ&pagesize=100
2025-04-27 22:20:45,676 - INFO - Getting https://scholar.google.com/citations?hl=en&user=waUp_gMAAAAJ&pagesize=100
2025-04-27 22:20:45,895 - INFO - Getting https://scholar.google.com/citations?hl=en&user=xAnmAwwAAAAJ&pagesize=100
2025-04-27 22:20:46,001 - INFO - Getting https://scholar.google.com/citations?hl=en&user=4I85QsoAAAAJ&pagesize=100
2025-04-27 22:20:46,047 - INFO - Getting https://scholar.google.com/citations?hl=en&user=M73ZKkEAAAAJ&pagesize=100
2025-04-27 22:20:46,069 - INFO - Getting https://scholar.google.com/citations?hl=en&user=xAnmAwwAAAAJ&pagesize=100
2025-04-27 22:20:46,390 - INFO - HTTP Request: GET https://scholar.google.com/citations?hl=en&user=QOXPdn8AAAAJ&pagesize=100 "HTTP/1.1 200 OK"
2025-04-27 22:20:46,518 - INFO - HTTP Request: GET https://scholar.google.com/citations?hl=en&user=xAnmAwwAAAAJ&pagesize=100 "HTTP/1.1 200 OK"
2025-04-27 22:20:46,609 - INFO - Getting https://scholar.google.com/citations?hl=en&user=2yJxj3YAAAAJ&pagesize=100
2025-04-27 22:20:46,702 - INFO - Getting https://scholar.google.com/citations?hl=en&user=4I85QsoAAAAJ&pagesize=100
2025-04-27 22:20:46,846 - INFO - Getting https://scholar.google.com/citations?hl=en&user=TyBgOgIAAAAJ&pagesize=100
2025-04-27 22:20:47,109 - INFO - Getting https://scholar.google.com/citations?hl=en&user=j8vhgpMAAAAJ&pagesize=100
2025-04-27 22:20:47,143 - INFO - HTTP Request: GET https://scholar.google.com/citations?hl=en&user=QOXPdn8AAAAJ&pagesize=100 "HTTP/1.1 200 OK"
2025-04-27 22:20:47,282 - INFO - Getting https://scholar.google.com/citations?hl=en&user=Jr3WA9QAAAAJ&pagesize=100
2025-04-27 22:20:47,300 - INFO - HTTP Request: GET https://scholar.google.com/citations?hl=en&user=xAnmAwwAAAAJ&pagesize=100 "HTTP/1.1 200 OK"
2025-04-27 22:20:47,330 - INFO - HTTP Request: GET https://scholar.google.com/citations?hl=en&user=waUp_gMAAAAJ&pagesize=100 "HTTP/1.1 200 OK"
2025-04-27 22:20:47,406 - INFO - HTTP Request: GET https://scholar.google.com/citations?hl=en&user=4I85QsoAAAAJ&pagesize=100 "HTTP/1.1 200 OK"
2025-04-27 22:20:47,456 - INFO - HTTP Request: GET https://scholar.google.com/citations?hl=en&user=TyBgOgIAAAAJ&pagesize=100 "HTTP/1.1 200 OK"
2025-04-27 22:20:47,533 - INFO - HTTP Request: GET https://scholar.google.com/citations?hl=en&user=xAnmAwwAAAAJ&pagesize=100 "HTTP/1.1 200 OK"
2025-04-27 22:20:47,818 - INFO - HTTP Request: GET https://scholar.google.com/citations?hl=en&user=M73ZKkEAAAAJ&pagesize=100 "HTTP/1.1 200 OK"
2025-04-27 22:20:48,378 - INFO - HTTP Request: GET https://scholar.google.com/citations?hl=en&user=4I85QsoAAAAJ&pagesize=100 "HTTP/1.1 200 OK"
2025-04-27 22:20:48,459 - INFO - HTTP Request: GET https://scholar.google.com/citations?hl=en&user=TyBgOgIAAAAJ&pagesize=100 "HTTP/1.1 200 OK"
2025-04-27 22:20:48,537 - INFO - Getting https://scholar.google.com/citations?hl=en&user=4I85QsoAAAAJ&pagesize=100
2025-04-27 22:20:48,626 - INFO - HTTP Request: GET https://scholar.google.com/citations?hl=en&user=j8vhgpMAAAAJ&pagesize=100 "HTTP/1.1 200 OK"
2025-04-27 22:20:48,659 - INFO - HTTP Request: GET https://scholar.google.com/citations?hl=en&user=2yJxj3YAAAAJ&pagesize=100 "HTTP/1.1 200 OK"
2025-04-27 22:20:48,999 - INFO - HTTP Request: GET https://scholar.google.com/citations?hl=en&user=Jr3WA9QAAAAJ&pagesize=100 "HTTP/1.1 200 OK"
2025-04-27 22:20:49,102 - INFO - Getting https://scholar.google.com/citations?hl=en&user=xpsFuekAAAAJ&pagesize=100
2025-04-27 22:20:49,281 - INFO - Getting https://scholar.google.com/citations?hl=en&user=xAnmAwwAAAAJ&pagesize=100
2025-04-27 22:20:49,332 - INFO - Getting https://scholar.google.com/citations?hl=en&user=-3ezIfoAAAAJ&pagesize=100
2025-04-27 22:20:50,043 - INFO - Getting https://scholar.google.com/citations?hl=en&user=9PY80DQAAAAJ&pagesize=100
2025-04-27 22:20:50,228 - INFO - HTTP Request: GET https://scholar.google.com/citations?hl=en&user=xpsFuekAAAAJ&pagesize=100 "HTTP/1.1 200 OK"
2025-04-27 22:20:50,513 - INFO - HTTP Request: GET https://scholar.google.com/citations?hl=en&user=4I85QsoAAAAJ&pagesize=100 "HTTP/1.1 200 OK"
2025-04-27 22:20:50,521 - INFO - HTTP Request: GET https://scholar.google.com/citations?hl=en&user=-3ezIfoAAAAJ&pagesize=100 "HTTP/1.1 200 OK"
2025-04-27 22:20:50,542 - INFO - Getting https://scholar.google.com/citations?hl=en&user=Lq9MLEsAAAAJ&pagesize=100
2025-04-27 22:20:50,826 - INFO - Getting https://scholar.google.com/citations?hl=en&user=iqy6EXsAAAAJ&pagesize=100
2025-04-27 22:20:50,859 - INFO - HTTP Request: GET https://scholar.google.com/citations?hl=en&user=xAnmAwwAAAAJ&pagesize=100 "HTTP/1.1 200 OK"
2025-04-27 22:20:51,041 - INFO - Getting https://scholar.google.com/citations?hl=en&user=MicZR3kAAAAJ&pagesize=100
2025-04-27 22:20:51,175 - INFO - HTTP Request: GET https://scholar.google.com/citations?hl=en&user=9PY80DQAAAAJ&pagesize=100 "HTTP/1.1 200 OK"
2025-04-27 22:20:51,541 - INFO - Getting https://scholar.google.com/citations?hl=en&user=Zjd7jmcAAAAJ&pagesize=100
2025-04-27 22:20:51,588 - INFO - Getting https://scholar.google.com/citations?hl=en&user=j8vhgpMAAAAJ&pagesize=100
2025-04-27 22:20:51,692 - INFO - HTTP Request: GET https://scholar.google.com/citations?hl=en&user=Lq9MLEsAAAAJ&pagesize=100 "HTTP/1.1 200 OK"
2025-04-27 22:20:51,730 - INFO - Getting https://scholar.google.com/citations?hl=en&user=-3ezIfoAAAAJ&pagesize=100
2025-04-27 22:20:51,774 - INFO - Getting https://scholar.google.com/citations?hl=en&user=C-gAd7wAAAAJ&pagesize=100
2025-04-27 22:20:51,984 - INFO - Getting https://scholar.google.com/citations?hl=en&user=6HTdid0AAAAJ&pagesize=100
2025-04-27 22:20:52,072 - INFO - Getting https://scholar.google.com/citations?hl=en&user=ZrnibVwAAAAJ&pagesize=100
2025-04-27 22:20:52,187 - INFO - Getting https://scholar.google.com/citations?hl=en&user=xAnmAwwAAAAJ&pagesize=100
2025-04-27 22:20:52,196 - INFO - HTTP Request: GET https://scholar.google.com/citations?hl=en&user=iqy6EXsAAAAJ&pagesize=100 "HTTP/1.1 200 OK"
2025-04-27 22:20:52,728 - INFO - Getting https://scholar.google.com/citations?hl=en&user=uBMvbQYAAAAJ&pagesize=100
2025-04-27 22:20:52,871 - INFO - HTTP Request: GET https://scholar.google.com/citations?hl=en&user=MicZR3kAAAAJ&pagesize=100 "HTTP/1.1 200 OK"
2025-04-27 22:20:53,014 - INFO - HTTP Request: GET https://scholar.google.com/citations?hl=en&user=-3ezIfoAAAAJ&pagesize=100 "HTTP/1.1 200 OK"
2025-04-27 22:20:53,106 - INFO - HTTP Request: GET https://scholar.google.com/citations?hl=en&user=Zjd7jmcAAAAJ&pagesize=100 "HTTP/1.1 200 OK"
2025-04-27 22:20:53,185 - INFO - HTTP Request: GET https://scholar.google.com/citations?hl=en&user=C-gAd7wAAAAJ&pagesize=100 "HTTP/1.1 200 OK"
2025-04-27 22:20:53,205 - INFO - Getting https://scholar.google.com/citations?hl=en&user=4I85QsoAAAAJ&pagesize=100
2025-04-27 22:20:53,243 - INFO - HTTP Request: GET https://scholar.google.com/citations?hl=en&user=xAnmAwwAAAAJ&pagesize=100 "HTTP/1.1 200 OK"
2025-04-27 22:20:53,480 - INFO - Getting https://scholar.google.com/citations?hl=en&user=yvCVQxUAAAAJ&pagesize=100
2025-04-27 22:20:53,498 - INFO - HTTP Request: GET https://scholar.google.com/citations?hl=en&user=6HTdid0AAAAJ&pagesize=100 "HTTP/1.1 200 OK"
2025-04-27 22:20:53,498 - INFO - HTTP Request: GET https://scholar.google.com/citations?hl=en&user=j8vhgpMAAAAJ&pagesize=100 "HTTP/1.1 200 OK"
2025-04-27 22:20:53,568 - INFO - Getting https://scholar.google.com/citations?hl=en&user=RoD5aZQAAAAJ&pagesize=100
2025-04-27 22:20:53,692 - INFO - Getting https://scholar.google.com/citations?hl=en&user=QOXPdn8AAAAJ&pagesize=100
2025-04-27 22:20:53,707 - INFO - HTTP Request: GET https://scholar.google.com/citations?hl=en&user=ZrnibVwAAAAJ&pagesize=100 "HTTP/1.1 200 OK"
2025-04-27 22:20:53,752 - INFO - Getting https://scholar.google.com/citations?hl=en&user=9PY80DQAAAAJ&pagesize=100
2025-04-27 22:20:53,911 - INFO - Getting https://scholar.google.com/citations?hl=en&user=TyBgOgIAAAAJ&pagesize=100
2025-04-27 22:20:54,347 - INFO - Getting https://scholar.google.com/citations?hl=en&user=RxQkhwIAAAAJ&pagesize=100
2025-04-27 22:20:54,415 - INFO - HTTP Request: GET https://scholar.google.com/citations?hl=en&user=uBMvbQYAAAAJ&pagesize=100 "HTTP/1.1 200 OK"
2025-04-27 22:20:54,751 - INFO - Getting https://scholar.google.com/citations?hl=en&user=x7mKhJwAAAAJ&pagesize=100
2025-04-27 22:20:54,759 - INFO - HTTP Request: GET https://scholar.google.com/citations?hl=en&user=RoD5aZQAAAAJ&pagesize=100 "HTTP/1.1 200 OK"
2025-04-27 22:20:54,837 - INFO - HTTP Request: GET https://scholar.google.com/citations?hl=en&user=4I85QsoAAAAJ&pagesize=100 "HTTP/1.1 200 OK"
2025-04-27 22:20:55,023 - INFO - Getting https://scholar.google.com/citations?hl=en&user=-3ezIfoAAAAJ&pagesize=100
2025-04-27 22:20:55,445 - INFO - Getting https://scholar.google.com/citations?hl=en&user=C-gAd7wAAAAJ&pagesize=100
2025-04-27 22:20:55,473 - INFO - HTTP Request: GET https://scholar.google.com/citations?hl=en&user=QOXPdn8AAAAJ&pagesize=100 "HTTP/1.1 200 OK"
2025-04-27 22:20:55,489 - INFO - HTTP Request: GET https://scholar.google.com/citations?hl=en&user=yvCVQxUAAAAJ&pagesize=100 "HTTP/1.1 200 OK"
2025-04-27 22:20:55,586 - INFO - HTTP Request: GET https://scholar.google.com/citations?hl=en&user=TyBgOgIAAAAJ&pagesize=100 "HTTP/1.1 200 OK"
2025-04-27 22:20:55,737 - INFO - HTTP Request: GET https://scholar.google.com/citations?hl=en&user=9PY80DQAAAAJ&pagesize=100 "HTTP/1.1 200 OK"
2025-04-27 22:20:56,044 - INFO - Getting https://scholar.google.com/citations?hl=en&user=j8vhgpMAAAAJ&pagesize=100
2025-04-27 22:20:56,147 - INFO - HTTP Request: GET https://scholar.google.com/citations?hl=en&user=x7mKhJwAAAAJ&pagesize=100 "HTTP/1.1 200 OK"
2025-04-27 22:20:56,235 - INFO - Getting https://scholar.google.com/citations?hl=en&user=x7mKhJwAAAAJ&pagesize=100
2025-04-27 22:20:56,251 - INFO - HTTP Request: GET https://scholar.google.com/citations?hl=en&user=-3ezIfoAAAAJ&pagesize=100 "HTTP/1.1 200 OK"
2025-04-27 22:20:56,407 - INFO - HTTP Request: GET https://scholar.google.com/citations?hl=en&user=RxQkhwIAAAAJ&pagesize=100 "HTTP/1.1 200 OK"
2025-04-27 22:20:56,564 - INFO - Getting https://scholar.google.com/citations?hl=en&user=QOXPdn8AAAAJ&pagesize=100
2025-04-27 22:20:56,831 - INFO - Getting https://scholar.google.com/citations?hl=en&user=vUiF9k8AAAAJ&pagesize=100
2025-04-27 22:20:57,023 - INFO - HTTP Request: GET https://scholar.google.com/citations?hl=en&user=C-gAd7wAAAAJ&pagesize=100 "HTTP/1.1 200 OK"
2025-04-27 22:20:57,059 - INFO - Getting https://scholar.google.com/citations?hl=en&user=RoD5aZQAAAAJ&pagesize=100
2025-04-27 22:20:57,134 - INFO - HTTP Request: GET https://scholar.google.com/citations?hl=en&user=j8vhgpMAAAAJ&pagesize=100 "HTTP/1.1 200 OK"
2025-04-27 22:20:57,235 - INFO - Getting https://scholar.google.com/citations?hl=en&user=7rQ-4O8AAAAJ&pagesize=100
2025-04-27 22:20:57,511 - INFO - Getting https://scholar.google.com/citations?hl=en&user=xAnmAwwAAAAJ&pagesize=100
2025-04-27 22:20:57,712 - INFO - HTTP Request: GET https://scholar.google.com/citations?hl=en&user=x7mKhJwAAAAJ&pagesize=100 "HTTP/1.1 200 OK"
2025-04-27 22:20:57,833 - INFO - Getting https://scholar.google.com/citations?hl=en&user=xAnmAwwAAAAJ&pagesize=100
2025-04-27 22:20:57,944 - INFO - HTTP Request: GET https://scholar.google.com/citations?hl=en&user=vUiF9k8AAAAJ&pagesize=100 "HTTP/1.1 200 OK"
2025-04-27 22:20:57,944 - INFO - Getting https://scholar.google.com/citations?hl=en&user=Kh7HbVYAAAAJ&pagesize=100
2025-04-27 22:20:58,477 - INFO - HTTP Request: GET https://scholar.google.com/citations?hl=en&user=7rQ-4O8AAAAJ&pagesize=100 "HTTP/1.1 200 OK"
2025-04-27 22:20:58,502 - INFO - HTTP Request: GET https://scholar.google.com/citations?hl=en&user=QOXPdn8AAAAJ&pagesize=100 "HTTP/1.1 200 OK"
2025-04-27 22:20:58,801 - INFO - Getting https://scholar.google.com/citations?hl=en&user=QOXPdn8AAAAJ&pagesize=100
2025-04-27 22:20:59,130 - INFO - HTTP Request: GET https://scholar.google.com/citations?hl=en&user=RoD5aZQAAAAJ&pagesize=100 "HTTP/1.1 200 OK"
2025-04-27 22:20:59,559 - INFO - HTTP Request: GET https://scholar.google.com/citations?hl=en&user=Kh7HbVYAAAAJ&pagesize=100 "HTTP/1.1 200 OK"
2025-04-27 22:20:59,582 - INFO - Getting https://scholar.google.com/citations?hl=en&user=20P_EKIAAAAJ&pagesize=100
2025-04-27 22:20:59,608 - INFO - HTTP Request: GET https://scholar.google.com/citations?hl=en&user=xAnmAwwAAAAJ&pagesize=100 "HTTP/1.1 200 OK"
2025-04-27 22:20:59,835 - INFO - HTTP Request: GET https://scholar.google.com/citations?hl=en&user=xAnmAwwAAAAJ&pagesize=100 "HTTP/1.1 200 OK"
2025-04-27 22:21:00,231 - INFO - Getting https://scholar.google.com/citations?hl=en&user=bUeIWEMAAAAJ&pagesize=100
2025-04-27 22:21:00,551 - INFO - HTTP Request: GET https://scholar.google.com/citations?hl=en&user=QOXPdn8AAAAJ&pagesize=100 "HTTP/1.1 200 OK"
2025-04-27 22:21:01,239 - INFO - HTTP Request: GET https://scholar.google.com/citations?hl=en&user=20P_EKIAAAAJ&pagesize=100 "HTTP/1.1 200 OK"
2025-04-27 22:21:01,848 - INFO - HTTP Request: GET https://scholar.google.com/citations?hl=en&user=bUeIWEMAAAAJ&pagesize=100 "HTTP/1.1 200 OK"
2025-04-27 22:21:04,435 - WARNING - Retrying (Retry(total=1, connect=None, read=None, redirect=None, status=None)) after connection broken by 'ReadTimeoutError("HTTPSConnectionPool(host='nominatim.openstreetmap.org', port=443): Read timed out. (read timeout=1)")': /search?q=Resource+Sciences&format=json&limit=1
2025-04-27 22:21:06,521 - WARNING - Retrying (Retry(total=1, connect=None, read=None, redirect=None, status=None)) after connection broken by 'ReadTimeoutError("HTTPSConnectionPool(host='nominatim.openstreetmap.org', port=443): Read timed out. (read timeout=1)")': /reverse?lat=36.8692702&lon=-76.1861069&format=json&accept-language=en&addressdetails=1
2025-04-27 22:21:08,410 - WARNING - Retrying (Retry(total=1, connect=None, read=None, redirect=None, status=None)) after connection broken by 'ReadTimeoutError("HTTPSConnectionPool(host='nominatim.openstreetmap.org', port=443): Read timed out. (read timeout=1)")': /search?q=Department+of+Earth+and+Atmospheric+Sciences%2C+University+of+Houston&format=json&limit=1
2025-04-27 22:21:10,566 - WARNING - Retrying (Retry(total=1, connect=None, read=None, redirect=None, status=None)) after connection broken by 'ReadTimeoutError("HTTPSConnectionPool(host='nominatim.openstreetmap.org', port=443): Read timed out. (read timeout=1)")': /search?q=Department+of+Earth+and+Atmospheric+Sciences%2C+University+of+Houston&format=json&limit=1
2025-04-27 22:21:13,545 - WARNING - Retrying (Retry(total=1, connect=None, read=None, redirect=None, status=None)) after connection broken by 'ReadTimeoutError("HTTPSConnectionPool(host='nominatim.openstreetmap.org', port=443): Read timed out. (read timeout=1)")': /search?q=Post-Doc&format=json&limit=1
2025-04-27 22:21:17,385 - WARNING - Retrying (Retry(total=1, connect=None, read=None, redirect=None, status=None)) after connection broken by 'ReadTimeoutError("HTTPSConnectionPool(host='nominatim.openstreetmap.org', port=443): Read timed out. (read timeout=1)")': /reverse?lat=29.7207902&lon=-95.3440627&format=json&accept-language=en&addressdetails=1
2025-04-27 22:21:20,401 - WARNING - Retrying (Retry(total=1, connect=None, read=None, redirect=None, status=None)) after connection broken by 'ReadTimeoutError("HTTPSConnectionPool(host='nominatim.openstreetmap.org', port=443): Read timed out. (read timeout=1)")': /reverse?lat=40.0022905&lon=116.320963&format=json&accept-language=en&addressdetails=1
2025-04-27 22:21:21,755 - WARNING - Retrying (Retry(total=1, connect=None, read=None, redirect=None, status=None)) after connection broken by 'ReadTimeoutError("HTTPSConnectionPool(host='nominatim.openstreetmap.org', port=443): Read timed out. (read timeout=1)")': /search?q=Weizmann+Institute+of+Science&format=json&limit=1
2025-04-27 22:21:23,122 - WARNING - Retrying (Retry(total=1, connect=None, read=None, redirect=None, status=None)) after connection broken by 'ReadTimeoutError("HTTPSConnectionPool(host='nominatim.openstreetmap.org', port=443): Read timed out. (read timeout=1)")': /reverse?lat=31.9078499&lon=34.8133409&format=json&accept-language=en&addressdetails=1
2025-04-27 22:21:25,160 - WARNING - Retrying (Retry(total=1, connect=None, read=None, redirect=None, status=None)) after connection broken by 'ReadTimeoutError("HTTPSConnectionPool(host='nominatim.openstreetmap.org', port=443): Read timed out. (read timeout=1)")': /search?q=Professor+of+Psychology%2C+Ryerson+University&format=json&limit=1
2025-04-27 22:21:29,212 - WARNING - Retrying (Retry(total=1, connect=None, read=None, redirect=None, status=None)) after connection broken by 'ReadTimeoutError("HTTPSConnectionPool(host='nominatim.openstreetmap.org', port=443): Read timed out. (read timeout=1)")': /search?q=University+of+California&format=json&limit=1
2025-04-27 22:21:32,232 - WARNING - Retrying (Retry(total=1, connect=None, read=None, redirect=None, status=None)) after connection broken by 'ReadTimeoutError("HTTPSConnectionPool(host='nominatim.openstreetmap.org', port=443): Read timed out. (read timeout=1)")': /search?q=Xi%27an+Jiaotong+University&format=json&limit=1
2025-04-27 22:21:34,342 - WARNING - Retrying (Retry(total=1, connect=None, read=None, redirect=None, status=None)) after connection broken by 'ReadTimeoutError("HTTPSConnectionPool(host='nominatim.openstreetmap.org', port=443): Read timed out. (read timeout=1)")': /reverse?lat=34.2526178&lon=108.9823819&format=json&accept-language=en&addressdetails=1
2025-04-27 22:21:36,171 - WARNING - Retrying (Retry(total=1, connect=None, read=None, redirect=None, status=None)) after connection broken by 'ReadTimeoutError("HTTPSConnectionPool(host='nominatim.openstreetmap.org', port=443): Read timed out. (read timeout=1)")': /search?q=Atmospheric+Sciences&format=json&limit=1
2025-04-27 22:21:39,147 - WARNING - Retrying (Retry(total=1, connect=None, read=None, redirect=None, status=None)) after connection broken by 'ReadTimeoutError("HTTPSConnectionPool(host='nominatim.openstreetmap.org', port=443): Read timed out. (read timeout=1)")': /search?q=MIT&format=json&limit=1
2025-04-27 22:21:40,365 - WARNING - Retrying (Retry(total=0, connect=None, read=None, redirect=None, status=None)) after connection broken by 'ReadTimeoutError("HTTPSConnectionPool(host='nominatim.openstreetmap.org', port=443): Read timed out. (read timeout=1)")': /search?q=MIT&format=json&limit=1
2025-04-27 22:21:44,210 - WARNING - Retrying (Retry(total=1, connect=None, read=None, redirect=None, status=None)) after connection broken by 'ReadTimeoutError("HTTPSConnectionPool(host='nominatim.openstreetmap.org', port=443): Read timed out. (read timeout=1)")': /search?q=Professor+of+Geophysics%2C++Department+of+Physics%2C+University+of+Alberta&format=json&limit=1
2025-04-27 22:21:47,250 - WARNING - Retrying (Retry(total=1, connect=None, read=None, redirect=None, status=None)) after connection broken by 'ReadTimeoutError("HTTPSConnectionPool(host='nominatim.openstreetmap.org', port=443): Read timed out. (read timeout=1)")': /search?q=Professor+of+Geophysics%2C++Department+of+Physics%2C+University+of+Alberta&format=json&limit=1
2025-04-27 22:21:49,662 - WARNING - Retrying (Retry(total=1, connect=None, read=None, redirect=None, status=None)) after connection broken by 'ReadTimeoutError("HTTPSConnectionPool(host='nominatim.openstreetmap.org', port=443): Read timed out. (read timeout=1)")': /reverse?lat=30.6108618&lon=-96.3520606&format=json&accept-language=en&addressdetails=1
2025-04-27 22:21:51,056 - WARNING - Retrying (Retry(total=1, connect=None, read=None, redirect=None, status=None)) after connection broken by 'ReadTimeoutError("HTTPSConnectionPool(host='nominatim.openstreetmap.org', port=443): Read timed out. (read timeout=1)")': /search?q=Jilin+University+%26+Uppsala+University&format=json&limit=1
2025-04-27 22:21:53,144 - WARNING - Retrying (Retry(total=1, connect=None, read=None, redirect=None, status=None)) after connection broken by 'ReadTimeoutError("HTTPSConnectionPool(host='nominatim.openstreetmap.org', port=443): Read timed out. (read timeout=1)")': /search?q=Jilin+University+%26+Uppsala+University&format=json&limit=1
2025-04-27 22:21:55,081 - WARNING - Retrying (Retry(total=1, connect=None, read=None, redirect=None, status=None)) after connection broken by 'ReadTimeoutError("HTTPSConnectionPool(host='nominatim.openstreetmap.org', port=443): Read timed out. (read timeout=1)")': /search?q=Jilin+University+%26+Uppsala+University&format=json&limit=1
2025-04-27 22:21:59,992 - WARNING - Retrying (Retry(total=1, connect=None, read=None, redirect=None, status=None)) after connection broken by 'ReadTimeoutError("HTTPSConnectionPool(host='nominatim.openstreetmap.org', port=443): Read timed out. (read timeout=1)")': /search?q=Gowell+%7C+University+of+Houston&format=json&limit=1
2025-04-27 22:22:01,191 - WARNING - Retrying (Retry(total=0, connect=None, read=None, redirect=None, status=None)) after connection broken by 'ReadTimeoutError("HTTPSConnectionPool(host='nominatim.openstreetmap.org', port=443): Read timed out. (read timeout=1)")': /search?q=Gowell+%7C+University+of+Houston&format=json&limit=1
2025-04-27 22:22:03,152 - WARNING - Retrying (Retry(total=1, connect=None, read=None, redirect=None, status=None)) after connection broken by 'ReadTimeoutError("HTTPSConnectionPool(host='nominatim.openstreetmap.org', port=443): Read timed out. (read timeout=1)")': /search?q=Gowell+%7C+University+of+Houston&format=json&limit=1
2025-04-27 22:22:06,150 - WARNING - Retrying (Retry(total=1, connect=None, read=None, redirect=None, status=None)) after connection broken by 'ReadTimeoutError("HTTPSConnectionPool(host='nominatim.openstreetmap.org', port=443): Read timed out. (read timeout=1)")': /search?q=El+Paso&format=json&limit=1
2025-04-27 22:22:09,091 - WARNING - Retrying (Retry(total=1, connect=None, read=None, redirect=None, status=None)) after connection broken by 'ReadTimeoutError("HTTPSConnectionPool(host='nominatim.openstreetmap.org', port=443): Read timed out. (read timeout=1)")': /search?q=Earth&format=json&limit=1
2025-04-27 22:22:12,084 - WARNING - Retrying (Retry(total=1, connect=None, read=None, redirect=None, status=None)) after connection broken by 'ReadTimeoutError("HTTPSConnectionPool(host='nominatim.openstreetmap.org', port=443): Read timed out. (read timeout=1)")': /search?q=Earth%2C+Ocean+and+Atmospheric+Sciences%2C+University+of+British+Columbia&format=json&limit=1
2025-04-27 22:22:15,199 - WARNING - Retrying (Retry(total=1, connect=None, read=None, redirect=None, status=None)) after connection broken by 'ReadTimeoutError("HTTPSConnectionPool(host='nominatim.openstreetmap.org', port=443): Read timed out. (read timeout=1)")': /search?q=Earth%2C+Ocean+and+Atmospheric+Sciences%2C+University+of+British+Columbia&format=json&limit=1
2025-04-27 22:22:18,047 - WARNING - Retrying (Retry(total=1, connect=None, read=None, redirect=None, status=None)) after connection broken by 'ReadTimeoutError("HTTPSConnectionPool(host='nominatim.openstreetmap.org', port=443): Read timed out. (read timeout=1)")': /reverse?lat=-0.2912908&lon=36.0353719&format=json&accept-language=en&addressdetails=1
2025-04-27 22:22:20,099 - WARNING - Retrying (Retry(total=1, connect=None, read=None, redirect=None, status=None)) after connection broken by 'ReadTimeoutError("HTTPSConnectionPool(host='nominatim.openstreetmap.org', port=443): Read timed out. (read timeout=1)")': /search?q=Technical+Staff+Member&format=json&limit=1
2025-04-27 22:22:23,095 - WARNING - Retrying (Retry(total=1, connect=None, read=None, redirect=None, status=None)) after connection broken by 'ReadTimeoutError("HTTPSConnectionPool(host='nominatim.openstreetmap.org', port=443): Read timed out. (read timeout=1)")': /search?q=Technical+Staff+Member&format=json&limit=1
2025-04-27 22:22:25,134 - WARNING - Retrying (Retry(total=1, connect=None, read=None, redirect=None, status=None)) after connection broken by 'ReadTimeoutError("HTTPSConnectionPool(host='nominatim.openstreetmap.org', port=443): Read timed out. (read timeout=1)")': /search?q=Institute+of+Geophysics%2C+Polish+Academy+of+Sciences&format=json&limit=1
2025-04-27 22:22:28,216 - WARNING - Retrying (Retry(total=1, connect=None, read=None, redirect=None, status=None)) after connection broken by 'ReadTimeoutError("HTTPSConnectionPool(host='nominatim.openstreetmap.org', port=443): Read timed out. (read timeout=1)")': /search?q=Institute+of+Geophysics%2C+Polish+Academy+of+Sciences&format=json&limit=1
2025-04-27 22:22:35,079 - WARNING - Retrying (Retry(total=1, connect=None, read=None, redirect=None, status=None)) after connection broken by 'ReadTimeoutError("HTTPSConnectionPool(host='nominatim.openstreetmap.org', port=443): Read timed out. (read timeout=1)")': /search?q=China+University+of+Petroleum+%28East+China%29&format=json&limit=1
2025-04-27 22:22:36,264 - WARNING - Retrying (Retry(total=0, connect=None, read=None, redirect=None, status=None)) after connection broken by 'ReadTimeoutError("HTTPSConnectionPool(host='nominatim.openstreetmap.org', port=443): Read timed out. (read timeout=1)")': /search?q=China+University+of+Petroleum+%28East+China%29&format=json&limit=1
2025-04-27 22:22:39,543 - WARNING - Retrying (Retry(total=1, connect=None, read=None, redirect=None, status=None)) after connection broken by 'ReadTimeoutError("HTTPSConnectionPool(host='nominatim.openstreetmap.org', port=443): Read timed out. (read timeout=1)")': /search?q=China+University+of+Petroleum+%28East+China%29&format=json&limit=1
2025-04-27 22:22:41,630 - WARNING - Retrying (Retry(total=1, connect=None, read=None, redirect=None, status=None)) after connection broken by 'ReadTimeoutError("HTTPSConnectionPool(host='nominatim.openstreetmap.org', port=443): Read timed out. (read timeout=1)")': /search?q=Beijing&format=json&limit=1
2025-04-27 22:22:44,105 - WARNING - Retrying (Retry(total=1, connect=None, read=None, redirect=None, status=None)) after connection broken by 'ReadTimeoutError("HTTPSConnectionPool(host='nominatim.openstreetmap.org', port=443): Read timed out. (read timeout=1)")': /search?q=Yangtze+University&format=json&limit=1
2025-04-27 22:22:46,508 - WARNING - Retrying (Retry(total=1, connect=None, read=None, redirect=None, status=None)) after connection broken by 'ReadTimeoutError("HTTPSConnectionPool(host='nominatim.openstreetmap.org', port=443): Read timed out. (read timeout=1)")': /search?q=Santa+Barbara&format=json&limit=1
2025-04-27 22:22:47,706 - WARNING - Retrying (Retry(total=0, connect=None, read=None, redirect=None, status=None)) after connection broken by 'ReadTimeoutError("HTTPSConnectionPool(host='nominatim.openstreetmap.org', port=443): Read timed out. (read timeout=1)")': /search?q=Santa+Barbara&format=json&limit=1
2025-04-27 22:22:51,055 - WARNING - Retrying (Retry(total=1, connect=None, read=None, redirect=None, status=None)) after connection broken by 'ReadTimeoutError("HTTPSConnectionPool(host='nominatim.openstreetmap.org', port=443): Read timed out. (read timeout=1)")': /reverse?lat=49.2578314&lon=-123.246242&format=json&accept-language=en&addressdetails=1
2025-04-27 22:22:52,416 - WARNING - Retrying (Retry(total=1, connect=None, read=None, redirect=None, status=None)) after connection broken by 'ReadTimeoutError("HTTPSConnectionPool(host='nominatim.openstreetmap.org', port=443): Read timed out. (read timeout=1)")': /search?q=TOTAL+EP+Research+and+Technology&format=json&limit=1
2025-04-27 22:22:53,610 - WARNING - Retrying (Retry(total=0, connect=None, read=None, redirect=None, status=None)) after connection broken by 'ReadTimeoutError("HTTPSConnectionPool(host='nominatim.openstreetmap.org', port=443): Read timed out. (read timeout=1)")': /search?q=TOTAL+EP+Research+and+Technology&format=json&limit=1
2025-04-27 22:22:55,257 - WARNING - Retrying (Retry(total=1, connect=None, read=None, redirect=None, status=None)) after connection broken by 'ReadTimeoutError("HTTPSConnectionPool(host='nominatim.openstreetmap.org', port=443): Read timed out. (read timeout=1)")': /search?q=TOTAL+EP+Research+and+Technology&format=json&limit=1
2025-04-27 22:22:58,640 - WARNING - Retrying (Retry(total=1, connect=None, read=None, redirect=None, status=None)) after connection broken by 'ReadTimeoutError("HTTPSConnectionPool(host='nominatim.openstreetmap.org', port=443): Read timed out. (read timeout=1)")': /reverse?lat=35.9131542&lon=-79.05578&format=json&accept-language=en&addressdetails=1
2025-04-27 22:23:01,638 - WARNING - Retrying (Retry(total=1, connect=None, read=None, redirect=None, status=None)) after connection broken by 'ReadTimeoutError("HTTPSConnectionPool(host='nominatim.openstreetmap.org', port=443): Read timed out. (read timeout=1)")': /reverse?lat=49.5036259&lon=5.9487155&format=json&accept-language=en&addressdetails=1
2025-04-27 22:23:03,626 - WARNING - Retrying (Retry(total=1, connect=None, read=None, redirect=None, status=None)) after connection broken by 'ReadTimeoutError("HTTPSConnectionPool(host='nominatim.openstreetmap.org', port=443): Read timed out. (read timeout=1)")': /search?q=Postdoctoral+Associate&format=json&limit=1
2025-04-27 22:23:06,599 - WARNING - Retrying (Retry(total=1, connect=None, read=None, redirect=None, status=None)) after connection broken by 'ReadTimeoutError("HTTPSConnectionPool(host='nominatim.openstreetmap.org', port=443): Read timed out. (read timeout=1)")': /search?q=Postdoctoral+Associate&format=json&limit=1
2025-04-27 22:23:08,619 - WARNING - Retrying (Retry(total=1, connect=None, read=None, redirect=None, status=None)) after connection broken by 'ReadTimeoutError("HTTPSConnectionPool(host='nominatim.openstreetmap.org', port=443): Read timed out. (read timeout=1)")': /search?q=Research+Associate%2C+SnT%2C+University+of+Luxembourg&format=json&limit=1
2025-04-27 22:23:10,084 - WARNING - Retrying (Retry(total=1, connect=None, read=None, redirect=None, status=None)) after connection broken by 'ReadTimeoutError("HTTPSConnectionPool(host='nominatim.openstreetmap.org', port=443): Read timed out. (read timeout=1)")': /search?q=Research+Associate%2C+SnT%2C+University+of+Luxembourg&format=json&limit=1
2025-04-27 22:23:11,612 - WARNING - Retrying (Retry(total=1, connect=None, read=None, redirect=None, status=None)) after connection broken by 'ReadTimeoutError("HTTPSConnectionPool(host='nominatim.openstreetmap.org', port=443): Read timed out. (read timeout=1)")': /search?q=Research+Associate%2C+SnT%2C+University+of+Luxembourg&format=json&limit=1
2025-04-27 22:23:16,026 - WARNING - Retrying (Retry(total=1, connect=None, read=None, redirect=None, status=None)) after connection broken by 'ReadTimeoutError("HTTPSConnectionPool(host='nominatim.openstreetmap.org', port=443): Read timed out. (read timeout=1)")': /reverse?lat=35.9453575&lon=120.1670032&format=json&accept-language=en&addressdetails=1
2025-04-27 22:23:18,378 - WARNING - Retrying (Retry(total=1, connect=None, read=None, redirect=None, status=None)) after connection broken by 'ReadTimeoutError("HTTPSConnectionPool(host='nominatim.openstreetmap.org', port=443): Read timed out. (read timeout=1)")': /reverse?lat=38.791182&lon=-89.9902209&format=json&accept-language=en&addressdetails=1
2025-04-27 22:23:21,399 - WARNING - Retrying (Retry(total=1, connect=None, read=None, redirect=None, status=None)) after connection broken by 'ReadTimeoutError("HTTPSConnectionPool(host='nominatim.openstreetmap.org', port=443): Read timed out. (read timeout=1)")': /reverse?lat=30.2711286&lon=-97.7436995&format=json&accept-language=en&addressdetails=1
2025-04-27 22:23:23,412 - WARNING - Retrying (Retry(total=1, connect=None, read=None, redirect=None, status=None)) after connection broken by 'ReadTimeoutError("HTTPSConnectionPool(host='nominatim.openstreetmap.org', port=443): Read timed out. (read timeout=1)")': /search?q=Aramco+Service+Company&format=json&limit=1
2025-04-27 22:23:25,396 - WARNING - Retrying (Retry(total=1, connect=None, read=None, redirect=None, status=None)) after connection broken by 'ReadTimeoutError("HTTPSConnectionPool(host='nominatim.openstreetmap.org', port=443): Read timed out. (read timeout=1)")': /search?q=Aramco+Service+Company&format=json&limit=1
2025-04-27 22:23:27,419 - WARNING - Retrying (Retry(total=1, connect=None, read=None, redirect=None, status=None)) after connection broken by 'ReadTimeoutError("HTTPSConnectionPool(host='nominatim.openstreetmap.org', port=443): Read timed out. (read timeout=1)")': /search?q=Aramco+Service+Company&format=json&limit=1
2025-04-27 22:23:29,415 - WARNING - Retrying (Retry(total=1, connect=None, read=None, redirect=None, status=None)) after connection broken by 'ReadTimeoutError("HTTPSConnectionPool(host='nominatim.openstreetmap.org', port=443): Read timed out. (read timeout=1)")': /search?q=Associate+Professor%2C+University+of+North+Carolina+at+Chapel+Hill&format=json&limit=1
2025-04-27 22:23:31,924 - WARNING - Retrying (Retry(total=1, connect=None, read=None, redirect=None, status=None)) after connection broken by 'ReadTimeoutError("HTTPSConnectionPool(host='nominatim.openstreetmap.org', port=443): Read timed out. (read timeout=1)")': /search?q=Associate+Professor%2C+University+of+North+Carolina+at+Chapel+Hill&format=json&limit=1
2025-04-27 22:23:34,432 - WARNING - Retrying (Retry(total=1, connect=None, read=None, redirect=None, status=None)) after connection broken by 'ReadTimeoutError("HTTPSConnectionPool(host='nominatim.openstreetmap.org', port=443): Read timed out. (read timeout=1)")': /search?q=Associate+Professor%2C+Arizona+State+University&format=json&limit=1
2025-04-27 22:23:36,404 - WARNING - Retrying (Retry(total=1, connect=None, read=None, redirect=None, status=None)) after connection broken by 'ReadTimeoutError("HTTPSConnectionPool(host='nominatim.openstreetmap.org', port=443): Read timed out. (read timeout=1)")': /search?q=Associate+Professor%2C+Arizona+State+University&format=json&limit=1
2025-04-27 22:23:40,338 - WARNING - Retrying (Retry(total=1, connect=None, read=None, redirect=None, status=None)) after connection broken by 'ReadTimeoutError("HTTPSConnectionPool(host='nominatim.openstreetmap.org', port=443): Read timed out. (read timeout=1)")': /search?q=Aramco+Houston+Research+Center&format=json&limit=1
2025-04-27 22:23:43,276 - WARNING - Retrying (Retry(total=1, connect=None, read=None, redirect=None, status=None)) after connection broken by 'ReadTimeoutError("HTTPSConnectionPool(host='nominatim.openstreetmap.org', port=443): Read timed out. (read timeout=1)")': /search?q=Applied+Geophysics+-+OGS&format=json&limit=1
2025-04-27 22:23:46,297 - WARNING - Retrying (Retry(total=1, connect=None, read=None, redirect=None, status=None)) after connection broken by 'ReadTimeoutError("HTTPSConnectionPool(host='nominatim.openstreetmap.org', port=443): Read timed out. (read timeout=1)")': /search?q=Ph.D+student+of+Beihang+University&format=json&limit=1
2025-04-27 22:23:47,489 - WARNING - Retrying (Retry(total=0, connect=None, read=None, redirect=None, status=None)) after connection broken by 'ReadTimeoutError("HTTPSConnectionPool(host='nominatim.openstreetmap.org', port=443): Read timed out. (read timeout=1)")': /search?q=Ph.D+student+of+Beihang+University&format=json&limit=1
2025-04-27 22:23:50,108 - WARNING - Retrying (Retry(total=1, connect=None, read=None, redirect=None, status=None)) after connection broken by 'ReadTimeoutError("HTTPSConnectionPool(host='nominatim.openstreetmap.org', port=443): Read timed out. (read timeout=1)")': /search?q=Ph.D+student+of+Beihang+University&format=json&limit=1
2025-04-27 22:23:55,446 - WARNING - Retrying (Retry(total=1, connect=None, read=None, redirect=None, status=None)) after connection broken by 'ReadTimeoutError("HTTPSConnectionPool(host='nominatim.openstreetmap.org', port=443): Read timed out. (read timeout=1)")': /reverse?lat=37.3003187&lon=126.9697911&format=json&accept-language=en&addressdetails=1
2025-04-27 22:23:57,464 - WARNING - Retrying (Retry(total=1, connect=None, read=None, redirect=None, status=None)) after connection broken by 'ReadTimeoutError("HTTPSConnectionPool(host='nominatim.openstreetmap.org', port=443): Read timed out. (read timeout=1)")': /search?q=Aramco+Houston+Research+Center%2C+Aramco+Service+Company&format=json&limit=1
2025-04-27 22:24:00,496 - WARNING - Retrying (Retry(total=1, connect=None, read=None, redirect=None, status=None)) after connection broken by 'ReadTimeoutError("HTTPSConnectionPool(host='nominatim.openstreetmap.org', port=443): Read timed out. (read timeout=1)")': /search?q=Aramco+Houston+Research+Center%2C+Aramco+Service+Company&format=json&limit=1
2025-04-27 22:24:03,468 - WARNING - Retrying (Retry(total=1, connect=None, read=None, redirect=None, status=None)) after connection broken by 'ReadTimeoutError("HTTPSConnectionPool(host='nominatim.openstreetmap.org', port=443): Read timed out. (read timeout=1)")': /reverse?lat=22.3223754&lon=39.1173835&format=json&accept-language=en&addressdetails=1
2025-04-27 22:24:04,813 - WARNING - Retrying (Retry(total=1, connect=None, read=None, redirect=None, status=None)) after connection broken by 'ReadTimeoutError("HTTPSConnectionPool(host='nominatim.openstreetmap.org', port=443): Read timed out. (read timeout=1)")': /search?q=Politecnico+di+Milano&format=json&limit=1
2025-04-27 22:24:06,162 - WARNING - Retrying (Retry(total=1, connect=None, read=None, redirect=None, status=None)) after connection broken by 'ReadTimeoutError("HTTPSConnectionPool(host='nominatim.openstreetmap.org', port=443): Read timed out. (read timeout=1)")': /reverse?lat=45.0468832&lon=9.7030881&format=json&accept-language=en&addressdetails=1
2025-04-27 22:24:08,508 - WARNING - Retrying (Retry(total=1, connect=None, read=None, redirect=None, status=None)) after connection broken by 'ReadTimeoutError("HTTPSConnectionPool(host='nominatim.openstreetmap.org', port=443): Read timed out. (read timeout=1)")': /reverse?lat=30.2851494&lon=-97.7339352&format=json&accept-language=en&addressdetails=1
2025-04-27 22:24:10,544 - WARNING - Retrying (Retry(total=1, connect=None, read=None, redirect=None, status=None)) after connection broken by 'ReadTimeoutError("HTTPSConnectionPool(host='nominatim.openstreetmap.org', port=443): Read timed out. (read timeout=1)")': /search?q=Shandong+University&format=json&limit=1
2025-04-27 22:24:11,879 - WARNING - Retrying (Retry(total=1, connect=None, read=None, redirect=None, status=None)) after connection broken by 'ReadTimeoutError("HTTPSConnectionPool(host='nominatim.openstreetmap.org', port=443): Read timed out. (read timeout=1)")': /reverse?lat=36.3655393&lon=120.6845859&format=json&accept-language=en&addressdetails=1
2025-04-27 22:24:13,904 - WARNING - Retrying (Retry(total=1, connect=None, read=None, redirect=None, status=None)) after connection broken by 'ReadTimeoutError("HTTPSConnectionPool(host='nominatim.openstreetmap.org', port=443): Read timed out. (read timeout=1)")': /search?q=Johns+Hopkins+University+%26+Project+Canary+Inc.&format=json&limit=1
2025-04-27 22:24:16,999 - WARNING - Retrying (Retry(total=1, connect=None, read=None, redirect=None, status=None)) after connection broken by 'ReadTimeoutError("HTTPSConnectionPool(host='nominatim.openstreetmap.org', port=443): Read timed out. (read timeout=1)")': /search?q=Johns+Hopkins+University+%26+Project+Canary+Inc.&format=json&limit=1
2025-04-27 22:24:19,033 - WARNING - Retrying (Retry(total=1, connect=None, read=None, redirect=None, status=None)) after connection broken by 'ReadTimeoutError("HTTPSConnectionPool(host='nominatim.openstreetmap.org', port=443): Read timed out. (read timeout=1)")': /search?q=Korea+Maritime+%26+Ocean+University&format=json&limit=1
2025-04-27 22:24:20,231 - WARNING - Retrying (Retry(total=0, connect=None, read=None, redirect=None, status=None)) after connection broken by 'ReadTimeoutError("HTTPSConnectionPool(host='nominatim.openstreetmap.org', port=443): Read timed out. (read timeout=1)")': /search?q=Korea+Maritime+%26+Ocean+University&format=json&limit=1
2025-04-27 22:24:21,203 - WARNING - file_cache is unavailable when using oauth2client >= 4.0.0 or google-auth
Traceback (most recent call last):
  File "/opt/homebrew/Caskroom/miniforge/base/lib/python3.9/site-packages/googleapiclient/discovery_cache/__init__.py", line 36, in autodetect
    from google.appengine.api import memcache
ModuleNotFoundError: No module named 'google.appengine'

During handling of the above exception, another exception occurred:

Traceback (most recent call last):
  File "/opt/homebrew/Caskroom/miniforge/base/lib/python3.9/site-packages/googleapiclient/discovery_cache/file_cache.py", line 33, in <module>
    from oauth2client.contrib.locked_file import LockedFile
ModuleNotFoundError: No module named 'oauth2client.contrib.locked_file'

During handling of the above exception, another exception occurred:

Traceback (most recent call last):
  File "/opt/homebrew/Caskroom/miniforge/base/lib/python3.9/site-packages/googleapiclient/discovery_cache/file_cache.py", line 37, in <module>
    from oauth2client.locked_file import LockedFile
ModuleNotFoundError: No module named 'oauth2client.locked_file'

During handling of the above exception, another exception occurred:

Traceback (most recent call last):
  File "/opt/homebrew/Caskroom/miniforge/base/lib/python3.9/site-packages/googleapiclient/discovery_cache/__init__.py", line 41, in autodetect
    from . import file_cache
  File "/opt/homebrew/Caskroom/miniforge/base/lib/python3.9/site-packages/googleapiclient/discovery_cache/file_cache.py", line 40, in <module>
    raise ImportError(
ImportError: file_cache is unavailable when using oauth2client >= 4.0.0 or google-auth
2025-04-27 22:24:21,204 - INFO - URL being requested: GET https://www.googleapis.com/discovery/v1/apis/sheets/v4/rest
2025-04-27 22:24:21,904 - INFO - URL being requested: GET https://sheets.googleapis.com/v4/spreadsheets/1YXQ_kMOL-l7dERVB867suz7CE5YCAT1vZCEeoKgbqqU?alt=json
2025-04-27 22:24:22,406 - INFO - URL being requested: GET https://sheets.googleapis.com/v4/spreadsheets/1YXQ_kMOL-l7dERVB867suz7CE5YCAT1vZCEeoKgbqqU/values/Form%20Responses%201%21A%3AZZ?alt=json
2025-04-27 22:24:22,940 - WARNING - Retrying (Retry(total=1, connect=None, read=None, redirect=None, status=None)) after connection broken by 'ReadTimeoutError("HTTPSConnectionPool(host='nominatim.openstreetmap.org', port=443): Read timed out. (read timeout=1)")': /search?q=Professor+of+Geophysics%2C+Yangtze+University&format=json&limit=1
2025-04-27 22:24:23,778 - WARNING - Retrying (Retry(total=1, connect=None, read=None, redirect=None, status=None)) after connection broken by 'ReadTimeoutError("HTTPSConnectionPool(host='nominatim.openstreetmap.org', port=443): Read timed out. (read timeout=1)")': /search?q=Los+Alamos+National+Laboratory&format=json&limit=1
2025-04-27 22:24:24,137 - WARNING - Retrying (Retry(total=0, connect=None, read=None, redirect=None, status=None)) after connection broken by 'ReadTimeoutError("HTTPSConnectionPool(host='nominatim.openstreetmap.org', port=443): Read timed out. (read timeout=1)")': /search?q=Professor+of+Geophysics%2C+Yangtze+University&format=json&limit=1
2025-04-27 22:24:24,965 - WARNING - Retrying (Retry(total=0, connect=None, read=None, redirect=None, status=None)) after connection broken by 'ReadTimeoutError("HTTPSConnectionPool(host='nominatim.openstreetmap.org', port=443): Read timed out. (read timeout=1)")': /search?q=Los+Alamos+National+Laboratory&format=json&limit=1
2025-04-27 22:24:26,527 - WARNING - Retrying (Retry(total=1, connect=None, read=None, redirect=None, status=None)) after connection broken by 'ReadTimeoutError("HTTPSConnectionPool(host='nominatim.openstreetmap.org', port=443): Read timed out. (read timeout=1)")': /search?q=Professor+of+Geophysics%2C+Yangtze+University&format=json&limit=1
2025-04-27 22:24:27,366 - WARNING - Retrying (Retry(total=1, connect=None, read=None, redirect=None, status=None)) after connection broken by 'ReadTimeoutError("HTTPSConnectionPool(host='nominatim.openstreetmap.org', port=443): Read timed out. (read timeout=1)")': /search?q=Los+Alamos+National+Laboratory&format=json&limit=1
2025-04-27 22:24:27,729 - WARNING - Retrying (Retry(total=0, connect=None, read=None, redirect=None, status=None)) after connection broken by 'ReadTimeoutError("HTTPSConnectionPool(host='nominatim.openstreetmap.org', port=443): Read timed out. (read timeout=1)")': /search?q=Professor+of+Geophysics%2C+Yangtze+University&format=json&limit=1
2025-04-27 22:24:28,736 - WARNING - Retrying (Retry(total=1, connect=None, read=None, redirect=None, status=None)) after connection broken by 'ReadTimeoutError("HTTPSConnectionPool(host='nominatim.openstreetmap.org', port=443): Read timed out. (read timeout=1)")': /reverse?lat=35.8190003&lon=-106.2656274&format=json&accept-language=en&addressdetails=1
2025-04-27 22:24:29,954 - WARNING - Retrying (Retry(total=0, connect=None, read=None, redirect=None, status=None)) after connection broken by 'ReadTimeoutError("HTTPSConnectionPool(host='nominatim.openstreetmap.org', port=443): Read timed out. (read timeout=1)")': /reverse?lat=35.8190003&lon=-106.2656274&format=json&accept-language=en&addressdetails=1
2025-04-27 22:24:30,115 - WARNING - Retrying (Retry(total=1, connect=None, read=None, redirect=None, status=None)) after connection broken by 'ReadTimeoutError("HTTPSConnectionPool(host='nominatim.openstreetmap.org', port=443): Read timed out. (read timeout=1)")': /search?q=Professor+of+Geophysics%2C+Yangtze+University&format=json&limit=1
2025-04-27 22:24:31,314 - WARNING - Retrying (Retry(total=0, connect=None, read=None, redirect=None, status=None)) after connection broken by 'ReadTimeoutError("HTTPSConnectionPool(host='nominatim.openstreetmap.org', port=443): Read timed out. (read timeout=1)")': /search?q=Professor+of+Geophysics%2C+Yangtze+University&format=json&limit=1
2025-04-27 22:24:32,342 - WARNING - Retrying (Retry(total=1, connect=None, read=None, redirect=None, status=None)) after connection broken by 'ReadTimeoutError("HTTPSConnectionPool(host='nominatim.openstreetmap.org', port=443): Read timed out. (read timeout=1)")': /search?q=Los+Alamos+National+Laboratory&format=json&limit=1
2025-04-27 22:24:33,524 - WARNING - Retrying (Retry(total=0, connect=None, read=None, redirect=None, status=None)) after connection broken by 'ReadTimeoutError("HTTPSConnectionPool(host='nominatim.openstreetmap.org', port=443): Read timed out. (read timeout=1)")': /search?q=Los+Alamos+National+Laboratory&format=json&limit=1
2025-04-27 22:24:33,695 - WARNING - Retrying (Retry(total=1, connect=None, read=None, redirect=None, status=None)) after connection broken by 'ReadTimeoutError("HTTPSConnectionPool(host='nominatim.openstreetmap.org', port=443): Read timed out. (read timeout=1)")': /search?q=Research+Geophysicist%2C+TotalEnergies&format=json&limit=1
2025-04-27 22:24:34,873 - WARNING - Retrying (Retry(total=1, connect=None, read=None, redirect=None, status=None)) after connection broken by 'ReadTimeoutError("HTTPSConnectionPool(host='nominatim.openstreetmap.org', port=443): Read timed out. (read timeout=1)")': /reverse?lat=35.8190003&lon=-106.2656274&format=json&accept-language=en&addressdetails=1
2025-04-27 22:24:34,897 - WARNING - Retrying (Retry(total=0, connect=None, read=None, redirect=None, status=None)) after connection broken by 'ReadTimeoutError("HTTPSConnectionPool(host='nominatim.openstreetmap.org', port=443): Read timed out. (read timeout=1)")': /search?q=Research+Geophysicist%2C+TotalEnergies&format=json&limit=1
2025-04-27 22:24:36,086 - WARNING - Retrying (Retry(total=0, connect=None, read=None, redirect=None, status=None)) after connection broken by 'ReadTimeoutError("HTTPSConnectionPool(host='nominatim.openstreetmap.org', port=443): Read timed out. (read timeout=1)")': /reverse?lat=35.8190003&lon=-106.2656274&format=json&accept-language=en&addressdetails=1
2025-04-27 22:24:37,306 - WARNING - Retrying (Retry(total=1, connect=None, read=None, redirect=None, status=None)) after connection broken by 'ReadTimeoutError("HTTPSConnectionPool(host='nominatim.openstreetmap.org', port=443): Read timed out. (read timeout=1)")': /search?q=Research+Geophysicist%2C+TotalEnergies&format=json&limit=1
2025-04-27 22:24:38,482 - WARNING - Retrying (Retry(total=1, connect=None, read=None, redirect=None, status=None)) after connection broken by 'ReadTimeoutError("HTTPSConnectionPool(host='nominatim.openstreetmap.org', port=443): Read timed out. (read timeout=1)")': /search?q=Resource+Sciences&format=json&limit=1
2025-04-27 22:24:38,486 - WARNING - Retrying (Retry(total=0, connect=None, read=None, redirect=None, status=None)) after connection broken by 'ReadTimeoutError("HTTPSConnectionPool(host='nominatim.openstreetmap.org', port=443): Read timed out. (read timeout=1)")': /search?q=Research+Geophysicist%2C+TotalEnergies&format=json&limit=1
2025-04-27 22:24:39,673 - WARNING - Retrying (Retry(total=0, connect=None, read=None, redirect=None, status=None)) after connection broken by 'ReadTimeoutError("HTTPSConnectionPool(host='nominatim.openstreetmap.org', port=443): Read timed out. (read timeout=1)")': /search?q=Resource+Sciences&format=json&limit=1
2025-04-27 22:24:39,789 - WARNING - Retrying (Retry(total=1, connect=None, read=None, redirect=None, status=None)) after connection broken by 'ReadTimeoutError("HTTPSConnectionPool(host='nominatim.openstreetmap.org', port=443): Read timed out. (read timeout=1)")': /search?q=Research+Geophysicist%2C+TotalEnergies&format=json&limit=1
2025-04-27 22:24:40,974 - WARNING - Retrying (Retry(total=0, connect=None, read=None, redirect=None, status=None)) after connection broken by 'ReadTimeoutError("HTTPSConnectionPool(host='nominatim.openstreetmap.org', port=443): Read timed out. (read timeout=1)")': /search?q=Research+Geophysicist%2C+TotalEnergies&format=json&limit=1
2025-04-27 22:24:42,076 - WARNING - Retrying (Retry(total=1, connect=None, read=None, redirect=None, status=None)) after connection broken by 'ReadTimeoutError("HTTPSConnectionPool(host='nominatim.openstreetmap.org', port=443): Read timed out. (read timeout=1)")': /search?q=Resource+Sciences&format=json&limit=1
2025-04-27 22:24:43,271 - WARNING - Retrying (Retry(total=0, connect=None, read=None, redirect=None, status=None)) after connection broken by 'ReadTimeoutError("HTTPSConnectionPool(host='nominatim.openstreetmap.org', port=443): Read timed out. (read timeout=1)")': /search?q=Resource+Sciences&format=json&limit=1
2025-04-27 22:24:43,398 - WARNING - Retrying (Retry(total=1, connect=None, read=None, redirect=None, status=None)) after connection broken by 'ReadTimeoutError("HTTPSConnectionPool(host='nominatim.openstreetmap.org', port=443): Read timed out. (read timeout=1)")': /search?q=%EC%84%B1%EA%B7%A0%EA%B4%80%EB%8C%80%ED%95%99%EA%B5%90&format=json&limit=1
2025-04-27 22:24:43,689 - INFO - Received an HTTP error (429): <html>
<head>
<title>Bandwidth limit exceeded</title>
</head>
<body>
<h1>Bandwidth limit exceeded</h1>

<p>You have been temporarily blocked because you have been overusing OSM's geocoding service or because you have not provided sufficient identification of your application. This block will be automatically lifted after a while. Please take the time and adapt your scripts to reduce the number of requests and make sure that you send a valid UserAgent or Referer.</p>

<p>For more information, consult the <a href="https://operations.osmfoundation.org/policies/nominatim/">usage policy</a> for the OSM Nominatim server.</p>
</body>
</html>

2025-04-27 22:24:43,787 - INFO - Received an HTTP error (429): <html>
<head>
<title>Bandwidth limit exceeded</title>
</head>
<body>
<h1>Bandwidth limit exceeded</h1>

<p>You have been temporarily blocked because you have been overusing OSM's geocoding service or because you have not provided sufficient identification of your application. This block will be automatically lifted after a while. Please take the time and adapt your scripts to reduce the number of requests and make sure that you send a valid UserAgent or Referer.</p>

<p>For more information, consult the <a href="https://operations.osmfoundation.org/policies/nominatim/">usage policy</a> for the OSM Nominatim server.</p>
</body>
</html>

2025-04-27 22:24:44,793 - WARNING - Retrying (Retry(total=1, connect=None, read=None, redirect=None, status=None)) after connection broken by 'ReadTimeoutError("HTTPSConnectionPool(host='nominatim.openstreetmap.org', port=443): Read timed out. (read timeout=1)")': /search?q=%EC%84%B1%EA%B7%A0%EA%B4%80%EB%8C%80%ED%95%99%EA%B5%90&format=json&limit=1
2025-04-27 22:24:45,974 - WARNING - Retrying (Retry(total=0, connect=None, read=None, redirect=None, status=None)) after connection broken by 'ReadTimeoutError("HTTPSConnectionPool(host='nominatim.openstreetmap.org', port=443): Read timed out. (read timeout=1)")': /search?q=%EC%84%B1%EA%B7%A0%EA%B4%80%EB%8C%80%ED%95%99%EA%B5%90&format=json&limit=1
2025-04-27 22:24:46,856 - WARNING - Retrying (Retry(total=1, connect=None, read=None, redirect=None, status=None)) after connection broken by 'ReadTimeoutError("HTTPSConnectionPool(host='nominatim.openstreetmap.org', port=443): Read timed out. (read timeout=1)")': /search?q=Department+of+Earth+and+Atmospheric+Sciences%2C+University+of+Houston&format=json&limit=1
2025-04-27 22:24:47,460 - INFO - Received an HTTP error (429): <html>
<head>
<title>Bandwidth limit exceeded</title>
</head>
<body>
<h1>Bandwidth limit exceeded</h1>

<p>You have been temporarily blocked because you have been overusing OSM's geocoding service or because you have not provided sufficient identification of your application. This block will be automatically lifted after a while. Please take the time and adapt your scripts to reduce the number of requests and make sure that you send a valid UserAgent or Referer.</p>

<p>For more information, consult the <a href="https://operations.osmfoundation.org/policies/nominatim/">usage policy</a> for the OSM Nominatim server.</p>
</body>
</html>

2025-04-27 22:24:47,545 - INFO - Received an HTTP error (429): <html>
<head>
<title>Bandwidth limit exceeded</title>
</head>
<body>
<h1>Bandwidth limit exceeded</h1>

<p>You have been temporarily blocked because you have been overusing OSM's geocoding service or because you have not provided sufficient identification of your application. This block will be automatically lifted after a while. Please take the time and adapt your scripts to reduce the number of requests and make sure that you send a valid UserAgent or Referer.</p>

<p>For more information, consult the <a href="https://operations.osmfoundation.org/policies/nominatim/">usage policy</a> for the OSM Nominatim server.</p>
</body>
</html>

2025-04-27 22:24:47,636 - INFO - Received an HTTP error (429): <html>
<head>
<title>Bandwidth limit exceeded</title>
</head>
<body>
<h1>Bandwidth limit exceeded</h1>

<p>You have been temporarily blocked because you have been overusing OSM's geocoding service or because you have not provided sufficient identification of your application. This block will be automatically lifted after a while. Please take the time and adapt your scripts to reduce the number of requests and make sure that you send a valid UserAgent or Referer.</p>

<p>For more information, consult the <a href="https://operations.osmfoundation.org/policies/nominatim/">usage policy</a> for the OSM Nominatim server.</p>
</body>
</html>

2025-04-27 22:24:47,759 - INFO - Received an HTTP error (429): <html>
<head>
<title>Bandwidth limit exceeded</title>
</head>
<body>
<h1>Bandwidth limit exceeded</h1>

<p>You have been temporarily blocked because you have been overusing OSM's geocoding service or because you have not provided sufficient identification of your application. This block will be automatically lifted after a while. Please take the time and adapt your scripts to reduce the number of requests and make sure that you send a valid UserAgent or Referer.</p>

<p>For more information, consult the <a href="https://operations.osmfoundation.org/policies/nominatim/">usage policy</a> for the OSM Nominatim server.</p>
</body>
</html>

2025-04-27 22:24:48,049 - WARNING - Retrying (Retry(total=0, connect=None, read=None, redirect=None, status=None)) after connection broken by 'ReadTimeoutError("HTTPSConnectionPool(host='nominatim.openstreetmap.org', port=443): Read timed out. (read timeout=1)")': /search?q=Department+of+Earth+and+Atmospheric+Sciences%2C+University+of+Houston&format=json&limit=1
2025-04-27 22:24:48,311 - INFO - Received an HTTP error (429): <html>
<head>
<title>Bandwidth limit exceeded</title>
</head>
<body>
<h1>Bandwidth limit exceeded</h1>

<p>You have been temporarily blocked because you have been overusing OSM's geocoding service or because you have not provided sufficient identification of your application. This block will be automatically lifted after a while. Please take the time and adapt your scripts to reduce the number of requests and make sure that you send a valid UserAgent or Referer.</p>

<p>For more information, consult the <a href="https://operations.osmfoundation.org/policies/nominatim/">usage policy</a> for the OSM Nominatim server.</p>
</body>
</html>

2025-04-27 22:24:48,402 - INFO - Received an HTTP error (429): <html>
<head>
<title>Bandwidth limit exceeded</title>
</head>
<body>
<h1>Bandwidth limit exceeded</h1>

<p>You have been temporarily blocked because you have been overusing OSM's geocoding service or because you have not provided sufficient identification of your application. This block will be automatically lifted after a while. Please take the time and adapt your scripts to reduce the number of requests and make sure that you send a valid UserAgent or Referer.</p>

<p>For more information, consult the <a href="https://operations.osmfoundation.org/policies/nominatim/">usage policy</a> for the OSM Nominatim server.</p>
</body>
</html>

2025-04-27 22:24:48,509 - INFO - Received an HTTP error (429): <html>
<head>
<title>Bandwidth limit exceeded</title>
</head>
<body>
<h1>Bandwidth limit exceeded</h1>

<p>You have been temporarily blocked because you have been overusing OSM's geocoding service or because you have not provided sufficient identification of your application. This block will be automatically lifted after a while. Please take the time and adapt your scripts to reduce the number of requests and make sure that you send a valid UserAgent or Referer.</p>

<p>For more information, consult the <a href="https://operations.osmfoundation.org/policies/nominatim/">usage policy</a> for the OSM Nominatim server.</p>
</body>
</html>

2025-04-27 22:24:48,593 - INFO - Received an HTTP error (429): <html>
<head>
<title>Bandwidth limit exceeded</title>
</head>
<body>
<h1>Bandwidth limit exceeded</h1>

<p>You have been temporarily blocked because you have been overusing OSM's geocoding service or because you have not provided sufficient identification of your application. This block will be automatically lifted after a while. Please take the time and adapt your scripts to reduce the number of requests and make sure that you send a valid UserAgent or Referer.</p>

<p>For more information, consult the <a href="https://operations.osmfoundation.org/policies/nominatim/">usage policy</a> for the OSM Nominatim server.</p>
</body>
</html>

2025-04-27 22:24:48,697 - INFO - Received an HTTP error (429): <html>
<head>
<title>Bandwidth limit exceeded</title>
</head>
<body>
<h1>Bandwidth limit exceeded</h1>

<p>You have been temporarily blocked because you have been overusing OSM's geocoding service or because you have not provided sufficient identification of your application. This block will be automatically lifted after a while. Please take the time and adapt your scripts to reduce the number of requests and make sure that you send a valid UserAgent or Referer.</p>

<p>For more information, consult the <a href="https://operations.osmfoundation.org/policies/nominatim/">usage policy</a> for the OSM Nominatim server.</p>
</body>
</html>

2025-04-27 22:24:48,767 - WARNING - Retrying (Retry(total=1, connect=None, read=None, redirect=None, status=None)) after connection broken by 'ReadTimeoutError("HTTPSConnectionPool(host='nominatim.openstreetmap.org', port=443): Read timed out. (read timeout=1)")': /search?q=Research+Geophysicist&format=json&limit=1
2025-04-27 22:24:48,789 - INFO - Received an HTTP error (429): <html>
<head>
<title>Bandwidth limit exceeded</title>
</head>
<body>
<h1>Bandwidth limit exceeded</h1>

<p>You have been temporarily blocked because you have been overusing OSM's geocoding service or because you have not provided sufficient identification of your application. This block will be automatically lifted after a while. Please take the time and adapt your scripts to reduce the number of requests and make sure that you send a valid UserAgent or Referer.</p>

<p>For more information, consult the <a href="https://operations.osmfoundation.org/policies/nominatim/">usage policy</a> for the OSM Nominatim server.</p>
</body>
</html>

2025-04-27 22:24:49,056 - INFO - Received an HTTP error (429): <html>
<head>
<title>Bandwidth limit exceeded</title>
</head>
<body>
<h1>Bandwidth limit exceeded</h1>

<p>You have been temporarily blocked because you have been overusing OSM's geocoding service or because you have not provided sufficient identification of your application. This block will be automatically lifted after a while. Please take the time and adapt your scripts to reduce the number of requests and make sure that you send a valid UserAgent or Referer.</p>

<p>For more information, consult the <a href="https://operations.osmfoundation.org/policies/nominatim/">usage policy</a> for the OSM Nominatim server.</p>
</body>
</html>

2025-04-27 22:24:49,157 - INFO - Received an HTTP error (429): <html>
<head>
<title>Bandwidth limit exceeded</title>
</head>
<body>
<h1>Bandwidth limit exceeded</h1>

<p>You have been temporarily blocked because you have been overusing OSM's geocoding service or because you have not provided sufficient identification of your application. This block will be automatically lifted after a while. Please take the time and adapt your scripts to reduce the number of requests and make sure that you send a valid UserAgent or Referer.</p>

<p>For more information, consult the <a href="https://operations.osmfoundation.org/policies/nominatim/">usage policy</a> for the OSM Nominatim server.</p>
</body>
</html>

2025-04-27 22:24:49,270 - INFO - Received an HTTP error (429): <html>
<head>
<title>Bandwidth limit exceeded</title>
</head>
<body>
<h1>Bandwidth limit exceeded</h1>

<p>You have been temporarily blocked because you have been overusing OSM's geocoding service or because you have not provided sufficient identification of your application. This block will be automatically lifted after a while. Please take the time and adapt your scripts to reduce the number of requests and make sure that you send a valid UserAgent or Referer.</p>

<p>For more information, consult the <a href="https://operations.osmfoundation.org/policies/nominatim/">usage policy</a> for the OSM Nominatim server.</p>
</body>
</html>

2025-04-27 22:24:49,364 - INFO - Received an HTTP error (429): <html>
<head>
<title>Bandwidth limit exceeded</title>
</head>
<body>
<h1>Bandwidth limit exceeded</h1>

<p>You have been temporarily blocked because you have been overusing OSM's geocoding service or because you have not provided sufficient identification of your application. This block will be automatically lifted after a while. Please take the time and adapt your scripts to reduce the number of requests and make sure that you send a valid UserAgent or Referer.</p>

<p>For more information, consult the <a href="https://operations.osmfoundation.org/policies/nominatim/">usage policy</a> for the OSM Nominatim server.</p>
</body>
</html>

2025-04-27 22:24:49,457 - INFO - Received an HTTP error (429): <html>
<head>
<title>Bandwidth limit exceeded</title>
</head>
<body>
<h1>Bandwidth limit exceeded</h1>

<p>You have been temporarily blocked because you have been overusing OSM's geocoding service or because you have not provided sufficient identification of your application. This block will be automatically lifted after a while. Please take the time and adapt your scripts to reduce the number of requests and make sure that you send a valid UserAgent or Referer.</p>

<p>For more information, consult the <a href="https://operations.osmfoundation.org/policies/nominatim/">usage policy</a> for the OSM Nominatim server.</p>
</body>
</html>

2025-04-27 22:24:49,552 - INFO - Received an HTTP error (429): <html>
<head>
<title>Bandwidth limit exceeded</title>
</head>
<body>
<h1>Bandwidth limit exceeded</h1>

<p>You have been temporarily blocked because you have been overusing OSM's geocoding service or because you have not provided sufficient identification of your application. This block will be automatically lifted after a while. Please take the time and adapt your scripts to reduce the number of requests and make sure that you send a valid UserAgent or Referer.</p>

<p>For more information, consult the <a href="https://operations.osmfoundation.org/policies/nominatim/">usage policy</a> for the OSM Nominatim server.</p>
</body>
</html>

2025-04-27 22:24:49,640 - INFO - Received an HTTP error (429): <html>
<head>
<title>Bandwidth limit exceeded</title>
</head>
<body>
<h1>Bandwidth limit exceeded</h1>

<p>You have been temporarily blocked because you have been overusing OSM's geocoding service or because you have not provided sufficient identification of your application. This block will be automatically lifted after a while. Please take the time and adapt your scripts to reduce the number of requests and make sure that you send a valid UserAgent or Referer.</p>

<p>For more information, consult the <a href="https://operations.osmfoundation.org/policies/nominatim/">usage policy</a> for the OSM Nominatim server.</p>
</body>
</html>

2025-04-27 22:24:49,734 - INFO - Received an HTTP error (429): <html>
<head>
<title>Bandwidth limit exceeded</title>
</head>
<body>
<h1>Bandwidth limit exceeded</h1>

<p>You have been temporarily blocked because you have been overusing OSM's geocoding service or because you have not provided sufficient identification of your application. This block will be automatically lifted after a while. Please take the time and adapt your scripts to reduce the number of requests and make sure that you send a valid UserAgent or Referer.</p>

<p>For more information, consult the <a href="https://operations.osmfoundation.org/policies/nominatim/">usage policy</a> for the OSM Nominatim server.</p>
</body>
</html>

2025-04-27 22:24:49,796 - WARNING - Retrying (Retry(total=1, connect=None, read=None, redirect=None, status=None)) after connection broken by 'ReadTimeoutError("HTTPSConnectionPool(host='nominatim.openstreetmap.org', port=443): Read timed out. (read timeout=1)")': /search?q=University+of+Houston&format=json&limit=1
2025-04-27 22:24:49,831 - INFO - Received an HTTP error (429): <html>
<head>
<title>Bandwidth limit exceeded</title>
</head>
<body>
<h1>Bandwidth limit exceeded</h1>

<p>You have been temporarily blocked because you have been overusing OSM's geocoding service or because you have not provided sufficient identification of your application. This block will be automatically lifted after a while. Please take the time and adapt your scripts to reduce the number of requests and make sure that you send a valid UserAgent or Referer.</p>

<p>For more information, consult the <a href="https://operations.osmfoundation.org/policies/nominatim/">usage policy</a> for the OSM Nominatim server.</p>
</body>
</html>

2025-04-27 22:24:50,838 - WARNING - Retrying (Retry(total=1, connect=None, read=None, redirect=None, status=None)) after connection broken by 'ReadTimeoutError("HTTPSConnectionPool(host='nominatim.openstreetmap.org', port=443): Read timed out. (read timeout=1)")': /search?q=Jilin+University%2C+Associate+Professor&format=json&limit=1
2025-04-27 22:24:50,981 - WARNING - Retrying (Retry(total=0, connect=None, read=None, redirect=None, status=None)) after connection broken by 'ReadTimeoutError("HTTPSConnectionPool(host='nominatim.openstreetmap.org', port=443): Read timed out. (read timeout=1)")': /search?q=University+of+Houston&format=json&limit=1
2025-04-27 22:24:52,368 - WARNING - Retrying (Retry(total=1, connect=None, read=None, redirect=None, status=None)) after connection broken by 'ReadTimeoutError("HTTPSConnectionPool(host='nominatim.openstreetmap.org', port=443): Read timed out. (read timeout=1)")': /reverse?lat=29.7207902&lon=-95.3440627&format=json&accept-language=en&addressdetails=1
2025-04-27 22:24:53,652 - WARNING - Retrying (Retry(total=0, connect=None, read=None, redirect=None, status=None)) after connection broken by 'ReadTimeoutError("HTTPSConnectionPool(host='nominatim.openstreetmap.org', port=443): Read timed out. (read timeout=1)")': /reverse?lat=29.7207902&lon=-95.3440627&format=json&accept-language=en&addressdetails=1
2025-04-27 22:24:54,281 - WARNING - Retrying (Retry(total=1, connect=None, read=None, redirect=None, status=None)) after connection broken by 'ReadTimeoutError("HTTPSConnectionPool(host='nominatim.openstreetmap.org', port=443): Read timed out. (read timeout=1)")': /reverse?lat=30.521595&lon=120.7195312&format=json&accept-language=en&addressdetails=1
2025-04-27 22:24:55,697 - WARNING - Retrying (Retry(total=1, connect=None, read=None, redirect=None, status=None)) after connection broken by 'ReadTimeoutError("HTTPSConnectionPool(host='nominatim.openstreetmap.org', port=443): Read timed out. (read timeout=1)")': /search?q=Earth%2C+Environmental+and+Resource+Sciences%2C+The+University+of+Texas+at+El+Paso&format=json&limit=1
2025-04-27 22:24:56,217 - WARNING - Retrying (Retry(total=1, connect=None, read=None, redirect=None, status=None)) after connection broken by 'ReadTimeoutError("HTTPSConnectionPool(host='nominatim.openstreetmap.org', port=443): Read timed out. (read timeout=1)")': /search?q=University+of+Houston&format=json&limit=1
2025-04-27 22:24:56,972 - WARNING - Retrying (Retry(total=0, connect=None, read=None, redirect=None, status=None)) after connection broken by 'ReadTimeoutError("HTTPSConnectionPool(host='nominatim.openstreetmap.org', port=443): Read timed out. (read timeout=1)")': /search?q=Earth%2C+Environmental+and+Resource+Sciences%2C+The+University+of+Texas+at+El+Paso&format=json&limit=1
2025-04-27 22:24:57,502 - WARNING - Retrying (Retry(total=0, connect=None, read=None, redirect=None, status=None)) after connection broken by 'ReadTimeoutError("HTTPSConnectionPool(host='nominatim.openstreetmap.org', port=443): Read timed out. (read timeout=1)")': /search?q=University+of+Houston&format=json&limit=1
2025-04-27 22:24:58,476 - WARNING - Retrying (Retry(total=1, connect=None, read=None, redirect=None, status=None)) after connection broken by 'ReadTimeoutError("HTTPSConnectionPool(host='nominatim.openstreetmap.org', port=443): Read timed out. (read timeout=1)")': /search?q=Earth%2C+Environmental+and+Resource+Sciences%2C+The+University+of+Texas+at+El+Paso&format=json&limit=1
2025-04-27 22:24:59,766 - WARNING - Retrying (Retry(total=0, connect=None, read=None, redirect=None, status=None)) after connection broken by 'ReadTimeoutError("HTTPSConnectionPool(host='nominatim.openstreetmap.org', port=443): Read timed out. (read timeout=1)")': /search?q=Earth%2C+Environmental+and+Resource+Sciences%2C+The+University+of+Texas+at+El+Paso&format=json&limit=1
2025-04-27 22:24:59,967 - WARNING - Retrying (Retry(total=1, connect=None, read=None, redirect=None, status=None)) after connection broken by 'ReadTimeoutError("HTTPSConnectionPool(host='nominatim.openstreetmap.org', port=443): Read timed out. (read timeout=1)")': /search?q=University+of+Houston&format=json&limit=1
2025-04-27 22:25:01,261 - WARNING - Retrying (Retry(total=0, connect=None, read=None, redirect=None, status=None)) after connection broken by 'ReadTimeoutError("HTTPSConnectionPool(host='nominatim.openstreetmap.org', port=443): Read timed out. (read timeout=1)")': /search?q=University+of+Houston&format=json&limit=1
2025-04-27 22:25:02,372 - WARNING - Retrying (Retry(total=1, connect=None, read=None, redirect=None, status=None)) after connection broken by 'ReadTimeoutError("HTTPSConnectionPool(host='nominatim.openstreetmap.org', port=443): Read timed out. (read timeout=1)")': /search?q=Earth%2C+Environmental+and+Resource+Sciences%2C+The+University+of+Texas+at+El+Paso&format=json&limit=1
2025-04-27 22:25:03,656 - WARNING - Retrying (Retry(total=0, connect=None, read=None, redirect=None, status=None)) after connection broken by 'ReadTimeoutError("HTTPSConnectionPool(host='nominatim.openstreetmap.org', port=443): Read timed out. (read timeout=1)")': /search?q=Earth%2C+Environmental+and+Resource+Sciences%2C+The+University+of+Texas+at+El+Paso&format=json&limit=1
2025-04-27 22:25:03,852 - WARNING - Retrying (Retry(total=1, connect=None, read=None, redirect=None, status=None)) after connection broken by 'ReadTimeoutError("HTTPSConnectionPool(host='nominatim.openstreetmap.org', port=443): Read timed out. (read timeout=1)")': /search?q=Tsinghua+University&format=json&limit=1
2025-04-27 22:25:05,146 - WARNING - Retrying (Retry(total=0, connect=None, read=None, redirect=None, status=None)) after connection broken by 'ReadTimeoutError("HTTPSConnectionPool(host='nominatim.openstreetmap.org', port=443): Read timed out. (read timeout=1)")': /search?q=Tsinghua+University&format=json&limit=1
2025-04-27 22:25:06,207 - WARNING - Retrying (Retry(total=1, connect=None, read=None, redirect=None, status=None)) after connection broken by 'ReadTimeoutError("HTTPSConnectionPool(host='nominatim.openstreetmap.org', port=443): Read timed out. (read timeout=1)")': /search?q=Postdoctoral+Associate%2C+MIT&format=json&limit=1
2025-04-27 22:25:07,694 - WARNING - Retrying (Retry(total=1, connect=None, read=None, redirect=None, status=None)) after connection broken by 'ReadTimeoutError("HTTPSConnectionPool(host='nominatim.openstreetmap.org', port=443): Read timed out. (read timeout=1)")': /search?q=Postdoctoral+Associate%2C+MIT&format=json&limit=1
2025-04-27 22:25:09,122 - WARNING - Retrying (Retry(total=0, connect=None, read=None, redirect=None, status=None)) after connection broken by 'ReadTimeoutError("HTTPSConnectionPool(host='nominatim.openstreetmap.org', port=443): Read timed out. (read timeout=1)")': /search?q=Postdoctoral+Associate%2C+MIT&format=json&limit=1
2025-04-27 22:25:09,122 - WARNING - Retrying (Retry(total=1, connect=None, read=None, redirect=None, status=None)) after connection broken by 'ReadTimeoutError("HTTPSConnectionPool(host='nominatim.openstreetmap.org', port=443): Read timed out. (read timeout=1)")': /search?q=Tsinghua+University&format=json&limit=1
2025-04-27 22:25:10,421 - WARNING - Retrying (Retry(total=0, connect=None, read=None, redirect=None, status=None)) after connection broken by 'ReadTimeoutError("HTTPSConnectionPool(host='nominatim.openstreetmap.org', port=443): Read timed out. (read timeout=1)")': /search?q=Tsinghua+University&format=json&limit=1
2025-04-27 22:25:11,724 - WARNING - Retrying (Retry(total=1, connect=None, read=None, redirect=None, status=None)) after connection broken by 'ReadTimeoutError("HTTPSConnectionPool(host='nominatim.openstreetmap.org', port=443): Read timed out. (read timeout=1)")': /search?q=Postdoctoral+Associate%2C+MIT&format=json&limit=1
2025-04-27 22:25:14,073 - WARNING - Retrying (Retry(total=1, connect=None, read=None, redirect=None, status=None)) after connection broken by 'ReadTimeoutError("HTTPSConnectionPool(host='nominatim.openstreetmap.org', port=443): Read timed out. (read timeout=1)")': /reverse?lat=33.4213174&lon=-111.9331631&format=json&accept-language=en&addressdetails=1
2025-04-27 22:25:15,369 - WARNING - Retrying (Retry(total=0, connect=None, read=None, redirect=None, status=None)) after connection broken by 'ReadTimeoutError("HTTPSConnectionPool(host='nominatim.openstreetmap.org', port=443): Read timed out. (read timeout=1)")': /reverse?lat=33.4213174&lon=-111.9331631&format=json&accept-language=en&addressdetails=1
2025-04-27 22:25:17,984 - WARNING - Retrying (Retry(total=1, connect=None, read=None, redirect=None, status=None)) after connection broken by 'ReadTimeoutError("HTTPSConnectionPool(host='nominatim.openstreetmap.org', port=443): Read timed out. (read timeout=1)")': /search?q=Arizona+State+University&format=json&limit=1
2025-04-27 22:25:19,264 - WARNING - Retrying (Retry(total=0, connect=None, read=None, redirect=None, status=None)) after connection broken by 'ReadTimeoutError("HTTPSConnectionPool(host='nominatim.openstreetmap.org', port=443): Read timed out. (read timeout=1)")': /search?q=Arizona+State+University&format=json&limit=1
2025-04-27 22:25:21,866 - WARNING - Retrying (Retry(total=1, connect=None, read=None, redirect=None, status=None)) after connection broken by 'ReadTimeoutError("HTTPSConnectionPool(host='nominatim.openstreetmap.org', port=443): Read timed out. (read timeout=1)")': /search?q=Arizona+State+University&format=json&limit=1
2025-04-27 22:25:23,140 - WARNING - Retrying (Retry(total=0, connect=None, read=None, redirect=None, status=None)) after connection broken by 'ReadTimeoutError("HTTPSConnectionPool(host='nominatim.openstreetmap.org', port=443): Read timed out. (read timeout=1)")': /search?q=Arizona+State+University&format=json&limit=1
2025-04-27 22:25:25,720 - WARNING - Retrying (Retry(total=1, connect=None, read=None, redirect=None, status=None)) after connection broken by 'ReadTimeoutError("HTTPSConnectionPool(host='nominatim.openstreetmap.org', port=443): Read timed out. (read timeout=1)")': /search?q=TotalEnergies&format=json&limit=1
2025-04-27 22:25:27,005 - WARNING - Retrying (Retry(total=0, connect=None, read=None, redirect=None, status=None)) after connection broken by 'ReadTimeoutError("HTTPSConnectionPool(host='nominatim.openstreetmap.org', port=443): Read timed out. (read timeout=1)")': /search?q=TotalEnergies&format=json&limit=1
2025-04-27 22:25:29,792 - WARNING - Retrying (Retry(total=1, connect=None, read=None, redirect=None, status=None)) after connection broken by 'ReadTimeoutError("HTTPSConnectionPool(host='nominatim.openstreetmap.org', port=443): Read timed out. (read timeout=1)")': /reverse?lat=52.0559122&lon=4.3882066&format=json&accept-language=en&addressdetails=1
2025-04-27 22:25:31,659 - WARNING - Retrying (Retry(total=1, connect=None, read=None, redirect=None, status=None)) after connection broken by 'ReadTimeoutError("HTTPSConnectionPool(host='nominatim.openstreetmap.org', port=443): Read timed out. (read timeout=1)")': /search?q=P.R.China&format=json&limit=1
2025-04-27 22:25:33,780 - WARNING - Retrying (Retry(total=1, connect=None, read=None, redirect=None, status=None)) after connection broken by 'ReadTimeoutError("HTTPSConnectionPool(host='nominatim.openstreetmap.org', port=443): Read timed out. (read timeout=1)")': /reverse?lat=35.0000663&lon=104.999955&format=json&accept-language=en&addressdetails=1
2025-04-27 22:25:35,715 - WARNING - Retrying (Retry(total=1, connect=None, read=None, redirect=None, status=None)) after connection broken by 'ReadTimeoutError("HTTPSConnectionPool(host='nominatim.openstreetmap.org', port=443): Read timed out. (read timeout=1)")': /search?q=King+Abdullah+University+of+Science&format=json&limit=1
2025-04-27 22:25:38,650 - WARNING - Retrying (Retry(total=1, connect=None, read=None, redirect=None, status=None)) after connection broken by 'ReadTimeoutError("HTTPSConnectionPool(host='nominatim.openstreetmap.org', port=443): Read timed out. (read timeout=1)")': /search?q=TOTAL+EP+Research&format=json&limit=1
2025-04-27 22:25:41,866 - WARNING - Retrying (Retry(total=1, connect=None, read=None, redirect=None, status=None)) after connection broken by 'ReadTimeoutError("HTTPSConnectionPool(host='nominatim.openstreetmap.org', port=443): Read timed out. (read timeout=1)")': /search?q=TOTAL+EP+Research&format=json&limit=1
2025-04-27 22:25:43,162 - WARNING - Retrying (Retry(total=0, connect=None, read=None, redirect=None, status=None)) after connection broken by 'ReadTimeoutError("HTTPSConnectionPool(host='nominatim.openstreetmap.org', port=443): Read timed out. (read timeout=1)")': /search?q=TOTAL+EP+Research&format=json&limit=1
2025-04-27 22:25:46,688 - WARNING - Retrying (Retry(total=1, connect=None, read=None, redirect=None, status=None)) after connection broken by 'ReadTimeoutError("HTTPSConnectionPool(host='nominatim.openstreetmap.org', port=443): Read timed out. (read timeout=1)")': /search?q=University+of+California%2C+Santa+Barbara&format=json&limit=1
2025-04-27 22:25:50,641 - WARNING - Retrying (Retry(total=1, connect=None, read=None, redirect=None, status=None)) after connection broken by 'ReadTimeoutError("HTTPSConnectionPool(host='nominatim.openstreetmap.org', port=443): Read timed out. (read timeout=1)")': /reverse?lat=49.8359012&lon=24.0145142&format=json&accept-language=en&addressdetails=1
2025-04-27 22:25:52,715 - WARNING - Retrying (Retry(total=1, connect=None, read=None, redirect=None, status=None)) after connection broken by 'ReadTimeoutError("HTTPSConnectionPool(host='nominatim.openstreetmap.org', port=443): Read timed out. (read timeout=1)")': /search?q=Computer+Science&format=json&limit=1
2025-04-27 22:25:55,693 - WARNING - Retrying (Retry(total=1, connect=None, read=None, redirect=None, status=None)) after connection broken by 'ReadTimeoutError("HTTPSConnectionPool(host='nominatim.openstreetmap.org', port=443): Read timed out. (read timeout=1)")': /search?q=Harbin+Insititute+of+Technology&format=json&limit=1
2025-04-27 22:25:57,810 - WARNING - Retrying (Retry(total=1, connect=None, read=None, redirect=None, status=None)) after connection broken by 'ReadTimeoutError("HTTPSConnectionPool(host='nominatim.openstreetmap.org', port=443): Read timed out. (read timeout=1)")': /search?q=Harbin+Insititute+of+Technology&format=json&limit=1
2025-04-27 22:25:59,776 - WARNING - Retrying (Retry(total=1, connect=None, read=None, redirect=None, status=None)) after connection broken by 'ReadTimeoutError("HTTPSConnectionPool(host='nominatim.openstreetmap.org', port=443): Read timed out. (read timeout=1)")': /search?q=Harbin+Insititute+of+Technology&format=json&limit=1
2025-04-27 22:26:01,746 - WARNING - Retrying (Retry(total=1, connect=None, read=None, redirect=None, status=None)) after connection broken by 'ReadTimeoutError("HTTPSConnectionPool(host='nominatim.openstreetmap.org', port=443): Read timed out. (read timeout=1)")': /search?q=Schlumberger&format=json&limit=1
2025-04-27 22:26:04,688 - WARNING - Retrying (Retry(total=1, connect=None, read=None, redirect=None, status=None)) after connection broken by 'ReadTimeoutError("HTTPSConnectionPool(host='nominatim.openstreetmap.org', port=443): Read timed out. (read timeout=1)")': /search?q=Computational+Mathematics&format=json&limit=1
2025-04-27 22:26:06,672 - WARNING - Retrying (Retry(total=1, connect=None, read=None, redirect=None, status=None)) after connection broken by 'ReadTimeoutError("HTTPSConnectionPool(host='nominatim.openstreetmap.org', port=443): Read timed out. (read timeout=1)")': /reverse?lat=41.8240538&lon=-71.4069534&format=json&accept-language=en&addressdetails=1
2025-04-27 22:26:08,022 - WARNING - Retrying (Retry(total=1, connect=None, read=None, redirect=None, status=None)) after connection broken by 'ReadTimeoutError("HTTPSConnectionPool(host='nominatim.openstreetmap.org', port=443): Read timed out. (read timeout=1)")': /search?q=Environmental&format=json&limit=1
2025-04-27 22:26:11,555 - WARNING - Retrying (Retry(total=1, connect=None, read=None, redirect=None, status=None)) after connection broken by 'ReadTimeoutError("HTTPSConnectionPool(host='nominatim.openstreetmap.org', port=443): Read timed out. (read timeout=1)")': /search?q=Assistant+professor%2C+Harbin+Insititute+of+Technology&format=json&limit=1
2025-04-27 22:26:12,973 - WARNING - Retrying (Retry(total=1, connect=None, read=None, redirect=None, status=None)) after connection broken by 'ReadTimeoutError("HTTPSConnectionPool(host='nominatim.openstreetmap.org', port=443): Read timed out. (read timeout=1)")': /search?q=Assistant+professor%2C+Harbin+Insititute+of+Technology&format=json&limit=1
2025-04-27 22:26:15,415 - WARNING - Retrying (Retry(total=1, connect=None, read=None, redirect=None, status=None)) after connection broken by 'ReadTimeoutError("HTTPSConnectionPool(host='nominatim.openstreetmap.org', port=443): Read timed out. (read timeout=1)")': /search?q=Substitute+Professor%2C+Brandenburgische-Technische+Universit%C3%A4t+Cottbus-Senftenberg&format=json&limit=1
2025-04-27 22:26:18,428 - WARNING - Retrying (Retry(total=1, connect=None, read=None, redirect=None, status=None)) after connection broken by 'ReadTimeoutError("HTTPSConnectionPool(host='nominatim.openstreetmap.org', port=443): Read timed out. (read timeout=1)")': /search?q=Pratt+%26+Whitney+Associate+Professor%2C+Computer+Science+and+Engineering%2C+University+of+Connecticut&format=json&limit=1
2025-04-27 22:26:19,890 - WARNING - Retrying (Retry(total=1, connect=None, read=None, redirect=None, status=None)) after connection broken by 'ReadTimeoutError("HTTPSConnectionPool(host='nominatim.openstreetmap.org', port=443): Read timed out. (read timeout=1)")': /search?q=Pratt+%26+Whitney+Associate+Professor%2C+Computer+Science+and+Engineering%2C+University+of+Connecticut&format=json&limit=1
2025-04-27 22:26:21,359 - WARNING - Retrying (Retry(total=1, connect=None, read=None, redirect=None, status=None)) after connection broken by 'ReadTimeoutError("HTTPSConnectionPool(host='nominatim.openstreetmap.org', port=443): Read timed out. (read timeout=1)")': /search?q=Pratt+%26+Whitney+Associate+Professor%2C+Computer+Science+and+Engineering%2C+University+of+Connecticut&format=json&limit=1
2025-04-27 22:26:23,729 - WARNING - Retrying (Retry(total=1, connect=None, read=None, redirect=None, status=None)) after connection broken by 'ReadTimeoutError("HTTPSConnectionPool(host='nominatim.openstreetmap.org', port=443): Read timed out. (read timeout=1)")': /reverse?lat=23.0446501&lon=113.3631548&format=json&accept-language=en&addressdetails=1
2025-04-27 22:26:26,135 - WARNING - Retrying (Retry(total=1, connect=None, read=None, redirect=None, status=None)) after connection broken by 'ReadTimeoutError("HTTPSConnectionPool(host='nominatim.openstreetmap.org', port=443): Read timed out. (read timeout=1)")': /search?q=PHD+Condidate%2C+Department+of+Mathematical+Sciences%2C+Sharif+University+of+Technology&format=json&limit=1
2025-04-27 22:26:29,141 - WARNING - Retrying (Retry(total=1, connect=None, read=None, redirect=None, status=None)) after connection broken by 'ReadTimeoutError("HTTPSConnectionPool(host='nominatim.openstreetmap.org', port=443): Read timed out. (read timeout=1)")': /search?q=National+Institute+of+Oceanography&format=json&limit=1
2025-04-27 22:26:31,169 - WARNING - Retrying (Retry(total=1, connect=None, read=None, redirect=None, status=None)) after connection broken by 'ReadTimeoutError("HTTPSConnectionPool(host='nominatim.openstreetmap.org', port=443): Read timed out. (read timeout=1)")': /reverse?lat=24.814067&lon=66.9935825&format=json&accept-language=en&addressdetails=1
2025-04-27 22:26:36,140 - WARNING - Retrying (Retry(total=1, connect=None, read=None, redirect=None, status=None)) after connection broken by 'ReadTimeoutError("HTTPSConnectionPool(host='nominatim.openstreetmap.org', port=443): Read timed out. (read timeout=1)")': /search?q=Ryerson+University&format=json&limit=1
2025-04-27 22:26:37,520 - WARNING - Retrying (Retry(total=1, connect=None, read=None, redirect=None, status=None)) after connection broken by 'ReadTimeoutError("HTTPSConnectionPool(host='nominatim.openstreetmap.org', port=443): Read timed out. (read timeout=1)")': /reverse?lat=43.6585342&lon=-79.3784674&format=json&accept-language=en&addressdetails=1
2025-04-27 22:41:32,138 - WARNING - file_cache is unavailable when using oauth2client >= 4.0.0 or google-auth
Traceback (most recent call last):
  File "/opt/homebrew/Caskroom/miniforge/base/lib/python3.9/site-packages/googleapiclient/discovery_cache/__init__.py", line 36, in autodetect
    from google.appengine.api import memcache
ModuleNotFoundError: No module named 'google.appengine'

During handling of the above exception, another exception occurred:

Traceback (most recent call last):
  File "/opt/homebrew/Caskroom/miniforge/base/lib/python3.9/site-packages/googleapiclient/discovery_cache/file_cache.py", line 33, in <module>
    from oauth2client.contrib.locked_file import LockedFile
ModuleNotFoundError: No module named 'oauth2client.contrib.locked_file'

During handling of the above exception, another exception occurred:

Traceback (most recent call last):
  File "/opt/homebrew/Caskroom/miniforge/base/lib/python3.9/site-packages/googleapiclient/discovery_cache/file_cache.py", line 37, in <module>
    from oauth2client.locked_file import LockedFile
ModuleNotFoundError: No module named 'oauth2client.locked_file'

During handling of the above exception, another exception occurred:

Traceback (most recent call last):
  File "/opt/homebrew/Caskroom/miniforge/base/lib/python3.9/site-packages/googleapiclient/discovery_cache/__init__.py", line 41, in autodetect
    from . import file_cache
  File "/opt/homebrew/Caskroom/miniforge/base/lib/python3.9/site-packages/googleapiclient/discovery_cache/file_cache.py", line 40, in <module>
    raise ImportError(
ImportError: file_cache is unavailable when using oauth2client >= 4.0.0 or google-auth
2025-04-27 22:41:32,140 - INFO - URL being requested: GET https://www.googleapis.com/discovery/v1/apis/sheets/v4/rest
2025-04-27 22:41:32,882 - INFO - URL being requested: GET https://sheets.googleapis.com/v4/spreadsheets/1YXQ_kMOL-l7dERVB867suz7CE5YCAT1vZCEeoKgbqqU?alt=json
2025-04-27 22:41:33,403 - INFO - URL being requested: GET https://sheets.googleapis.com/v4/spreadsheets/1YXQ_kMOL-l7dERVB867suz7CE5YCAT1vZCEeoKgbqqU/values/Form%20Responses%201%21A%3AZZ?alt=json
2025-04-27 22:41:35,019 - WARNING - Retrying (Retry(total=1, connect=None, read=None, redirect=None, status=None)) after connection broken by 'ReadTimeoutError("HTTPSConnectionPool(host='nominatim.openstreetmap.org', port=443): Read timed out. (read timeout=1)")': /reverse?lat=35.8190003&lon=-106.2656274&format=json&accept-language=en&addressdetails=1
2025-04-27 22:41:36,488 - WARNING - Retrying (Retry(total=1, connect=None, read=None, redirect=None, status=None)) after connection broken by 'ReadTimeoutError("HTTPSConnectionPool(host='nominatim.openstreetmap.org', port=443): Read timed out. (read timeout=1)")': /search?q=Resource+Sciences&format=json&limit=1
2025-04-27 22:41:37,921 - WARNING - Retrying (Retry(total=1, connect=None, read=None, redirect=None, status=None)) after connection broken by 'ReadTimeoutError("HTTPSConnectionPool(host='nominatim.openstreetmap.org', port=443): Read timed out. (read timeout=1)")': /reverse?lat=36.8692702&lon=-76.1861069&format=json&accept-language=en&addressdetails=1
2025-04-27 22:41:39,386 - WARNING - Retrying (Retry(total=1, connect=None, read=None, redirect=None, status=None)) after connection broken by 'ReadTimeoutError("HTTPSConnectionPool(host='nominatim.openstreetmap.org', port=443): Read timed out. (read timeout=1)")': /search?q=Department+of+Earth+and+Atmospheric+Sciences%2C+University+of+Houston&format=json&limit=1
2025-04-27 22:41:40,891 - WARNING - Retrying (Retry(total=1, connect=None, read=None, redirect=None, status=None)) after connection broken by 'ReadTimeoutError("HTTPSConnectionPool(host='nominatim.openstreetmap.org', port=443): Read timed out. (read timeout=1)")': /search?q=Department+of+Earth+and+Atmospheric+Sciences%2C+University+of+Houston&format=json&limit=1
2025-04-27 22:41:42,448 - WARNING - Retrying (Retry(total=1, connect=None, read=None, redirect=None, status=None)) after connection broken by 'ReadTimeoutError("HTTPSConnectionPool(host='nominatim.openstreetmap.org', port=443): Read timed out. (read timeout=1)")': /search?q=Department+of+Earth+and+Atmospheric+Sciences%2C+University+of+Houston&format=json&limit=1
2025-04-27 22:41:46,953 - WARNING - Retrying (Retry(total=1, connect=None, read=None, redirect=None, status=None)) after connection broken by 'ReadTimeoutError("HTTPSConnectionPool(host='nominatim.openstreetmap.org', port=443): Read timed out. (read timeout=1)")': /reverse?lat=29.7207902&lon=-95.3440627&format=json&accept-language=en&addressdetails=1
2025-04-27 22:41:49,407 - WARNING - Retrying (Retry(total=1, connect=None, read=None, redirect=None, status=None)) after connection broken by 'ReadTimeoutError("HTTPSConnectionPool(host='nominatim.openstreetmap.org', port=443): Read timed out. (read timeout=1)")': /reverse?lat=40.0022905&lon=116.320963&format=json&accept-language=en&addressdetails=1
2025-04-27 22:41:52,400 - WARNING - Retrying (Retry(total=1, connect=None, read=None, redirect=None, status=None)) after connection broken by 'ReadTimeoutError("HTTPSConnectionPool(host='nominatim.openstreetmap.org', port=443): Read timed out. (read timeout=1)")': /reverse?lat=31.9078499&lon=34.8133409&format=json&accept-language=en&addressdetails=1
2025-04-27 22:41:54,476 - WARNING - Retrying (Retry(total=1, connect=None, read=None, redirect=None, status=None)) after connection broken by 'ReadTimeoutError("HTTPSConnectionPool(host='nominatim.openstreetmap.org', port=443): Read timed out. (read timeout=1)")': /search?q=Professor+of+Psychology%2C+Ryerson+University&format=json&limit=1
2025-04-27 22:41:55,889 - WARNING - Retrying (Retry(total=1, connect=None, read=None, redirect=None, status=None)) after connection broken by 'ReadTimeoutError("HTTPSConnectionPool(host='nominatim.openstreetmap.org', port=443): Read timed out. (read timeout=1)")': /search?q=Professor+of+Psychology%2C+Ryerson+University&format=json&limit=1
2025-04-27 22:41:58,391 - WARNING - Retrying (Retry(total=1, connect=None, read=None, redirect=None, status=None)) after connection broken by 'ReadTimeoutError("HTTPSConnectionPool(host='nominatim.openstreetmap.org', port=443): Read timed out. (read timeout=1)")': /search?q=University+of+California&format=json&limit=1
2025-04-27 22:42:01,349 - WARNING - Retrying (Retry(total=1, connect=None, read=None, redirect=None, status=None)) after connection broken by 'ReadTimeoutError("HTTPSConnectionPool(host='nominatim.openstreetmap.org', port=443): Read timed out. (read timeout=1)")': /search?q=Xi%27an+Jiaotong+University&format=json&limit=1
2025-04-27 22:42:04,384 - WARNING - Retrying (Retry(total=1, connect=None, read=None, redirect=None, status=None)) after connection broken by 'ReadTimeoutError("HTTPSConnectionPool(host='nominatim.openstreetmap.org', port=443): Read timed out. (read timeout=1)")': /search?q=Atmospheric+Sciences&format=json&limit=1
2025-04-27 22:42:07,339 - WARNING - Retrying (Retry(total=1, connect=None, read=None, redirect=None, status=None)) after connection broken by 'ReadTimeoutError("HTTPSConnectionPool(host='nominatim.openstreetmap.org', port=443): Read timed out. (read timeout=1)")': /search?q=MIT&format=json&limit=1
2025-04-27 22:42:08,615 - WARNING - Retrying (Retry(total=0, connect=None, read=None, redirect=None, status=None)) after connection broken by 'ReadTimeoutError("HTTPSConnectionPool(host='nominatim.openstreetmap.org', port=443): Read timed out. (read timeout=1)")': /search?q=MIT&format=json&limit=1
2025-04-27 22:42:12,433 - WARNING - Retrying (Retry(total=1, connect=None, read=None, redirect=None, status=None)) after connection broken by 'ReadTimeoutError("HTTPSConnectionPool(host='nominatim.openstreetmap.org', port=443): Read timed out. (read timeout=1)")': /search?q=Professor+of+Geophysics%2C++Department+of+Physics%2C+University+of+Alberta&format=json&limit=1
2025-04-27 22:42:13,881 - WARNING - Retrying (Retry(total=1, connect=None, read=None, redirect=None, status=None)) after connection broken by 'ReadTimeoutError("HTTPSConnectionPool(host='nominatim.openstreetmap.org', port=443): Read timed out. (read timeout=1)")': /search?q=Professor+of+Geophysics%2C++Department+of+Physics%2C+University+of+Alberta&format=json&limit=1
2025-04-27 22:42:17,334 - WARNING - Retrying (Retry(total=1, connect=None, read=None, redirect=None, status=None)) after connection broken by 'ReadTimeoutError("HTTPSConnectionPool(host='nominatim.openstreetmap.org', port=443): Read timed out. (read timeout=1)")': /search?q=Jilin+University+%26+Uppsala+University&format=json&limit=1
2025-04-27 22:42:22,293 - WARNING - Retrying (Retry(total=1, connect=None, read=None, redirect=None, status=None)) after connection broken by 'ReadTimeoutError("HTTPSConnectionPool(host='nominatim.openstreetmap.org', port=443): Read timed out. (read timeout=1)")': /search?q=National+University+%22Lvivska+Polytechnika%22&format=json&limit=1
2025-04-27 22:42:25,294 - WARNING - Retrying (Retry(total=1, connect=None, read=None, redirect=None, status=None)) after connection broken by 'ReadTimeoutError("HTTPSConnectionPool(host='nominatim.openstreetmap.org', port=443): Read timed out. (read timeout=1)")': /search?q=Gowell+%7C+University+of+Houston&format=json&limit=1
2025-04-27 22:42:29,436 - WARNING - Retrying (Retry(total=1, connect=None, read=None, redirect=None, status=None)) after connection broken by 'ReadTimeoutError("HTTPSConnectionPool(host='nominatim.openstreetmap.org', port=443): Read timed out. (read timeout=1)")': /search?q=El+Paso&format=json&limit=1
2025-04-27 22:42:32,355 - WARNING - Retrying (Retry(total=1, connect=None, read=None, redirect=None, status=None)) after connection broken by 'ReadTimeoutError("HTTPSConnectionPool(host='nominatim.openstreetmap.org', port=443): Read timed out. (read timeout=1)")': /search?q=Earth&format=json&limit=1
2025-04-27 22:42:35,333 - WARNING - Retrying (Retry(total=1, connect=None, read=None, redirect=None, status=None)) after connection broken by 'ReadTimeoutError("HTTPSConnectionPool(host='nominatim.openstreetmap.org', port=443): Read timed out. (read timeout=1)")': /search?q=Earth%2C+Ocean+and+Atmospheric+Sciences%2C+University+of+British+Columbia&format=json&limit=1
2025-04-27 22:42:38,426 - WARNING - Retrying (Retry(total=1, connect=None, read=None, redirect=None, status=None)) after connection broken by 'ReadTimeoutError("HTTPSConnectionPool(host='nominatim.openstreetmap.org', port=443): Read timed out. (read timeout=1)")': /search?q=Earth%2C+Ocean+and+Atmospheric+Sciences%2C+University+of+British+Columbia&format=json&limit=1
2025-04-27 22:42:41,338 - WARNING - Retrying (Retry(total=1, connect=None, read=None, redirect=None, status=None)) after connection broken by 'ReadTimeoutError("HTTPSConnectionPool(host='nominatim.openstreetmap.org', port=443): Read timed out. (read timeout=1)")': /reverse?lat=-0.2912908&lon=36.0353719&format=json&accept-language=en&addressdetails=1
2025-04-27 22:42:43,378 - WARNING - Retrying (Retry(total=1, connect=None, read=None, redirect=None, status=None)) after connection broken by 'ReadTimeoutError("HTTPSConnectionPool(host='nominatim.openstreetmap.org', port=443): Read timed out. (read timeout=1)")': /search?q=Technical+Staff+Member&format=json&limit=1
2025-04-27 22:44:16,871 - INFO - file_cache is only supported with oauth2client<4.0.0
2025-04-27 22:44:20,026 - WARNING - Retrying (Retry(total=1, connect=None, read=None, redirect=None, status=None)) after connection broken by 'ReadTimeoutError("HTTPSConnectionPool(host='nominatim.openstreetmap.org', port=443): Read timed out. (read timeout=1)")': /search?q=Resource+Sciences&format=json&limit=1
2025-04-27 22:44:23,080 - WARNING - Retrying (Retry(total=1, connect=None, read=None, redirect=None, status=None)) after connection broken by 'ReadTimeoutError("HTTPSConnectionPool(host='nominatim.openstreetmap.org', port=443): Read timed out. (read timeout=1)")': /search?q=Department+of+Earth+and+Atmospheric+Sciences%2C+University+of+Houston&format=json&limit=1
2025-04-27 22:44:26,188 - WARNING - Retrying (Retry(total=1, connect=None, read=None, redirect=None, status=None)) after connection broken by 'ReadTimeoutError("HTTPSConnectionPool(host='nominatim.openstreetmap.org', port=443): Read timed out. (read timeout=1)")': /search?q=Department+of+Earth+and+Atmospheric+Sciences%2C+University+of+Houston&format=json&limit=1
2025-04-27 22:44:30,049 - WARNING - Retrying (Retry(total=1, connect=None, read=None, redirect=None, status=None)) after connection broken by 'ReadTimeoutError("HTTPSConnectionPool(host='nominatim.openstreetmap.org', port=443): Read timed out. (read timeout=1)")': /search?q=University+of+Houston&format=json&limit=1
2025-04-27 22:44:34,025 - WARNING - Retrying (Retry(total=1, connect=None, read=None, redirect=None, status=None)) after connection broken by 'ReadTimeoutError("HTTPSConnectionPool(host='nominatim.openstreetmap.org', port=443): Read timed out. (read timeout=1)")': /reverse?lat=40.0022905&lon=116.320963&format=json&accept-language=en&addressdetails=1
2025-04-27 22:44:36,035 - WARNING - Retrying (Retry(total=1, connect=None, read=None, redirect=None, status=None)) after connection broken by 'ReadTimeoutError("HTTPSConnectionPool(host='nominatim.openstreetmap.org', port=443): Read timed out. (read timeout=1)")': /search?q=Weizmann+Institute+of+Science&format=json&limit=1
2025-04-27 22:44:38,005 - WARNING - Retrying (Retry(total=1, connect=None, read=None, redirect=None, status=None)) after connection broken by 'ReadTimeoutError("HTTPSConnectionPool(host='nominatim.openstreetmap.org', port=443): Read timed out. (read timeout=1)")': /reverse?lat=31.9078499&lon=34.8133409&format=json&accept-language=en&addressdetails=1
2025-04-27 22:44:40,062 - WARNING - Retrying (Retry(total=1, connect=None, read=None, redirect=None, status=None)) after connection broken by 'ReadTimeoutError("HTTPSConnectionPool(host='nominatim.openstreetmap.org', port=443): Read timed out. (read timeout=1)")': /search?q=Professor+of+Psychology%2C+Ryerson+University&format=json&limit=1
2025-04-27 22:44:42,105 - WARNING - Retrying (Retry(total=1, connect=None, read=None, redirect=None, status=None)) after connection broken by 'ReadTimeoutError("HTTPSConnectionPool(host='nominatim.openstreetmap.org', port=443): Read timed out. (read timeout=1)")': /search?q=Professor+of+Psychology%2C+Ryerson+University&format=json&limit=1
2025-04-27 22:44:45,118 - WARNING - Retrying (Retry(total=1, connect=None, read=None, redirect=None, status=None)) after connection broken by 'ReadTimeoutError("HTTPSConnectionPool(host='nominatim.openstreetmap.org', port=443): Read timed out. (read timeout=1)")': /search?q=University+of+California&format=json&limit=1
2025-04-27 22:44:47,131 - WARNING - Retrying (Retry(total=1, connect=None, read=None, redirect=None, status=None)) after connection broken by 'ReadTimeoutError("HTTPSConnectionPool(host='nominatim.openstreetmap.org', port=443): Read timed out. (read timeout=1)")': /reverse?lat=37.8754996&lon=-122.2390685&format=json&accept-language=en&addressdetails=1
2025-04-27 22:44:49,150 - WARNING - Retrying (Retry(total=1, connect=None, read=None, redirect=None, status=None)) after connection broken by 'ReadTimeoutError("HTTPSConnectionPool(host='nominatim.openstreetmap.org', port=443): Read timed out. (read timeout=1)")': /search?q=Xi%27an+Jiaotong+University&format=json&limit=1
2025-04-27 22:44:52,043 - WARNING - Retrying (Retry(total=1, connect=None, read=None, redirect=None, status=None)) after connection broken by 'ReadTimeoutError("HTTPSConnectionPool(host='nominatim.openstreetmap.org', port=443): Read timed out. (read timeout=1)")': /search?q=Atmospheric+Sciences&format=json&limit=1
2025-04-27 22:44:55,041 - WARNING - Retrying (Retry(total=1, connect=None, read=None, redirect=None, status=None)) after connection broken by 'ReadTimeoutError("HTTPSConnectionPool(host='nominatim.openstreetmap.org', port=443): Read timed out. (read timeout=1)")': /search?q=MIT&format=json&limit=1
2025-04-27 22:44:56,340 - WARNING - Retrying (Retry(total=0, connect=None, read=None, redirect=None, status=None)) after connection broken by 'ReadTimeoutError("HTTPSConnectionPool(host='nominatim.openstreetmap.org', port=443): Read timed out. (read timeout=1)")': /search?q=MIT&format=json&limit=1
2025-04-27 22:44:58,860 - WARNING - Retrying (Retry(total=1, connect=None, read=None, redirect=None, status=None)) after connection broken by 'ReadTimeoutError("HTTPSConnectionPool(host='nominatim.openstreetmap.org', port=443): Read timed out. (read timeout=1)")': /search?q=MIT&format=json&limit=1
2025-04-27 22:45:00,157 - WARNING - Retrying (Retry(total=0, connect=None, read=None, redirect=None, status=None)) after connection broken by 'ReadTimeoutError("HTTPSConnectionPool(host='nominatim.openstreetmap.org', port=443): Read timed out. (read timeout=1)")': /search?q=MIT&format=json&limit=1
2025-04-27 22:45:02,761 - WARNING - Retrying (Retry(total=1, connect=None, read=None, redirect=None, status=None)) after connection broken by 'ReadTimeoutError("HTTPSConnectionPool(host='nominatim.openstreetmap.org', port=443): Read timed out. (read timeout=1)")': /search?q=MIT&format=json&limit=1
2025-04-27 22:45:04,052 - WARNING - Retrying (Retry(total=0, connect=None, read=None, redirect=None, status=None)) after connection broken by 'ReadTimeoutError("HTTPSConnectionPool(host='nominatim.openstreetmap.org', port=443): Read timed out. (read timeout=1)")': /search?q=MIT&format=json&limit=1
2025-04-27 22:45:06,631 - WARNING - Retrying (Retry(total=1, connect=None, read=None, redirect=None, status=None)) after connection broken by 'ReadTimeoutError("HTTPSConnectionPool(host='nominatim.openstreetmap.org', port=443): Read timed out. (read timeout=1)")': /search?q=Professor+of+Geophysics%2C++Department+of+Physics%2C+University+of+Alberta&format=json&limit=1
2025-04-27 22:45:07,829 - WARNING - Retrying (Retry(total=0, connect=None, read=None, redirect=None, status=None)) after connection broken by 'ReadTimeoutError("HTTPSConnectionPool(host='nominatim.openstreetmap.org', port=443): Read timed out. (read timeout=1)")': /search?q=Professor+of+Geophysics%2C++Department+of+Physics%2C+University+of+Alberta&format=json&limit=1
2025-04-27 22:45:09,599 - WARNING - Retrying (Retry(total=1, connect=None, read=None, redirect=None, status=None)) after connection broken by 'ReadTimeoutError("HTTPSConnectionPool(host='nominatim.openstreetmap.org', port=443): Read timed out. (read timeout=1)")': /search?q=Professor+of+Geophysics%2C++Department+of+Physics%2C+University+of+Alberta&format=json&limit=1
2025-04-27 22:45:10,793 - WARNING - Retrying (Retry(total=0, connect=None, read=None, redirect=None, status=None)) after connection broken by 'ReadTimeoutError("HTTPSConnectionPool(host='nominatim.openstreetmap.org', port=443): Read timed out. (read timeout=1)")': /search?q=Professor+of+Geophysics%2C++Department+of+Physics%2C+University+of+Alberta&format=json&limit=1
2025-04-27 22:45:13,351 - WARNING - Retrying (Retry(total=1, connect=None, read=None, redirect=None, status=None)) after connection broken by 'ReadTimeoutError("HTTPSConnectionPool(host='nominatim.openstreetmap.org', port=443): Read timed out. (read timeout=1)")': /search?q=Professor+of+Geophysics%2C++Department+of+Physics%2C+University+of+Alberta&format=json&limit=1
2025-04-27 22:45:14,637 - WARNING - Retrying (Retry(total=0, connect=None, read=None, redirect=None, status=None)) after connection broken by 'ReadTimeoutError("HTTPSConnectionPool(host='nominatim.openstreetmap.org', port=443): Read timed out. (read timeout=1)")': /search?q=Professor+of+Geophysics%2C++Department+of+Physics%2C+University+of+Alberta&format=json&limit=1
2025-04-27 22:45:17,225 - WARNING - Retrying (Retry(total=1, connect=None, read=None, redirect=None, status=None)) after connection broken by 'ReadTimeoutError("HTTPSConnectionPool(host='nominatim.openstreetmap.org', port=443): Read timed out. (read timeout=1)")': /search?q=Texas+A%26M+University&format=json&limit=1
2025-04-27 22:45:18,505 - WARNING - Retrying (Retry(total=0, connect=None, read=None, redirect=None, status=None)) after connection broken by 'ReadTimeoutError("HTTPSConnectionPool(host='nominatim.openstreetmap.org', port=443): Read timed out. (read timeout=1)")': /search?q=Texas+A%26M+University&format=json&limit=1
2025-04-27 22:45:20,976 - WARNING - Retrying (Retry(total=1, connect=None, read=None, redirect=None, status=None)) after connection broken by 'ReadTimeoutError("HTTPSConnectionPool(host='nominatim.openstreetmap.org', port=443): Read timed out. (read timeout=1)")': /search?q=Texas+A%26M+University&format=json&limit=1
2025-04-27 22:45:22,271 - WARNING - Retrying (Retry(total=0, connect=None, read=None, redirect=None, status=None)) after connection broken by 'ReadTimeoutError("HTTPSConnectionPool(host='nominatim.openstreetmap.org', port=443): Read timed out. (read timeout=1)")': /search?q=Texas+A%26M+University&format=json&limit=1
2025-04-27 22:45:24,825 - WARNING - Retrying (Retry(total=1, connect=None, read=None, redirect=None, status=None)) after connection broken by 'ReadTimeoutError("HTTPSConnectionPool(host='nominatim.openstreetmap.org', port=443): Read timed out. (read timeout=1)")': /search?q=Texas+A%26M+University&format=json&limit=1
2025-04-27 22:45:26,099 - WARNING - Retrying (Retry(total=0, connect=None, read=None, redirect=None, status=None)) after connection broken by 'ReadTimeoutError("HTTPSConnectionPool(host='nominatim.openstreetmap.org', port=443): Read timed out. (read timeout=1)")': /search?q=Texas+A%26M+University&format=json&limit=1
2025-04-27 22:45:28,583 - WARNING - Retrying (Retry(total=1, connect=None, read=None, redirect=None, status=None)) after connection broken by 'ReadTimeoutError("HTTPSConnectionPool(host='nominatim.openstreetmap.org', port=443): Read timed out. (read timeout=1)")': /search?q=Jilin+University+%26+Uppsala+University&format=json&limit=1
2025-04-27 22:45:29,848 - WARNING - Retrying (Retry(total=0, connect=None, read=None, redirect=None, status=None)) after connection broken by 'ReadTimeoutError("HTTPSConnectionPool(host='nominatim.openstreetmap.org', port=443): Read timed out. (read timeout=1)")': /search?q=Jilin+University+%26+Uppsala+University&format=json&limit=1
2025-04-27 22:45:32,443 - WARNING - Retrying (Retry(total=1, connect=None, read=None, redirect=None, status=None)) after connection broken by 'ReadTimeoutError("HTTPSConnectionPool(host='nominatim.openstreetmap.org', port=443): Read timed out. (read timeout=1)")': /search?q=Jilin+University+%26+Uppsala+University&format=json&limit=1
2025-04-27 22:45:33,709 - WARNING - Retrying (Retry(total=0, connect=None, read=None, redirect=None, status=None)) after connection broken by 'ReadTimeoutError("HTTPSConnectionPool(host='nominatim.openstreetmap.org', port=443): Read timed out. (read timeout=1)")': /search?q=Jilin+University+%26+Uppsala+University&format=json&limit=1
2025-04-27 22:45:36,253 - WARNING - Retrying (Retry(total=1, connect=None, read=None, redirect=None, status=None)) after connection broken by 'ReadTimeoutError("HTTPSConnectionPool(host='nominatim.openstreetmap.org', port=443): Read timed out. (read timeout=1)")': /search?q=Jilin+University+%26+Uppsala+University&format=json&limit=1
2025-04-27 22:45:38,260 - WARNING - Retrying (Retry(total=1, connect=None, read=None, redirect=None, status=None)) after connection broken by 'ReadTimeoutError("HTTPSConnectionPool(host='nominatim.openstreetmap.org', port=443): Read timed out. (read timeout=1)")': /search?q=National+University+%22Lvivska+Polytechnika%22&format=json&limit=1
2025-04-27 22:45:39,535 - WARNING - Retrying (Retry(total=0, connect=None, read=None, redirect=None, status=None)) after connection broken by 'ReadTimeoutError("HTTPSConnectionPool(host='nominatim.openstreetmap.org', port=443): Read timed out. (read timeout=1)")': /search?q=National+University+%22Lvivska+Polytechnika%22&format=json&limit=1
2025-04-27 22:45:40,914 - WARNING - Retrying (Retry(total=1, connect=None, read=None, redirect=None, status=None)) after connection broken by 'ReadTimeoutError("HTTPSConnectionPool(host='nominatim.openstreetmap.org', port=443): Read timed out. (read timeout=1)")': /search?q=National+University+%22Lvivska+Polytechnika%22&format=json&limit=1
2025-04-27 22:45:43,295 - WARNING - Retrying (Retry(total=1, connect=None, read=None, redirect=None, status=None)) after connection broken by 'ReadTimeoutError("HTTPSConnectionPool(host='nominatim.openstreetmap.org', port=443): Read timed out. (read timeout=1)")': /search?q=Gowell+%7C+University+of+Houston&format=json&limit=1
2025-04-27 22:45:45,410 - WARNING - Retrying (Retry(total=1, connect=None, read=None, redirect=None, status=None)) after connection broken by 'ReadTimeoutError("HTTPSConnectionPool(host='nominatim.openstreetmap.org', port=443): Read timed out. (read timeout=1)")': /search?q=Gowell+%7C+University+of+Houston&format=json&limit=1
2025-04-27 22:45:48,425 - WARNING - Retrying (Retry(total=1, connect=None, read=None, redirect=None, status=None)) after connection broken by 'ReadTimeoutError("HTTPSConnectionPool(host='nominatim.openstreetmap.org', port=443): Read timed out. (read timeout=1)")': /search?q=El+Paso&format=json&limit=1
2025-04-27 22:45:50,804 - WARNING - Retrying (Retry(total=1, connect=None, read=None, redirect=None, status=None)) after connection broken by 'ReadTimeoutError("HTTPSConnectionPool(host='nominatim.openstreetmap.org', port=443): Read timed out. (read timeout=1)")': /search?q=Earth&format=json&limit=1
2025-04-27 22:45:52,283 - WARNING - Retrying (Retry(total=1, connect=None, read=None, redirect=None, status=None)) after connection broken by 'ReadTimeoutError("HTTPSConnectionPool(host='nominatim.openstreetmap.org', port=443): Read timed out. (read timeout=1)")': /reverse?lat=34.2331373&lon=-102.4107493&format=json&accept-language=en&addressdetails=1
2025-04-27 22:45:54,263 - WARNING - Retrying (Retry(total=1, connect=None, read=None, redirect=None, status=None)) after connection broken by 'ReadTimeoutError("HTTPSConnectionPool(host='nominatim.openstreetmap.org', port=443): Read timed out. (read timeout=1)")': /search?q=Earth%2C+Ocean+and+Atmospheric+Sciences%2C+University+of+British+Columbia&format=json&limit=1
2025-04-27 22:45:55,722 - WARNING - Retrying (Retry(total=1, connect=None, read=None, redirect=None, status=None)) after connection broken by 'ReadTimeoutError("HTTPSConnectionPool(host='nominatim.openstreetmap.org', port=443): Read timed out. (read timeout=1)")': /search?q=Earth%2C+Ocean+and+Atmospheric+Sciences%2C+University+of+British+Columbia&format=json&limit=1
2025-04-27 22:45:57,210 - WARNING - Retrying (Retry(total=1, connect=None, read=None, redirect=None, status=None)) after connection broken by 'ReadTimeoutError("HTTPSConnectionPool(host='nominatim.openstreetmap.org', port=443): Read timed out. (read timeout=1)")': /search?q=Earth%2C+Ocean+and+Atmospheric+Sciences%2C+University+of+British+Columbia&format=json&limit=1
2025-04-27 22:46:00,140 - WARNING - Retrying (Retry(total=1, connect=None, read=None, redirect=None, status=None)) after connection broken by 'ReadTimeoutError("HTTPSConnectionPool(host='nominatim.openstreetmap.org', port=443): Read timed out. (read timeout=1)")': /reverse?lat=-0.2912908&lon=36.0353719&format=json&accept-language=en&addressdetails=1
2025-04-27 22:46:02,184 - WARNING - Retrying (Retry(total=1, connect=None, read=None, redirect=None, status=None)) after connection broken by 'ReadTimeoutError("HTTPSConnectionPool(host='nominatim.openstreetmap.org', port=443): Read timed out. (read timeout=1)")': /search?q=Technical+Staff+Member&format=json&limit=1
2025-04-27 22:46:07,410 - INFO - file_cache is only supported with oauth2client<4.0.0
2025-04-27 22:46:09,781 - WARNING - Retrying (Retry(total=1, connect=None, read=None, redirect=None, status=None)) after connection broken by 'ReadTimeoutError("HTTPSConnectionPool(host='nominatim.openstreetmap.org', port=443): Read timed out. (read timeout=1)")': /reverse?lat=35.8190003&lon=-106.2656274&format=json&accept-language=en&addressdetails=1
2025-04-27 22:46:11,829 - WARNING - Retrying (Retry(total=1, connect=None, read=None, redirect=None, status=None)) after connection broken by 'ReadTimeoutError("HTTPSConnectionPool(host='nominatim.openstreetmap.org', port=443): Read timed out. (read timeout=1)")': /search?q=Resource+Sciences&format=json&limit=1
2025-04-27 22:46:14,803 - WARNING - Retrying (Retry(total=1, connect=None, read=None, redirect=None, status=None)) after connection broken by 'ReadTimeoutError("HTTPSConnectionPool(host='nominatim.openstreetmap.org', port=443): Read timed out. (read timeout=1)")': /search?q=Department+of+Earth+and+Atmospheric+Sciences%2C+University+of+Houston&format=json&limit=1
2025-04-27 22:46:17,000 - WARNING - Retrying (Retry(total=1, connect=None, read=None, redirect=None, status=None)) after connection broken by 'ReadTimeoutError("HTTPSConnectionPool(host='nominatim.openstreetmap.org', port=443): Read timed out. (read timeout=1)")': /search?q=Department+of+Earth+and+Atmospheric+Sciences%2C+University+of+Houston&format=json&limit=1
2025-04-27 22:46:19,071 - WARNING - Retrying (Retry(total=1, connect=None, read=None, redirect=None, status=None)) after connection broken by 'ReadTimeoutError("HTTPSConnectionPool(host='nominatim.openstreetmap.org', port=443): Read timed out. (read timeout=1)")': /search?q=Department+of+Earth+and+Atmospheric+Sciences%2C+University+of+Houston&format=json&limit=1
2025-04-27 22:46:22,814 - WARNING - Retrying (Retry(total=1, connect=None, read=None, redirect=None, status=None)) after connection broken by 'ReadTimeoutError("HTTPSConnectionPool(host='nominatim.openstreetmap.org', port=443): Read timed out. (read timeout=1)")': /search?q=University+of+Houston&format=json&limit=1
2025-04-27 22:46:24,788 - WARNING - Retrying (Retry(total=1, connect=None, read=None, redirect=None, status=None)) after connection broken by 'ReadTimeoutError("HTTPSConnectionPool(host='nominatim.openstreetmap.org', port=443): Read timed out. (read timeout=1)")': /reverse?lat=29.7207902&lon=-95.3440627&format=json&accept-language=en&addressdetails=1
2025-04-27 22:46:27,792 - WARNING - Retrying (Retry(total=1, connect=None, read=None, redirect=None, status=None)) after connection broken by 'ReadTimeoutError("HTTPSConnectionPool(host='nominatim.openstreetmap.org', port=443): Read timed out. (read timeout=1)")': /reverse?lat=40.0022905&lon=116.320963&format=json&accept-language=en&addressdetails=1
2025-04-27 22:46:30,806 - WARNING - Retrying (Retry(total=1, connect=None, read=None, redirect=None, status=None)) after connection broken by 'ReadTimeoutError("HTTPSConnectionPool(host='nominatim.openstreetmap.org', port=443): Read timed out. (read timeout=1)")': /reverse?lat=31.9078499&lon=34.8133409&format=json&accept-language=en&addressdetails=1
2025-04-27 22:46:32,858 - WARNING - Retrying (Retry(total=1, connect=None, read=None, redirect=None, status=None)) after connection broken by 'ReadTimeoutError("HTTPSConnectionPool(host='nominatim.openstreetmap.org', port=443): Read timed out. (read timeout=1)")': /search?q=Professor+of+Psychology%2C+Ryerson+University&format=json&limit=1
2025-04-27 22:46:36,877 - WARNING - Retrying (Retry(total=1, connect=None, read=None, redirect=None, status=None)) after connection broken by 'ReadTimeoutError("HTTPSConnectionPool(host='nominatim.openstreetmap.org', port=443): Read timed out. (read timeout=1)")': /search?q=University+of+California&format=json&limit=1
2025-04-27 22:46:39,831 - WARNING - Retrying (Retry(total=1, connect=None, read=None, redirect=None, status=None)) after connection broken by 'ReadTimeoutError("HTTPSConnectionPool(host='nominatim.openstreetmap.org', port=443): Read timed out. (read timeout=1)")': /search?q=Xi%27an+Jiaotong+University&format=json&limit=1
2025-04-27 22:46:42,888 - WARNING - Retrying (Retry(total=1, connect=None, read=None, redirect=None, status=None)) after connection broken by 'ReadTimeoutError("HTTPSConnectionPool(host='nominatim.openstreetmap.org', port=443): Read timed out. (read timeout=1)")': /search?q=Atmospheric+Sciences&format=json&limit=1
2025-04-27 22:46:45,834 - WARNING - Retrying (Retry(total=1, connect=None, read=None, redirect=None, status=None)) after connection broken by 'ReadTimeoutError("HTTPSConnectionPool(host='nominatim.openstreetmap.org', port=443): Read timed out. (read timeout=1)")': /search?q=MIT&format=json&limit=1
2025-04-27 22:46:48,837 - WARNING - Retrying (Retry(total=1, connect=None, read=None, redirect=None, status=None)) after connection broken by 'ReadTimeoutError("HTTPSConnectionPool(host='nominatim.openstreetmap.org', port=443): Read timed out. (read timeout=1)")': /search?q=Professor+of+Geophysics%2C++Department+of+Physics%2C+University+of+Alberta&format=json&limit=1
2025-04-27 22:46:50,918 - WARNING - Retrying (Retry(total=1, connect=None, read=None, redirect=None, status=None)) after connection broken by 'ReadTimeoutError("HTTPSConnectionPool(host='nominatim.openstreetmap.org', port=443): Read timed out. (read timeout=1)")': /search?q=Professor+of+Geophysics%2C++Department+of+Physics%2C+University+of+Alberta&format=json&limit=1
2025-04-27 22:46:54,824 - WARNING - Retrying (Retry(total=1, connect=None, read=None, redirect=None, status=None)) after connection broken by 'ReadTimeoutError("HTTPSConnectionPool(host='nominatim.openstreetmap.org', port=443): Read timed out. (read timeout=1)")': /reverse?lat=30.6108618&lon=-96.3520606&format=json&accept-language=en&addressdetails=1
2025-04-27 22:46:56,808 - WARNING - Retrying (Retry(total=1, connect=None, read=None, redirect=None, status=None)) after connection broken by 'ReadTimeoutError("HTTPSConnectionPool(host='nominatim.openstreetmap.org', port=443): Read timed out. (read timeout=1)")': /search?q=Jilin+University+%26+Uppsala+University&format=json&limit=1
2025-04-27 22:46:59,867 - WARNING - Retrying (Retry(total=1, connect=None, read=None, redirect=None, status=None)) after connection broken by 'ReadTimeoutError("HTTPSConnectionPool(host='nominatim.openstreetmap.org', port=443): Read timed out. (read timeout=1)")': /search?q=Jilin+University+%26+Uppsala+University&format=json&limit=1
2025-04-27 22:47:02,755 - WARNING - Retrying (Retry(total=1, connect=None, read=None, redirect=None, status=None)) after connection broken by 'ReadTimeoutError("HTTPSConnectionPool(host='nominatim.openstreetmap.org', port=443): Read timed out. (read timeout=1)")': /search?q=National+University+%22Lvivska+Polytechnika%22&format=json&limit=1
2025-04-27 22:47:05,760 - WARNING - Retrying (Retry(total=1, connect=None, read=None, redirect=None, status=None)) after connection broken by 'ReadTimeoutError("HTTPSConnectionPool(host='nominatim.openstreetmap.org', port=443): Read timed out. (read timeout=1)")': /search?q=Gowell+%7C+University+of+Houston&format=json&limit=1
2025-04-27 22:47:07,897 - WARNING - Retrying (Retry(total=1, connect=None, read=None, redirect=None, status=None)) after connection broken by 'ReadTimeoutError("HTTPSConnectionPool(host='nominatim.openstreetmap.org', port=443): Read timed out. (read timeout=1)")': /search?q=Gowell+%7C+University+of+Houston&format=json&limit=1
2025-04-27 22:47:09,856 - WARNING - Retrying (Retry(total=1, connect=None, read=None, redirect=None, status=None)) after connection broken by 'ReadTimeoutError("HTTPSConnectionPool(host='nominatim.openstreetmap.org', port=443): Read timed out. (read timeout=1)")': /search?q=Gowell+%7C+University+of+Houston&format=json&limit=1
2025-04-27 22:47:11,870 - WARNING - Retrying (Retry(total=1, connect=None, read=None, redirect=None, status=None)) after connection broken by 'ReadTimeoutError("HTTPSConnectionPool(host='nominatim.openstreetmap.org', port=443): Read timed out. (read timeout=1)")': /search?q=El+Paso&format=json&limit=1
2025-04-27 22:47:13,171 - WARNING - Retrying (Retry(total=0, connect=None, read=None, redirect=None, status=None)) after connection broken by 'ReadTimeoutError("HTTPSConnectionPool(host='nominatim.openstreetmap.org', port=443): Read timed out. (read timeout=1)")': /search?q=El+Paso&format=json&limit=1
2025-04-27 22:47:15,861 - WARNING - Retrying (Retry(total=1, connect=None, read=None, redirect=None, status=None)) after connection broken by 'ReadTimeoutError("HTTPSConnectionPool(host='nominatim.openstreetmap.org', port=443): Read timed out. (read timeout=1)")': /search?q=Earth&format=json&limit=1
2025-04-27 22:47:17,918 - WARNING - Retrying (Retry(total=1, connect=None, read=None, redirect=None, status=None)) after connection broken by 'ReadTimeoutError("HTTPSConnectionPool(host='nominatim.openstreetmap.org', port=443): Read timed out. (read timeout=1)")': /reverse?lat=34.2331373&lon=-102.4107493&format=json&accept-language=en&addressdetails=1
2025-04-27 22:47:19,841 - WARNING - Retrying (Retry(total=1, connect=None, read=None, redirect=None, status=None)) after connection broken by 'ReadTimeoutError("HTTPSConnectionPool(host='nominatim.openstreetmap.org', port=443): Read timed out. (read timeout=1)")': /search?q=Earth%2C+Ocean+and+Atmospheric+Sciences%2C+University+of+British+Columbia&format=json&limit=1
2025-04-27 22:47:21,973 - WARNING - Retrying (Retry(total=1, connect=None, read=None, redirect=None, status=None)) after connection broken by 'ReadTimeoutError("HTTPSConnectionPool(host='nominatim.openstreetmap.org', port=443): Read timed out. (read timeout=1)")': /search?q=Earth%2C+Ocean+and+Atmospheric+Sciences%2C+University+of+British+Columbia&format=json&limit=1
2025-04-27 22:47:23,892 - WARNING - Retrying (Retry(total=1, connect=None, read=None, redirect=None, status=None)) after connection broken by 'ReadTimeoutError("HTTPSConnectionPool(host='nominatim.openstreetmap.org', port=443): Read timed out. (read timeout=1)")': /search?q=Earth%2C+Ocean+and+Atmospheric+Sciences%2C+University+of+British+Columbia&format=json&limit=1
2025-04-27 22:47:25,982 - WARNING - Retrying (Retry(total=1, connect=None, read=None, redirect=None, status=None)) after connection broken by 'ReadTimeoutError("HTTPSConnectionPool(host='nominatim.openstreetmap.org', port=443): Read timed out. (read timeout=1)")': /search?q=Technology&format=json&limit=1
2025-04-27 22:47:27,251 - WARNING - Retrying (Retry(total=0, connect=None, read=None, redirect=None, status=None)) after connection broken by 'ReadTimeoutError("HTTPSConnectionPool(host='nominatim.openstreetmap.org', port=443): Read timed out. (read timeout=1)")': /search?q=Technology&format=json&limit=1
2025-04-27 22:47:29,798 - WARNING - Retrying (Retry(total=1, connect=None, read=None, redirect=None, status=None)) after connection broken by 'ReadTimeoutError("HTTPSConnectionPool(host='nominatim.openstreetmap.org', port=443): Read timed out. (read timeout=1)")': /search?q=Technology&format=json&limit=1
2025-04-27 22:47:31,091 - WARNING - Retrying (Retry(total=0, connect=None, read=None, redirect=None, status=None)) after connection broken by 'ReadTimeoutError("HTTPSConnectionPool(host='nominatim.openstreetmap.org', port=443): Read timed out. (read timeout=1)")': /search?q=Technology&format=json&limit=1
2025-04-27 22:47:33,647 - WARNING - Retrying (Retry(total=1, connect=None, read=None, redirect=None, status=None)) after connection broken by 'ReadTimeoutError("HTTPSConnectionPool(host='nominatim.openstreetmap.org', port=443): Read timed out. (read timeout=1)")': /search?q=Technology&format=json&limit=1
2025-04-27 22:47:35,052 - WARNING - Retrying (Retry(total=1, connect=None, read=None, redirect=None, status=None)) after connection broken by 'ReadTimeoutError("HTTPSConnectionPool(host='nominatim.openstreetmap.org', port=443): Read timed out. (read timeout=1)")': /reverse?lat=-0.2912908&lon=36.0353719&format=json&accept-language=en&addressdetails=1
2025-04-27 22:47:36,344 - WARNING - Retrying (Retry(total=0, connect=None, read=None, redirect=None, status=None)) after connection broken by 'ReadTimeoutError("HTTPSConnectionPool(host='nominatim.openstreetmap.org', port=443): Read timed out. (read timeout=1)")': /reverse?lat=-0.2912908&lon=36.0353719&format=json&accept-language=en&addressdetails=1
